time PM UID PID kB_rd/s kB_wr/s kB_ccwr/s Command
07:16:29 PM 1006 279210 741464.00 7516.00 0.00 wcc
07:16:30 PM 1006 279210 640816.00 15032.00 0.00 wcc
07:16:31 PM 1006 279210 686628.00 7516.00 0.00 wcc
07:16:32 PM 1006 279210 570768.00 44472.00 0.00 wcc
07:16:33 PM 1006 279210 646360.40 20372.28 0.00 wcc
07:16:34 PM 1006 279210 836996.00 7488.00 0.00 wcc
07:16:35 PM 1006 279210 1070276.00 10592.00 0.00 wcc
07:16:36 PM 1006 279210 966016.00 13168.00 0.00 wcc
07:16:37 PM 1006 279210 816908.00 15264.00 0.00 wcc
07:16:38 PM 1006 279210 824704.00 21824.00 0.00 wcc
07:16:39 PM 1006 279210 825088.00 20788.00 0.00 wcc
07:16:40 PM 1006 279210 956108.00 16952.00 0.00 wcc
07:16:41 PM 1006 279210 991328.00 16756.00 0.00 wcc
07:16:42 PM 1006 279210 708079.21 4780.20 0.00 wcc
07:16:43 PM 1006 279210 901276.00 0.00 0.00 wcc
07:16:44 PM 1006 279210 623860.00 0.00 0.00 wcc
07:16:45 PM 1006 279210 692352.00 0.00 0.00 wcc
07:16:46 PM 1006 279210 622424.00 288.00 0.00 wcc
07:16:47 PM 1006 279210 718376.00 4.00 0.00 wcc
07:16:48 PM 1006 279210 1091536.00 4.00 0.00 wcc
07:16:49 PM 1006 279210 869236.00 0.00 0.00 wcc
07:16:50 PM 1006 279210 821712.00 0.00 0.00 wcc
07:16:51 PM 1006 279210 886944.00 0.00 0.00 wcc
07:16:52 PM 1006 279210 832680.00 32.00 0.00 wcc
07:16:53 PM 1006 279210 754132.00 4700.00 0.00 wcc
07:16:54 PM 1006 279210 684364.36 3.96 0.00 wcc
07:16:55 PM 1006 279210 858832.00 40.00 0.00 wcc
07:16:56 PM 1006 279210 1066552.00 0.00 0.00 wcc
07:16:57 PM 1006 279210 742812.00 13252.00 0.00 wcc
07:16:58 PM 1006 279210 677136.00 7684.00 0.00 wcc
07:16:59 PM 1006 279210 606656.00 10760.00 0.00 wcc
07:17:00 PM 1006 279210 523608.00 6600.00 0.00 wcc
07:17:01 PM 1006 279210 742448.00 7380.00 0.00 wcc
07:17:02 PM 1006 279210 951412.00 4796.00 0.00 wcc
07:17:03 PM 1006 279210 998835.64 4562.38 0.00 wcc
07:17:04 PM 1006 279210 711808.00 3916.00 0.00 wcc
07:17:05 PM 1006 279210 944928.00 6928.00 0.00 wcc
07:17:06 PM 1006 279210 934384.00 6800.00 0.00 wcc
07:17:07 PM 1006 279210 820600.00 6728.00 0.00 wcc
07:17:08 PM 1006 279210 802912.00 4944.00 0.00 wcc
07:17:09 PM 1006 279210 865328.00 5940.00 0.00 wcc
07:17:10 PM 1006 279210 1028964.00 3580.00 0.00 wcc
07:17:11 PM 1006 279210 679220.00 2640.00 0.00 wcc
07:17:12 PM 1006 279210 765740.00 2588.00 0.00 wcc
07:17:13 PM 1006 279210 751452.00 940.00 0.00 wcc
07:17:14 PM 1006 279210 676368.32 657.43 0.00 wcc
07:17:15 PM 1006 279210 769124.00 424.00 0.00 wcc
07:17:16 PM 1006 279210 905640.00 284.00 0.00 wcc
07:17:17 PM 1006 279210 955868.00 388.00 0.00 wcc
07:17:18 PM 1006 279210 803204.00 284.00 0.00 wcc
07:17:19 PM 1006 279210 693812.00 276.00 0.00 wcc
07:17:20 PM 1006 279210 946608.00 612.00 0.00 wcc
07:17:21 PM 1006 279210 887436.00 544.00 0.00 wcc
07:17:22 PM 1006 279210 901020.00 596.00 0.00 wcc
07:17:23 PM 1006 279210 764388.00 356.00 0.00 wcc
07:17:24 PM 1006 279210 951044.00 276.00 0.00 wcc
07:17:25 PM 1006 279210 658312.00 256.00 0.00 wcc
07:17:26 PM 1006 279210 771706.93 340.59 0.00 wcc
07:17:27 PM 1006 279210 698492.00 404.00 0.00 wcc
07:17:28 PM 1006 279210 410176.00 228.00 0.00 wcc
07:17:29 PM 1006 279210 652088.00 52.00 0.00 wcc
07:17:30 PM 1006 279210 733860.00 104.00 0.00 wcc
07:17:31 PM 1006 279210 889848.00 136.00 0.00 wcc
07:17:32 PM 1006 279210 741576.00 136.00 0.00 wcc
07:17:33 PM 1006 279210 807288.00 44.00 0.00 wcc
07:17:34 PM 1006 279210 876524.00 100.00 0.00 wcc
07:17:35 PM 1006 279210 893060.00 128.00 0.00 wcc
07:17:36 PM 1006 279210 839968.00 80.00 0.00 wcc
07:17:37 PM 1006 279210 895020.00 44.00 0.00 wcc
07:17:38 PM 1006 279210 922000.00 51.49 0.00 wcc
07:17:39 PM 1006 279210 795916.00 40.00 0.00 wcc
07:17:40 PM 1006 279210 878748.00 72.00 0.00 wcc
07:17:41 PM 1006 279210 679404.00 56.00 0.00 wcc
07:17:42 PM 1006 279210 816652.00 36.00 0.00 wcc
07:17:43 PM 1006 279210 797288.00 24.00 0.00 wcc
07:17:44 PM 1006 279210 935960.00 24.00 0.00 wcc
07:17:45 PM 1006 279210 1018708.00 16.00 0.00 wcc
07:17:46 PM 1006 279210 877092.00 16.00 0.00 wcc
07:17:47 PM 1006 279210 1010883.17 3.96 0.00 wcc
07:17:48 PM 1006 279210 840508.00 8.00 0.00 wcc
07:17:49 PM 1006 279210 868556.00 8.00 0.00 wcc
07:17:50 PM 1006 279210 996300.00 0.00 0.00 wcc
07:17:51 PM 1006 279210 846828.00 0.00 0.00 wcc
07:17:52 PM 1006 279210 855964.00 4.00 0.00 wcc
07:17:53 PM 1006 279210 794352.00 4.00 0.00 wcc
07:17:54 PM 1006 279210 679048.00 0.00 0.00 wcc
07:17:55 PM 1006 279210 817568.00 16.00 0.00 wcc
07:17:56 PM 1006 279210 966036.00 4.00 0.00 wcc
07:17:57 PM 1006 279210 983084.00 4.00 0.00 wcc
07:17:58 PM 1006 279210 957300.00 0.00 0.00 wcc
07:17:59 PM 1006 279210 981085.15 0.00 0.00 wcc
07:18:00 PM 1006 279210 952776.00 0.00 0.00 wcc
07:18:01 PM 1006 279210 1030852.00 4.00 0.00 wcc
07:18:02 PM 1006 279210 946796.00 8.00 0.00 wcc
07:18:03 PM 1006 279210 268460.00 4.00 0.00 wcc
07:18:04 PM 1006 279210 0.00 0.00 0.00 wcc
07:18:05 PM 1006 279210 0.00 8.00 0.00 wcc
07:18:06 PM 1006 279210 0.00 0.00 0.00 wcc
07:18:07 PM 1006 279210 0.00 0.00 0.00 wcc
07:18:08 PM 1006 279210 0.00 0.00 0.00 wcc
07:18:09 PM 1006 279210 0.00 240544.00 0.00 wcc
07:18:10 PM 1006 279210 0.00 0.00 0.00 wcc
07:18:11 PM 1006 279210 0.00 0.00 0.00 wcc
07:18:12 PM 1006 279210 0.00 0.00 0.00 wcc
07:18:13 PM 1006 279210 0.00 0.00 0.00 wcc
