Performing C SOURCE FILE Test CMAKE_HAVE_LIBC_PTHREAD failed with the following output:
Change Dir: /home/zhuxiaoke/project/graph_computing/MiniGraph/cmake-build-debug-sics-research/CMakeFiles/CMakeTmp

Run Build Command(s):/usr/bin/gmake cmTC_392b3/fast && /usr/bin/gmake -f CMakeFiles/cmTC_392b3.dir/build.make CMakeFiles/cmTC_392b3.dir/build
gmake[1]: Entering directory `/home/zhuxiaoke/project/graph_computing/MiniGraph/cmake-build-debug-sics-research/CMakeFiles/CMakeTmp'
Building C object CMakeFiles/cmTC_392b3.dir/src.c.o
/usr/local/bin/cc   -O0 -DCMAKE_HAVE_LIBC_PTHREAD   -o CMakeFiles/cmTC_392b3.dir/src.c.o   -c /home/zhuxiaoke/project/graph_computing/MiniGraph/cmake-build-debug-sics-research/CMakeFiles/CMakeTmp/src.c
Linking C executable cmTC_392b3
/usr/local/bin/cmake -E cmake_link_script CMakeFiles/cmTC_392b3.dir/link.txt --verbose=1
/usr/local/bin/cc  -O0 -DCMAKE_HAVE_LIBC_PTHREAD    -rdynamic CMakeFiles/cmTC_392b3.dir/src.c.o  -o cmTC_392b3 
CMakeFiles/cmTC_392b3.dir/src.c.o: In function `main':
src.c:(.text+0x2d): undefined reference to `pthread_create'
src.c:(.text+0x39): undefined reference to `pthread_detach'
src.c:(.text+0x4a): undefined reference to `pthread_join'
src.c:(.text+0x5e): undefined reference to `pthread_atfork'
collect2: error: ld returned 1 exit status
gmake[1]: *** [cmTC_392b3] Error 1
gmake[1]: Leaving directory `/home/zhuxiaoke/project/graph_computing/MiniGraph/cmake-build-debug-sics-research/CMakeFiles/CMakeTmp'
gmake: *** [cmTC_392b3/fast] Error 2


Source file was:
#include <pthread.h>

void* test_func(void* data)
{
  return data;
}

int main(void)
{
  pthread_t thread;
  pthread_create(&thread, NULL, test_func, NULL);
  pthread_detach(thread);
  pthread_join(thread, NULL);
  pthread_atfork(NULL, NULL, NULL);
  pthread_exit(NULL);

  return 0;
}

Determining if the function pthread_create exists in the pthreads failed with the following output:
Change Dir: /home/zhuxiaoke/project/graph_computing/MiniGraph/cmake-build-debug-sics-research/CMakeFiles/CMakeTmp

Run Build Command(s):/usr/bin/gmake cmTC_73c74/fast && /usr/bin/gmake -f CMakeFiles/cmTC_73c74.dir/build.make CMakeFiles/cmTC_73c74.dir/build
gmake[1]: Entering directory `/home/zhuxiaoke/project/graph_computing/MiniGraph/cmake-build-debug-sics-research/CMakeFiles/CMakeTmp'
Building C object CMakeFiles/cmTC_73c74.dir/CheckFunctionExists.c.o
/usr/local/bin/cc   -O0 -DCHECK_FUNCTION_EXISTS=pthread_create   -o CMakeFiles/cmTC_73c74.dir/CheckFunctionExists.c.o   -c /usr/local/share/cmake-3.16/Modules/CheckFunctionExists.c
Linking C executable cmTC_73c74
/usr/local/bin/cmake -E cmake_link_script CMakeFiles/cmTC_73c74.dir/link.txt --verbose=1
/usr/local/bin/cc  -O0 -DCHECK_FUNCTION_EXISTS=pthread_create    -rdynamic CMakeFiles/cmTC_73c74.dir/CheckFunctionExists.c.o  -o cmTC_73c74  -lpthreads 
/usr/bin/ld: cannot find -lpthreads
collect2: error: ld returned 1 exit status
gmake[1]: *** [cmTC_73c74] Error 1
gmake[1]: Leaving directory `/home/zhuxiaoke/project/graph_computing/MiniGraph/cmake-build-debug-sics-research/CMakeFiles/CMakeTmp'
gmake: *** [cmTC_73c74/fast] Error 2



