The system is: Linux - 3.10.0-1127.13.1.el7.x86_64 - x86_64
Compiling the C compiler identification source file "CMakeCCompilerId.c" succeeded.
Compiler: /usr/local/bin/cc 
Build flags: 
Id flags:  

The output was:
0


Compilation of the C compiler identification source "CMakeCCompilerId.c" produced "a.out"

The C compiler identification is GNU, found in "/home/zhuxiaoke/project/graph_computing/MiniGraph/cmake-build-debug-sics-research/CMakeFiles/3.16.1/CompilerIdC/a.out"

Compiling the CXX compiler identification source file "CMakeCXXCompilerId.cpp" succeeded.
Compiler: /usr/local/bin/c++ 
Build flags: 
Id flags:  

The output was:
0


Compilation of the CXX compiler identification source "CMakeCXXCompilerId.cpp" produced "a.out"

The CXX compiler identification is GNU, found in "/home/zhuxiaoke/project/graph_computing/MiniGraph/cmake-build-debug-sics-research/CMakeFiles/3.16.1/CompilerIdCXX/a.out"

Determining if the C compiler works passed with the following output:
Change Dir: /home/zhuxiaoke/project/graph_computing/MiniGraph/cmake-build-debug-sics-research/CMakeFiles/CMakeTmp

Run Build Command(s):/usr/bin/gmake cmTC_ac376/fast && /usr/bin/gmake -f CMakeFiles/cmTC_ac376.dir/build.make CMakeFiles/cmTC_ac376.dir/build
gmake[1]: Entering directory `/home/zhuxiaoke/project/graph_computing/MiniGraph/cmake-build-debug-sics-research/CMakeFiles/CMakeTmp'
Building C object CMakeFiles/cmTC_ac376.dir/testCCompiler.c.o
/usr/local/bin/cc    -o CMakeFiles/cmTC_ac376.dir/testCCompiler.c.o   -c /home/zhuxiaoke/project/graph_computing/MiniGraph/cmake-build-debug-sics-research/CMakeFiles/CMakeTmp/testCCompiler.c
Linking C executable cmTC_ac376
/usr/local/bin/cmake -E cmake_link_script CMakeFiles/cmTC_ac376.dir/link.txt --verbose=1
/usr/local/bin/cc      -rdynamic CMakeFiles/cmTC_ac376.dir/testCCompiler.c.o  -o cmTC_ac376 
gmake[1]: Leaving directory `/home/zhuxiaoke/project/graph_computing/MiniGraph/cmake-build-debug-sics-research/CMakeFiles/CMakeTmp'



Detecting C compiler ABI info compiled with the following output:
Change Dir: /home/zhuxiaoke/project/graph_computing/MiniGraph/cmake-build-debug-sics-research/CMakeFiles/CMakeTmp

Run Build Command(s):/usr/bin/gmake cmTC_63775/fast && /usr/bin/gmake -f CMakeFiles/cmTC_63775.dir/build.make CMakeFiles/cmTC_63775.dir/build
gmake[1]: Entering directory `/home/zhuxiaoke/project/graph_computing/MiniGraph/cmake-build-debug-sics-research/CMakeFiles/CMakeTmp'
Building C object CMakeFiles/cmTC_63775.dir/CMakeCCompilerABI.c.o
/usr/local/bin/cc   -v -o CMakeFiles/cmTC_63775.dir/CMakeCCompilerABI.c.o   -c /usr/local/share/cmake-3.16/Modules/CMakeCCompilerABI.c
Using built-in specs.
COLLECT_GCC=/usr/local/bin/cc
Target: x86_64-pc-linux-gnu
Configured with: ../configure --prefix=/usr/local/gcc-9.4.0/ --enable-checking=release --enable-languages=c,c++ --disable-multilib
Thread model: posix
gcc version 9.4.0 (GCC) 
COLLECT_GCC_OPTIONS='-v' '-o' 'CMakeFiles/cmTC_63775.dir/CMakeCCompilerABI.c.o' '-c' '-mtune=generic' '-march=x86-64'
 /usr/local/gcc-9.4.0/libexec/gcc/x86_64-pc-linux-gnu/9.4.0/cc1 -quiet -v /usr/local/share/cmake-3.16/Modules/CMakeCCompilerABI.c -quiet -dumpbase CMakeCCompilerABI.c -mtune=generic -march=x86-64 -auxbase-strip CMakeFiles/cmTC_63775.dir/CMakeCCompilerABI.c.o -version -o /tmp/ccr3g64k.s
GNU C17 (GCC) version 9.4.0 (x86_64-pc-linux-gnu)
	compiled by GNU C version 9.4.0, GMP version 6.1.0, MPFR version 3.1.4, MPC version 1.0.3, isl version isl-0.18-GMP

GGC heuristics: --param ggc-min-expand=100 --param ggc-min-heapsize=131072
ignoring nonexistent directory "/usr/local/gcc-9.4.0/lib/gcc/x86_64-pc-linux-gnu/9.4.0/../../../../x86_64-pc-linux-gnu/include"
ignoring duplicate directory "/usr/local/include"
  as it is a non-system directory that duplicates a system directory
#include "..." search starts here:
#include <...> search starts here:
 .
 /usr/local/gcc-9.4.0/lib/gcc/x86_64-pc-linux-gnu/9.4.0/include
 /usr/local/include
 /usr/local/gcc-9.4.0/include
 /usr/local/gcc-9.4.0/lib/gcc/x86_64-pc-linux-gnu/9.4.0/include-fixed
 /usr/include
End of search list.
GNU C17 (GCC) version 9.4.0 (x86_64-pc-linux-gnu)
	compiled by GNU C version 9.4.0, GMP version 6.1.0, MPFR version 3.1.4, MPC version 1.0.3, isl version isl-0.18-GMP

GGC heuristics: --param ggc-min-expand=100 --param ggc-min-heapsize=131072
Compiler executable checksum: 708e84fd2cd112ea237485dcf6907d41
COLLECT_GCC_OPTIONS='-v' '-o' 'CMakeFiles/cmTC_63775.dir/CMakeCCompilerABI.c.o' '-c' '-mtune=generic' '-march=x86-64'
 as -v --64 -o CMakeFiles/cmTC_63775.dir/CMakeCCompilerABI.c.o /tmp/ccr3g64k.s
GNU assembler version 2.27 (x86_64-redhat-linux) using BFD version version 2.27-27.base.el7
COMPILER_PATH=/usr/local/gcc-9.4.0/libexec/gcc/x86_64-pc-linux-gnu/9.4.0/:/usr/local/gcc-9.4.0/libexec/gcc/x86_64-pc-linux-gnu/9.4.0/:/usr/local/gcc-9.4.0/libexec/gcc/x86_64-pc-linux-gnu/:/usr/local/gcc-9.4.0/lib/gcc/x86_64-pc-linux-gnu/9.4.0/:/usr/local/gcc-9.4.0/lib/gcc/x86_64-pc-linux-gnu/
LIBRARY_PATH=/usr/local/gcc-9.4.0/lib/gcc/x86_64-pc-linux-gnu/9.4.0/:/usr/local/gcc-9.4.0/lib/gcc/x86_64-pc-linux-gnu/9.4.0/../../../../lib64/:/lib/../lib64/:/usr/lib/../lib64/:/usr/local/gcc-9.4.0/lib/gcc/x86_64-pc-linux-gnu/9.4.0/../../../:/lib/:/usr/lib/
COLLECT_GCC_OPTIONS='-v' '-o' 'CMakeFiles/cmTC_63775.dir/CMakeCCompilerABI.c.o' '-c' '-mtune=generic' '-march=x86-64'
Linking C executable cmTC_63775
/usr/local/bin/cmake -E cmake_link_script CMakeFiles/cmTC_63775.dir/link.txt --verbose=1
/usr/local/bin/cc     -v -rdynamic CMakeFiles/cmTC_63775.dir/CMakeCCompilerABI.c.o  -o cmTC_63775 
Using built-in specs.
COLLECT_GCC=/usr/local/bin/cc
COLLECT_LTO_WRAPPER=/usr/local/gcc-9.4.0/libexec/gcc/x86_64-pc-linux-gnu/9.4.0/lto-wrapper
Target: x86_64-pc-linux-gnu
Configured with: ../configure --prefix=/usr/local/gcc-9.4.0/ --enable-checking=release --enable-languages=c,c++ --disable-multilib
Thread model: posix
gcc version 9.4.0 (GCC) 
COMPILER_PATH=/usr/local/gcc-9.4.0/libexec/gcc/x86_64-pc-linux-gnu/9.4.0/:/usr/local/gcc-9.4.0/libexec/gcc/x86_64-pc-linux-gnu/9.4.0/:/usr/local/gcc-9.4.0/libexec/gcc/x86_64-pc-linux-gnu/:/usr/local/gcc-9.4.0/lib/gcc/x86_64-pc-linux-gnu/9.4.0/:/usr/local/gcc-9.4.0/lib/gcc/x86_64-pc-linux-gnu/
LIBRARY_PATH=/usr/local/gcc-9.4.0/lib/gcc/x86_64-pc-linux-gnu/9.4.0/:/usr/local/gcc-9.4.0/lib/gcc/x86_64-pc-linux-gnu/9.4.0/../../../../lib64/:/lib/../lib64/:/usr/lib/../lib64/:/usr/local/gcc-9.4.0/lib/gcc/x86_64-pc-linux-gnu/9.4.0/../../../:/lib/:/usr/lib/
COLLECT_GCC_OPTIONS='-v' '-rdynamic' '-o' 'cmTC_63775' '-mtune=generic' '-march=x86-64'
 /usr/local/gcc-9.4.0/libexec/gcc/x86_64-pc-linux-gnu/9.4.0/collect2 -plugin /usr/local/gcc-9.4.0/libexec/gcc/x86_64-pc-linux-gnu/9.4.0/liblto_plugin.so -plugin-opt=/usr/local/gcc-9.4.0/libexec/gcc/x86_64-pc-linux-gnu/9.4.0/lto-wrapper -plugin-opt=-fresolution=/tmp/cciPDXur.res -plugin-opt=-pass-through=-lgcc -plugin-opt=-pass-through=-lgcc_s -plugin-opt=-pass-through=-lc -plugin-opt=-pass-through=-lgcc -plugin-opt=-pass-through=-lgcc_s --eh-frame-hdr -m elf_x86_64 -export-dynamic -dynamic-linker /lib64/ld-linux-x86-64.so.2 -o cmTC_63775 /lib/../lib64/crt1.o /lib/../lib64/crti.o /usr/local/gcc-9.4.0/lib/gcc/x86_64-pc-linux-gnu/9.4.0/crtbegin.o -L/usr/local/gcc-9.4.0/lib/gcc/x86_64-pc-linux-gnu/9.4.0 -L/usr/local/gcc-9.4.0/lib/gcc/x86_64-pc-linux-gnu/9.4.0/../../../../lib64 -L/lib/../lib64 -L/usr/lib/../lib64 -L/usr/local/gcc-9.4.0/lib/gcc/x86_64-pc-linux-gnu/9.4.0/../../.. CMakeFiles/cmTC_63775.dir/CMakeCCompilerABI.c.o -lgcc --as-needed -lgcc_s --no-as-needed -lc -lgcc --as-needed -lgcc_s --no-as-needed /usr/local/gcc-9.4.0/lib/gcc/x86_64-pc-linux-gnu/9.4.0/crtend.o /lib/../lib64/crtn.o
COLLECT_GCC_OPTIONS='-v' '-rdynamic' '-o' 'cmTC_63775' '-mtune=generic' '-march=x86-64'
gmake[1]: Leaving directory `/home/zhuxiaoke/project/graph_computing/MiniGraph/cmake-build-debug-sics-research/CMakeFiles/CMakeTmp'



Parsed C implicit include dir info from above output: rv=done
  found start of include info
  found start of implicit include info
    add: [.]
    add: [/usr/local/gcc-9.4.0/lib/gcc/x86_64-pc-linux-gnu/9.4.0/include]
    add: [/usr/local/include]
    add: [/usr/local/gcc-9.4.0/include]
    add: [/usr/local/gcc-9.4.0/lib/gcc/x86_64-pc-linux-gnu/9.4.0/include-fixed]
    add: [/usr/include]
  end of search list found
  skipping relative include dir [.]
  collapse include dir [/usr/local/gcc-9.4.0/lib/gcc/x86_64-pc-linux-gnu/9.4.0/include] ==> [/usr/local/gcc-9.4.0/lib/gcc/x86_64-pc-linux-gnu/9.4.0/include]
  collapse include dir [/usr/local/include] ==> [/usr/local/include]
  collapse include dir [/usr/local/gcc-9.4.0/include] ==> [/usr/local/gcc-9.4.0/include]
  collapse include dir [/usr/local/gcc-9.4.0/lib/gcc/x86_64-pc-linux-gnu/9.4.0/include-fixed] ==> [/usr/local/gcc-9.4.0/lib/gcc/x86_64-pc-linux-gnu/9.4.0/include-fixed]
  collapse include dir [/usr/include] ==> [/usr/include]
  implicit include dirs: [/usr/local/gcc-9.4.0/lib/gcc/x86_64-pc-linux-gnu/9.4.0/include;/usr/local/include;/usr/local/gcc-9.4.0/include;/usr/local/gcc-9.4.0/lib/gcc/x86_64-pc-linux-gnu/9.4.0/include-fixed;/usr/include]


Parsed C implicit link information from above output:
  link line regex: [^( *|.*[/\])(ld|CMAKE_LINK_STARTFILE-NOTFOUND|([^/\]+-)?ld|collect2)[^/\]*( |$)]
  ignore line: [Change Dir: /home/zhuxiaoke/project/graph_computing/MiniGraph/cmake-build-debug-sics-research/CMakeFiles/CMakeTmp]
  ignore line: []
  ignore line: [Run Build Command(s):/usr/bin/gmake cmTC_63775/fast && /usr/bin/gmake -f CMakeFiles/cmTC_63775.dir/build.make CMakeFiles/cmTC_63775.dir/build]
  ignore line: [gmake[1]: Entering directory `/home/zhuxiaoke/project/graph_computing/MiniGraph/cmake-build-debug-sics-research/CMakeFiles/CMakeTmp']
  ignore line: [Building C object CMakeFiles/cmTC_63775.dir/CMakeCCompilerABI.c.o]
  ignore line: [/usr/local/bin/cc   -v -o CMakeFiles/cmTC_63775.dir/CMakeCCompilerABI.c.o   -c /usr/local/share/cmake-3.16/Modules/CMakeCCompilerABI.c]
  ignore line: [Using built-in specs.]
  ignore line: [COLLECT_GCC=/usr/local/bin/cc]
  ignore line: [Target: x86_64-pc-linux-gnu]
  ignore line: [Configured with: ../configure --prefix=/usr/local/gcc-9.4.0/ --enable-checking=release --enable-languages=c c++ --disable-multilib]
  ignore line: [Thread model: posix]
  ignore line: [gcc version 9.4.0 (GCC) ]
  ignore line: [COLLECT_GCC_OPTIONS='-v' '-o' 'CMakeFiles/cmTC_63775.dir/CMakeCCompilerABI.c.o' '-c' '-mtune=generic' '-march=x86-64']
  ignore line: [ /usr/local/gcc-9.4.0/libexec/gcc/x86_64-pc-linux-gnu/9.4.0/cc1 -quiet -v /usr/local/share/cmake-3.16/Modules/CMakeCCompilerABI.c -quiet -dumpbase CMakeCCompilerABI.c -mtune=generic -march=x86-64 -auxbase-strip CMakeFiles/cmTC_63775.dir/CMakeCCompilerABI.c.o -version -o /tmp/ccr3g64k.s]
  ignore line: [GNU C17 (GCC) version 9.4.0 (x86_64-pc-linux-gnu)]
  ignore line: [	compiled by GNU C version 9.4.0  GMP version 6.1.0  MPFR version 3.1.4  MPC version 1.0.3  isl version isl-0.18-GMP]
  ignore line: []
  ignore line: [GGC heuristics: --param ggc-min-expand=100 --param ggc-min-heapsize=131072]
  ignore line: [ignoring nonexistent directory "/usr/local/gcc-9.4.0/lib/gcc/x86_64-pc-linux-gnu/9.4.0/../../../../x86_64-pc-linux-gnu/include"]
  ignore line: [ignoring duplicate directory "/usr/local/include"]
  ignore line: [  as it is a non-system directory that duplicates a system directory]
  ignore line: [#include "..." search starts here:]
  ignore line: [#include <...> search starts here:]
  ignore line: [ .]
  ignore line: [ /usr/local/gcc-9.4.0/lib/gcc/x86_64-pc-linux-gnu/9.4.0/include]
  ignore line: [ /usr/local/include]
  ignore line: [ /usr/local/gcc-9.4.0/include]
  ignore line: [ /usr/local/gcc-9.4.0/lib/gcc/x86_64-pc-linux-gnu/9.4.0/include-fixed]
  ignore line: [ /usr/include]
  ignore line: [End of search list.]
  ignore line: [GNU C17 (GCC) version 9.4.0 (x86_64-pc-linux-gnu)]
  ignore line: [	compiled by GNU C version 9.4.0  GMP version 6.1.0  MPFR version 3.1.4  MPC version 1.0.3  isl version isl-0.18-GMP]
  ignore line: []
  ignore line: [GGC heuristics: --param ggc-min-expand=100 --param ggc-min-heapsize=131072]
  ignore line: [Compiler executable checksum: 708e84fd2cd112ea237485dcf6907d41]
  ignore line: [COLLECT_GCC_OPTIONS='-v' '-o' 'CMakeFiles/cmTC_63775.dir/CMakeCCompilerABI.c.o' '-c' '-mtune=generic' '-march=x86-64']
  ignore line: [ as -v --64 -o CMakeFiles/cmTC_63775.dir/CMakeCCompilerABI.c.o /tmp/ccr3g64k.s]
  ignore line: [GNU assembler version 2.27 (x86_64-redhat-linux) using BFD version version 2.27-27.base.el7]
  ignore line: [COMPILER_PATH=/usr/local/gcc-9.4.0/libexec/gcc/x86_64-pc-linux-gnu/9.4.0/:/usr/local/gcc-9.4.0/libexec/gcc/x86_64-pc-linux-gnu/9.4.0/:/usr/local/gcc-9.4.0/libexec/gcc/x86_64-pc-linux-gnu/:/usr/local/gcc-9.4.0/lib/gcc/x86_64-pc-linux-gnu/9.4.0/:/usr/local/gcc-9.4.0/lib/gcc/x86_64-pc-linux-gnu/]
  ignore line: [LIBRARY_PATH=/usr/local/gcc-9.4.0/lib/gcc/x86_64-pc-linux-gnu/9.4.0/:/usr/local/gcc-9.4.0/lib/gcc/x86_64-pc-linux-gnu/9.4.0/../../../../lib64/:/lib/../lib64/:/usr/lib/../lib64/:/usr/local/gcc-9.4.0/lib/gcc/x86_64-pc-linux-gnu/9.4.0/../../../:/lib/:/usr/lib/]
  ignore line: [COLLECT_GCC_OPTIONS='-v' '-o' 'CMakeFiles/cmTC_63775.dir/CMakeCCompilerABI.c.o' '-c' '-mtune=generic' '-march=x86-64']
  ignore line: [Linking C executable cmTC_63775]
  ignore line: [/usr/local/bin/cmake -E cmake_link_script CMakeFiles/cmTC_63775.dir/link.txt --verbose=1]
  ignore line: [/usr/local/bin/cc     -v -rdynamic CMakeFiles/cmTC_63775.dir/CMakeCCompilerABI.c.o  -o cmTC_63775 ]
  ignore line: [Using built-in specs.]
  ignore line: [COLLECT_GCC=/usr/local/bin/cc]
  ignore line: [COLLECT_LTO_WRAPPER=/usr/local/gcc-9.4.0/libexec/gcc/x86_64-pc-linux-gnu/9.4.0/lto-wrapper]
  ignore line: [Target: x86_64-pc-linux-gnu]
  ignore line: [Configured with: ../configure --prefix=/usr/local/gcc-9.4.0/ --enable-checking=release --enable-languages=c c++ --disable-multilib]
  ignore line: [Thread model: posix]
  ignore line: [gcc version 9.4.0 (GCC) ]
  ignore line: [COMPILER_PATH=/usr/local/gcc-9.4.0/libexec/gcc/x86_64-pc-linux-gnu/9.4.0/:/usr/local/gcc-9.4.0/libexec/gcc/x86_64-pc-linux-gnu/9.4.0/:/usr/local/gcc-9.4.0/libexec/gcc/x86_64-pc-linux-gnu/:/usr/local/gcc-9.4.0/lib/gcc/x86_64-pc-linux-gnu/9.4.0/:/usr/local/gcc-9.4.0/lib/gcc/x86_64-pc-linux-gnu/]
  ignore line: [LIBRARY_PATH=/usr/local/gcc-9.4.0/lib/gcc/x86_64-pc-linux-gnu/9.4.0/:/usr/local/gcc-9.4.0/lib/gcc/x86_64-pc-linux-gnu/9.4.0/../../../../lib64/:/lib/../lib64/:/usr/lib/../lib64/:/usr/local/gcc-9.4.0/lib/gcc/x86_64-pc-linux-gnu/9.4.0/../../../:/lib/:/usr/lib/]
  ignore line: [COLLECT_GCC_OPTIONS='-v' '-rdynamic' '-o' 'cmTC_63775' '-mtune=generic' '-march=x86-64']
  link line: [ /usr/local/gcc-9.4.0/libexec/gcc/x86_64-pc-linux-gnu/9.4.0/collect2 -plugin /usr/local/gcc-9.4.0/libexec/gcc/x86_64-pc-linux-gnu/9.4.0/liblto_plugin.so -plugin-opt=/usr/local/gcc-9.4.0/libexec/gcc/x86_64-pc-linux-gnu/9.4.0/lto-wrapper -plugin-opt=-fresolution=/tmp/cciPDXur.res -plugin-opt=-pass-through=-lgcc -plugin-opt=-pass-through=-lgcc_s -plugin-opt=-pass-through=-lc -plugin-opt=-pass-through=-lgcc -plugin-opt=-pass-through=-lgcc_s --eh-frame-hdr -m elf_x86_64 -export-dynamic -dynamic-linker /lib64/ld-linux-x86-64.so.2 -o cmTC_63775 /lib/../lib64/crt1.o /lib/../lib64/crti.o /usr/local/gcc-9.4.0/lib/gcc/x86_64-pc-linux-gnu/9.4.0/crtbegin.o -L/usr/local/gcc-9.4.0/lib/gcc/x86_64-pc-linux-gnu/9.4.0 -L/usr/local/gcc-9.4.0/lib/gcc/x86_64-pc-linux-gnu/9.4.0/../../../../lib64 -L/lib/../lib64 -L/usr/lib/../lib64 -L/usr/local/gcc-9.4.0/lib/gcc/x86_64-pc-linux-gnu/9.4.0/../../.. CMakeFiles/cmTC_63775.dir/CMakeCCompilerABI.c.o -lgcc --as-needed -lgcc_s --no-as-needed -lc -lgcc --as-needed -lgcc_s --no-as-needed /usr/local/gcc-9.4.0/lib/gcc/x86_64-pc-linux-gnu/9.4.0/crtend.o /lib/../lib64/crtn.o]
    arg [/usr/local/gcc-9.4.0/libexec/gcc/x86_64-pc-linux-gnu/9.4.0/collect2] ==> ignore
    arg [-plugin] ==> ignore
    arg [/usr/local/gcc-9.4.0/libexec/gcc/x86_64-pc-linux-gnu/9.4.0/liblto_plugin.so] ==> ignore
    arg [-plugin-opt=/usr/local/gcc-9.4.0/libexec/gcc/x86_64-pc-linux-gnu/9.4.0/lto-wrapper] ==> ignore
    arg [-plugin-opt=-fresolution=/tmp/cciPDXur.res] ==> ignore
    arg [-plugin-opt=-pass-through=-lgcc] ==> ignore
    arg [-plugin-opt=-pass-through=-lgcc_s] ==> ignore
    arg [-plugin-opt=-pass-through=-lc] ==> ignore
    arg [-plugin-opt=-pass-through=-lgcc] ==> ignore
    arg [-plugin-opt=-pass-through=-lgcc_s] ==> ignore
    arg [--eh-frame-hdr] ==> ignore
    arg [-m] ==> ignore
    arg [elf_x86_64] ==> ignore
    arg [-export-dynamic] ==> ignore
    arg [-dynamic-linker] ==> ignore
    arg [/lib64/ld-linux-x86-64.so.2] ==> ignore
    arg [-o] ==> ignore
    arg [cmTC_63775] ==> ignore
    arg [/lib/../lib64/crt1.o] ==> ignore
    arg [/lib/../lib64/crti.o] ==> ignore
    arg [/usr/local/gcc-9.4.0/lib/gcc/x86_64-pc-linux-gnu/9.4.0/crtbegin.o] ==> ignore
    arg [-L/usr/local/gcc-9.4.0/lib/gcc/x86_64-pc-linux-gnu/9.4.0] ==> dir [/usr/local/gcc-9.4.0/lib/gcc/x86_64-pc-linux-gnu/9.4.0]
    arg [-L/usr/local/gcc-9.4.0/lib/gcc/x86_64-pc-linux-gnu/9.4.0/../../../../lib64] ==> dir [/usr/local/gcc-9.4.0/lib/gcc/x86_64-pc-linux-gnu/9.4.0/../../../../lib64]
    arg [-L/lib/../lib64] ==> dir [/lib/../lib64]
    arg [-L/usr/lib/../lib64] ==> dir [/usr/lib/../lib64]
    arg [-L/usr/local/gcc-9.4.0/lib/gcc/x86_64-pc-linux-gnu/9.4.0/../../..] ==> dir [/usr/local/gcc-9.4.0/lib/gcc/x86_64-pc-linux-gnu/9.4.0/../../..]
    arg [CMakeFiles/cmTC_63775.dir/CMakeCCompilerABI.c.o] ==> ignore
    arg [-lgcc] ==> lib [gcc]
    arg [--as-needed] ==> ignore
    arg [-lgcc_s] ==> lib [gcc_s]
    arg [--no-as-needed] ==> ignore
    arg [-lc] ==> lib [c]
    arg [-lgcc] ==> lib [gcc]
    arg [--as-needed] ==> ignore
    arg [-lgcc_s] ==> lib [gcc_s]
    arg [--no-as-needed] ==> ignore
    arg [/usr/local/gcc-9.4.0/lib/gcc/x86_64-pc-linux-gnu/9.4.0/crtend.o] ==> ignore
    arg [/lib/../lib64/crtn.o] ==> ignore
  collapse library dir [/usr/local/gcc-9.4.0/lib/gcc/x86_64-pc-linux-gnu/9.4.0] ==> [/usr/local/gcc-9.4.0/lib/gcc/x86_64-pc-linux-gnu/9.4.0]
  collapse library dir [/usr/local/gcc-9.4.0/lib/gcc/x86_64-pc-linux-gnu/9.4.0/../../../../lib64] ==> [/usr/local/gcc-9.4.0/lib64]
  collapse library dir [/lib/../lib64] ==> [/lib64]
  collapse library dir [/usr/lib/../lib64] ==> [/usr/lib64]
  collapse library dir [/usr/local/gcc-9.4.0/lib/gcc/x86_64-pc-linux-gnu/9.4.0/../../..] ==> [/usr/local/gcc-9.4.0/lib]
  implicit libs: [gcc;gcc_s;c;gcc;gcc_s]
  implicit dirs: [/usr/local/gcc-9.4.0/lib/gcc/x86_64-pc-linux-gnu/9.4.0;/usr/local/gcc-9.4.0/lib64;/lib64;/usr/lib64;/usr/local/gcc-9.4.0/lib]
  implicit fwks: []


Determining if the CXX compiler works passed with the following output:
Change Dir: /home/zhuxiaoke/project/graph_computing/MiniGraph/cmake-build-debug-sics-research/CMakeFiles/CMakeTmp

Run Build Command(s):/usr/bin/gmake cmTC_7e831/fast && /usr/bin/gmake -f CMakeFiles/cmTC_7e831.dir/build.make CMakeFiles/cmTC_7e831.dir/build
gmake[1]: Entering directory `/home/zhuxiaoke/project/graph_computing/MiniGraph/cmake-build-debug-sics-research/CMakeFiles/CMakeTmp'
Building CXX object CMakeFiles/cmTC_7e831.dir/testCXXCompiler.cxx.o
/usr/local/bin/c++     -o CMakeFiles/cmTC_7e831.dir/testCXXCompiler.cxx.o -c /home/zhuxiaoke/project/graph_computing/MiniGraph/cmake-build-debug-sics-research/CMakeFiles/CMakeTmp/testCXXCompiler.cxx
Linking CXX executable cmTC_7e831
/usr/local/bin/cmake -E cmake_link_script CMakeFiles/cmTC_7e831.dir/link.txt --verbose=1
/usr/local/bin/c++       -rdynamic CMakeFiles/cmTC_7e831.dir/testCXXCompiler.cxx.o  -o cmTC_7e831 
gmake[1]: Leaving directory `/home/zhuxiaoke/project/graph_computing/MiniGraph/cmake-build-debug-sics-research/CMakeFiles/CMakeTmp'



Detecting CXX compiler ABI info compiled with the following output:
Change Dir: /home/zhuxiaoke/project/graph_computing/MiniGraph/cmake-build-debug-sics-research/CMakeFiles/CMakeTmp

Run Build Command(s):/usr/bin/gmake cmTC_60dcb/fast && /usr/bin/gmake -f CMakeFiles/cmTC_60dcb.dir/build.make CMakeFiles/cmTC_60dcb.dir/build
gmake[1]: Entering directory `/home/zhuxiaoke/project/graph_computing/MiniGraph/cmake-build-debug-sics-research/CMakeFiles/CMakeTmp'
Building CXX object CMakeFiles/cmTC_60dcb.dir/CMakeCXXCompilerABI.cpp.o
/usr/local/bin/c++    -v -o CMakeFiles/cmTC_60dcb.dir/CMakeCXXCompilerABI.cpp.o -c /usr/local/share/cmake-3.16/Modules/CMakeCXXCompilerABI.cpp
Using built-in specs.
COLLECT_GCC=/usr/local/bin/c++
Target: x86_64-pc-linux-gnu
Configured with: ../configure --prefix=/usr/local/gcc-9.4.0/ --enable-checking=release --enable-languages=c,c++ --disable-multilib
Thread model: posix
gcc version 9.4.0 (GCC) 
COLLECT_GCC_OPTIONS='-v' '-o' 'CMakeFiles/cmTC_60dcb.dir/CMakeCXXCompilerABI.cpp.o' '-c' '-shared-libgcc' '-mtune=generic' '-march=x86-64'
 /usr/local/gcc-9.4.0/libexec/gcc/x86_64-pc-linux-gnu/9.4.0/cc1plus -quiet -v -D_GNU_SOURCE /usr/local/share/cmake-3.16/Modules/CMakeCXXCompilerABI.cpp -quiet -dumpbase CMakeCXXCompilerABI.cpp -mtune=generic -march=x86-64 -auxbase-strip CMakeFiles/cmTC_60dcb.dir/CMakeCXXCompilerABI.cpp.o -version -o /tmp/cc08pI1K.s
GNU C++14 (GCC) version 9.4.0 (x86_64-pc-linux-gnu)
	compiled by GNU C version 9.4.0, GMP version 6.1.0, MPFR version 3.1.4, MPC version 1.0.3, isl version isl-0.18-GMP

GGC heuristics: --param ggc-min-expand=100 --param ggc-min-heapsize=131072
ignoring nonexistent directory "/usr/local/gcc-9.4.0/lib/gcc/x86_64-pc-linux-gnu/9.4.0/../../../../x86_64-pc-linux-gnu/include"
ignoring duplicate directory "/usr/local/include"
  as it is a non-system directory that duplicates a system directory
#include "..." search starts here:
#include <...> search starts here:
 .
 /usr/local/gcc-9.4.0/lib/gcc/x86_64-pc-linux-gnu/9.4.0/../../../../include/c++/9.4.0
 /usr/local/gcc-9.4.0/lib/gcc/x86_64-pc-linux-gnu/9.4.0/../../../../include/c++/9.4.0/x86_64-pc-linux-gnu
 /usr/local/gcc-9.4.0/lib/gcc/x86_64-pc-linux-gnu/9.4.0/../../../../include/c++/9.4.0/backward
 /usr/local/gcc-9.4.0/lib/gcc/x86_64-pc-linux-gnu/9.4.0/include
 /usr/local/include
 /usr/local/gcc-9.4.0/include
 /usr/local/gcc-9.4.0/lib/gcc/x86_64-pc-linux-gnu/9.4.0/include-fixed
 /usr/include
End of search list.
GNU C++14 (GCC) version 9.4.0 (x86_64-pc-linux-gnu)
	compiled by GNU C version 9.4.0, GMP version 6.1.0, MPFR version 3.1.4, MPC version 1.0.3, isl version isl-0.18-GMP

GGC heuristics: --param ggc-min-expand=100 --param ggc-min-heapsize=131072
Compiler executable checksum: 631bf813fc3da49173b82272218a9de0
COLLECT_GCC_OPTIONS='-v' '-o' 'CMakeFiles/cmTC_60dcb.dir/CMakeCXXCompilerABI.cpp.o' '-c' '-shared-libgcc' '-mtune=generic' '-march=x86-64'
 as -v --64 -o CMakeFiles/cmTC_60dcb.dir/CMakeCXXCompilerABI.cpp.o /tmp/cc08pI1K.s
GNU assembler version 2.27 (x86_64-redhat-linux) using BFD version version 2.27-27.base.el7
COMPILER_PATH=/usr/local/gcc-9.4.0/libexec/gcc/x86_64-pc-linux-gnu/9.4.0/:/usr/local/gcc-9.4.0/libexec/gcc/x86_64-pc-linux-gnu/9.4.0/:/usr/local/gcc-9.4.0/libexec/gcc/x86_64-pc-linux-gnu/:/usr/local/gcc-9.4.0/lib/gcc/x86_64-pc-linux-gnu/9.4.0/:/usr/local/gcc-9.4.0/lib/gcc/x86_64-pc-linux-gnu/
LIBRARY_PATH=/usr/local/gcc-9.4.0/lib/gcc/x86_64-pc-linux-gnu/9.4.0/:/usr/local/gcc-9.4.0/lib/gcc/x86_64-pc-linux-gnu/9.4.0/../../../../lib64/:/lib/../lib64/:/usr/lib/../lib64/:/usr/local/gcc-9.4.0/lib/gcc/x86_64-pc-linux-gnu/9.4.0/../../../:/lib/:/usr/lib/
COLLECT_GCC_OPTIONS='-v' '-o' 'CMakeFiles/cmTC_60dcb.dir/CMakeCXXCompilerABI.cpp.o' '-c' '-shared-libgcc' '-mtune=generic' '-march=x86-64'
Linking CXX executable cmTC_60dcb
/usr/local/bin/cmake -E cmake_link_script CMakeFiles/cmTC_60dcb.dir/link.txt --verbose=1
/usr/local/bin/c++      -v -rdynamic CMakeFiles/cmTC_60dcb.dir/CMakeCXXCompilerABI.cpp.o  -o cmTC_60dcb 
Using built-in specs.
COLLECT_GCC=/usr/local/bin/c++
COLLECT_LTO_WRAPPER=/usr/local/gcc-9.4.0/libexec/gcc/x86_64-pc-linux-gnu/9.4.0/lto-wrapper
Target: x86_64-pc-linux-gnu
Configured with: ../configure --prefix=/usr/local/gcc-9.4.0/ --enable-checking=release --enable-languages=c,c++ --disable-multilib
Thread model: posix
gcc version 9.4.0 (GCC) 
COMPILER_PATH=/usr/local/gcc-9.4.0/libexec/gcc/x86_64-pc-linux-gnu/9.4.0/:/usr/local/gcc-9.4.0/libexec/gcc/x86_64-pc-linux-gnu/9.4.0/:/usr/local/gcc-9.4.0/libexec/gcc/x86_64-pc-linux-gnu/:/usr/local/gcc-9.4.0/lib/gcc/x86_64-pc-linux-gnu/9.4.0/:/usr/local/gcc-9.4.0/lib/gcc/x86_64-pc-linux-gnu/
LIBRARY_PATH=/usr/local/gcc-9.4.0/lib/gcc/x86_64-pc-linux-gnu/9.4.0/:/usr/local/gcc-9.4.0/lib/gcc/x86_64-pc-linux-gnu/9.4.0/../../../../lib64/:/lib/../lib64/:/usr/lib/../lib64/:/usr/local/gcc-9.4.0/lib/gcc/x86_64-pc-linux-gnu/9.4.0/../../../:/lib/:/usr/lib/
COLLECT_GCC_OPTIONS='-v' '-rdynamic' '-o' 'cmTC_60dcb' '-shared-libgcc' '-mtune=generic' '-march=x86-64'
 /usr/local/gcc-9.4.0/libexec/gcc/x86_64-pc-linux-gnu/9.4.0/collect2 -plugin /usr/local/gcc-9.4.0/libexec/gcc/x86_64-pc-linux-gnu/9.4.0/liblto_plugin.so -plugin-opt=/usr/local/gcc-9.4.0/libexec/gcc/x86_64-pc-linux-gnu/9.4.0/lto-wrapper -plugin-opt=-fresolution=/tmp/ccN3RvwL.res -plugin-opt=-pass-through=-lgcc_s -plugin-opt=-pass-through=-lgcc -plugin-opt=-pass-through=-lc -plugin-opt=-pass-through=-lgcc_s -plugin-opt=-pass-through=-lgcc --eh-frame-hdr -m elf_x86_64 -export-dynamic -dynamic-linker /lib64/ld-linux-x86-64.so.2 -o cmTC_60dcb /lib/../lib64/crt1.o /lib/../lib64/crti.o /usr/local/gcc-9.4.0/lib/gcc/x86_64-pc-linux-gnu/9.4.0/crtbegin.o -L/usr/local/gcc-9.4.0/lib/gcc/x86_64-pc-linux-gnu/9.4.0 -L/usr/local/gcc-9.4.0/lib/gcc/x86_64-pc-linux-gnu/9.4.0/../../../../lib64 -L/lib/../lib64 -L/usr/lib/../lib64 -L/usr/local/gcc-9.4.0/lib/gcc/x86_64-pc-linux-gnu/9.4.0/../../.. CMakeFiles/cmTC_60dcb.dir/CMakeCXXCompilerABI.cpp.o -lstdc++ -lm -lgcc_s -lgcc -lc -lgcc_s -lgcc /usr/local/gcc-9.4.0/lib/gcc/x86_64-pc-linux-gnu/9.4.0/crtend.o /lib/../lib64/crtn.o
COLLECT_GCC_OPTIONS='-v' '-rdynamic' '-o' 'cmTC_60dcb' '-shared-libgcc' '-mtune=generic' '-march=x86-64'
gmake[1]: Leaving directory `/home/zhuxiaoke/project/graph_computing/MiniGraph/cmake-build-debug-sics-research/CMakeFiles/CMakeTmp'



Parsed CXX implicit include dir info from above output: rv=done
  found start of include info
  found start of implicit include info
    add: [.]
    add: [/usr/local/gcc-9.4.0/lib/gcc/x86_64-pc-linux-gnu/9.4.0/../../../../include/c++/9.4.0]
    add: [/usr/local/gcc-9.4.0/lib/gcc/x86_64-pc-linux-gnu/9.4.0/../../../../include/c++/9.4.0/x86_64-pc-linux-gnu]
    add: [/usr/local/gcc-9.4.0/lib/gcc/x86_64-pc-linux-gnu/9.4.0/../../../../include/c++/9.4.0/backward]
    add: [/usr/local/gcc-9.4.0/lib/gcc/x86_64-pc-linux-gnu/9.4.0/include]
    add: [/usr/local/include]
    add: [/usr/local/gcc-9.4.0/include]
    add: [/usr/local/gcc-9.4.0/lib/gcc/x86_64-pc-linux-gnu/9.4.0/include-fixed]
    add: [/usr/include]
  end of search list found
  skipping relative include dir [.]
  collapse include dir [/usr/local/gcc-9.4.0/lib/gcc/x86_64-pc-linux-gnu/9.4.0/../../../../include/c++/9.4.0] ==> [/usr/local/gcc-9.4.0/include/c++/9.4.0]
  collapse include dir [/usr/local/gcc-9.4.0/lib/gcc/x86_64-pc-linux-gnu/9.4.0/../../../../include/c++/9.4.0/x86_64-pc-linux-gnu] ==> [/usr/local/gcc-9.4.0/include/c++/9.4.0/x86_64-pc-linux-gnu]
  collapse include dir [/usr/local/gcc-9.4.0/lib/gcc/x86_64-pc-linux-gnu/9.4.0/../../../../include/c++/9.4.0/backward] ==> [/usr/local/gcc-9.4.0/include/c++/9.4.0/backward]
  collapse include dir [/usr/local/gcc-9.4.0/lib/gcc/x86_64-pc-linux-gnu/9.4.0/include] ==> [/usr/local/gcc-9.4.0/lib/gcc/x86_64-pc-linux-gnu/9.4.0/include]
  collapse include dir [/usr/local/include] ==> [/usr/local/include]
  collapse include dir [/usr/local/gcc-9.4.0/include] ==> [/usr/local/gcc-9.4.0/include]
  collapse include dir [/usr/local/gcc-9.4.0/lib/gcc/x86_64-pc-linux-gnu/9.4.0/include-fixed] ==> [/usr/local/gcc-9.4.0/lib/gcc/x86_64-pc-linux-gnu/9.4.0/include-fixed]
  collapse include dir [/usr/include] ==> [/usr/include]
  implicit include dirs: [/usr/local/gcc-9.4.0/include/c++/9.4.0;/usr/local/gcc-9.4.0/include/c++/9.4.0/x86_64-pc-linux-gnu;/usr/local/gcc-9.4.0/include/c++/9.4.0/backward;/usr/local/gcc-9.4.0/lib/gcc/x86_64-pc-linux-gnu/9.4.0/include;/usr/local/include;/usr/local/gcc-9.4.0/include;/usr/local/gcc-9.4.0/lib/gcc/x86_64-pc-linux-gnu/9.4.0/include-fixed;/usr/include]


Parsed CXX implicit link information from above output:
  link line regex: [^( *|.*[/\])(ld|CMAKE_LINK_STARTFILE-NOTFOUND|([^/\]+-)?ld|collect2)[^/\]*( |$)]
  ignore line: [Change Dir: /home/zhuxiaoke/project/graph_computing/MiniGraph/cmake-build-debug-sics-research/CMakeFiles/CMakeTmp]
  ignore line: []
  ignore line: [Run Build Command(s):/usr/bin/gmake cmTC_60dcb/fast && /usr/bin/gmake -f CMakeFiles/cmTC_60dcb.dir/build.make CMakeFiles/cmTC_60dcb.dir/build]
  ignore line: [gmake[1]: Entering directory `/home/zhuxiaoke/project/graph_computing/MiniGraph/cmake-build-debug-sics-research/CMakeFiles/CMakeTmp']
  ignore line: [Building CXX object CMakeFiles/cmTC_60dcb.dir/CMakeCXXCompilerABI.cpp.o]
  ignore line: [/usr/local/bin/c++    -v -o CMakeFiles/cmTC_60dcb.dir/CMakeCXXCompilerABI.cpp.o -c /usr/local/share/cmake-3.16/Modules/CMakeCXXCompilerABI.cpp]
  ignore line: [Using built-in specs.]
  ignore line: [COLLECT_GCC=/usr/local/bin/c++]
  ignore line: [Target: x86_64-pc-linux-gnu]
  ignore line: [Configured with: ../configure --prefix=/usr/local/gcc-9.4.0/ --enable-checking=release --enable-languages=c c++ --disable-multilib]
  ignore line: [Thread model: posix]
  ignore line: [gcc version 9.4.0 (GCC) ]
  ignore line: [COLLECT_GCC_OPTIONS='-v' '-o' 'CMakeFiles/cmTC_60dcb.dir/CMakeCXXCompilerABI.cpp.o' '-c' '-shared-libgcc' '-mtune=generic' '-march=x86-64']
  ignore line: [ /usr/local/gcc-9.4.0/libexec/gcc/x86_64-pc-linux-gnu/9.4.0/cc1plus -quiet -v -D_GNU_SOURCE /usr/local/share/cmake-3.16/Modules/CMakeCXXCompilerABI.cpp -quiet -dumpbase CMakeCXXCompilerABI.cpp -mtune=generic -march=x86-64 -auxbase-strip CMakeFiles/cmTC_60dcb.dir/CMakeCXXCompilerABI.cpp.o -version -o /tmp/cc08pI1K.s]
  ignore line: [GNU C++14 (GCC) version 9.4.0 (x86_64-pc-linux-gnu)]
  ignore line: [	compiled by GNU C version 9.4.0  GMP version 6.1.0  MPFR version 3.1.4  MPC version 1.0.3  isl version isl-0.18-GMP]
  ignore line: []
  ignore line: [GGC heuristics: --param ggc-min-expand=100 --param ggc-min-heapsize=131072]
  ignore line: [ignoring nonexistent directory "/usr/local/gcc-9.4.0/lib/gcc/x86_64-pc-linux-gnu/9.4.0/../../../../x86_64-pc-linux-gnu/include"]
  ignore line: [ignoring duplicate directory "/usr/local/include"]
  ignore line: [  as it is a non-system directory that duplicates a system directory]
  ignore line: [#include "..." search starts here:]
  ignore line: [#include <...> search starts here:]
  ignore line: [ .]
  ignore line: [ /usr/local/gcc-9.4.0/lib/gcc/x86_64-pc-linux-gnu/9.4.0/../../../../include/c++/9.4.0]
  ignore line: [ /usr/local/gcc-9.4.0/lib/gcc/x86_64-pc-linux-gnu/9.4.0/../../../../include/c++/9.4.0/x86_64-pc-linux-gnu]
  ignore line: [ /usr/local/gcc-9.4.0/lib/gcc/x86_64-pc-linux-gnu/9.4.0/../../../../include/c++/9.4.0/backward]
  ignore line: [ /usr/local/gcc-9.4.0/lib/gcc/x86_64-pc-linux-gnu/9.4.0/include]
  ignore line: [ /usr/local/include]
  ignore line: [ /usr/local/gcc-9.4.0/include]
  ignore line: [ /usr/local/gcc-9.4.0/lib/gcc/x86_64-pc-linux-gnu/9.4.0/include-fixed]
  ignore line: [ /usr/include]
  ignore line: [End of search list.]
  ignore line: [GNU C++14 (GCC) version 9.4.0 (x86_64-pc-linux-gnu)]
  ignore line: [	compiled by GNU C version 9.4.0  GMP version 6.1.0  MPFR version 3.1.4  MPC version 1.0.3  isl version isl-0.18-GMP]
  ignore line: []
  ignore line: [GGC heuristics: --param ggc-min-expand=100 --param ggc-min-heapsize=131072]
  ignore line: [Compiler executable checksum: 631bf813fc3da49173b82272218a9de0]
  ignore line: [COLLECT_GCC_OPTIONS='-v' '-o' 'CMakeFiles/cmTC_60dcb.dir/CMakeCXXCompilerABI.cpp.o' '-c' '-shared-libgcc' '-mtune=generic' '-march=x86-64']
  ignore line: [ as -v --64 -o CMakeFiles/cmTC_60dcb.dir/CMakeCXXCompilerABI.cpp.o /tmp/cc08pI1K.s]
  ignore line: [GNU assembler version 2.27 (x86_64-redhat-linux) using BFD version version 2.27-27.base.el7]
  ignore line: [COMPILER_PATH=/usr/local/gcc-9.4.0/libexec/gcc/x86_64-pc-linux-gnu/9.4.0/:/usr/local/gcc-9.4.0/libexec/gcc/x86_64-pc-linux-gnu/9.4.0/:/usr/local/gcc-9.4.0/libexec/gcc/x86_64-pc-linux-gnu/:/usr/local/gcc-9.4.0/lib/gcc/x86_64-pc-linux-gnu/9.4.0/:/usr/local/gcc-9.4.0/lib/gcc/x86_64-pc-linux-gnu/]
  ignore line: [LIBRARY_PATH=/usr/local/gcc-9.4.0/lib/gcc/x86_64-pc-linux-gnu/9.4.0/:/usr/local/gcc-9.4.0/lib/gcc/x86_64-pc-linux-gnu/9.4.0/../../../../lib64/:/lib/../lib64/:/usr/lib/../lib64/:/usr/local/gcc-9.4.0/lib/gcc/x86_64-pc-linux-gnu/9.4.0/../../../:/lib/:/usr/lib/]
  ignore line: [COLLECT_GCC_OPTIONS='-v' '-o' 'CMakeFiles/cmTC_60dcb.dir/CMakeCXXCompilerABI.cpp.o' '-c' '-shared-libgcc' '-mtune=generic' '-march=x86-64']
  ignore line: [Linking CXX executable cmTC_60dcb]
  ignore line: [/usr/local/bin/cmake -E cmake_link_script CMakeFiles/cmTC_60dcb.dir/link.txt --verbose=1]
  ignore line: [/usr/local/bin/c++      -v -rdynamic CMakeFiles/cmTC_60dcb.dir/CMakeCXXCompilerABI.cpp.o  -o cmTC_60dcb ]
  ignore line: [Using built-in specs.]
  ignore line: [COLLECT_GCC=/usr/local/bin/c++]
  ignore line: [COLLECT_LTO_WRAPPER=/usr/local/gcc-9.4.0/libexec/gcc/x86_64-pc-linux-gnu/9.4.0/lto-wrapper]
  ignore line: [Target: x86_64-pc-linux-gnu]
  ignore line: [Configured with: ../configure --prefix=/usr/local/gcc-9.4.0/ --enable-checking=release --enable-languages=c c++ --disable-multilib]
  ignore line: [Thread model: posix]
  ignore line: [gcc version 9.4.0 (GCC) ]
  ignore line: [COMPILER_PATH=/usr/local/gcc-9.4.0/libexec/gcc/x86_64-pc-linux-gnu/9.4.0/:/usr/local/gcc-9.4.0/libexec/gcc/x86_64-pc-linux-gnu/9.4.0/:/usr/local/gcc-9.4.0/libexec/gcc/x86_64-pc-linux-gnu/:/usr/local/gcc-9.4.0/lib/gcc/x86_64-pc-linux-gnu/9.4.0/:/usr/local/gcc-9.4.0/lib/gcc/x86_64-pc-linux-gnu/]
  ignore line: [LIBRARY_PATH=/usr/local/gcc-9.4.0/lib/gcc/x86_64-pc-linux-gnu/9.4.0/:/usr/local/gcc-9.4.0/lib/gcc/x86_64-pc-linux-gnu/9.4.0/../../../../lib64/:/lib/../lib64/:/usr/lib/../lib64/:/usr/local/gcc-9.4.0/lib/gcc/x86_64-pc-linux-gnu/9.4.0/../../../:/lib/:/usr/lib/]
  ignore line: [COLLECT_GCC_OPTIONS='-v' '-rdynamic' '-o' 'cmTC_60dcb' '-shared-libgcc' '-mtune=generic' '-march=x86-64']
  link line: [ /usr/local/gcc-9.4.0/libexec/gcc/x86_64-pc-linux-gnu/9.4.0/collect2 -plugin /usr/local/gcc-9.4.0/libexec/gcc/x86_64-pc-linux-gnu/9.4.0/liblto_plugin.so -plugin-opt=/usr/local/gcc-9.4.0/libexec/gcc/x86_64-pc-linux-gnu/9.4.0/lto-wrapper -plugin-opt=-fresolution=/tmp/ccN3RvwL.res -plugin-opt=-pass-through=-lgcc_s -plugin-opt=-pass-through=-lgcc -plugin-opt=-pass-through=-lc -plugin-opt=-pass-through=-lgcc_s -plugin-opt=-pass-through=-lgcc --eh-frame-hdr -m elf_x86_64 -export-dynamic -dynamic-linker /lib64/ld-linux-x86-64.so.2 -o cmTC_60dcb /lib/../lib64/crt1.o /lib/../lib64/crti.o /usr/local/gcc-9.4.0/lib/gcc/x86_64-pc-linux-gnu/9.4.0/crtbegin.o -L/usr/local/gcc-9.4.0/lib/gcc/x86_64-pc-linux-gnu/9.4.0 -L/usr/local/gcc-9.4.0/lib/gcc/x86_64-pc-linux-gnu/9.4.0/../../../../lib64 -L/lib/../lib64 -L/usr/lib/../lib64 -L/usr/local/gcc-9.4.0/lib/gcc/x86_64-pc-linux-gnu/9.4.0/../../.. CMakeFiles/cmTC_60dcb.dir/CMakeCXXCompilerABI.cpp.o -lstdc++ -lm -lgcc_s -lgcc -lc -lgcc_s -lgcc /usr/local/gcc-9.4.0/lib/gcc/x86_64-pc-linux-gnu/9.4.0/crtend.o /lib/../lib64/crtn.o]
    arg [/usr/local/gcc-9.4.0/libexec/gcc/x86_64-pc-linux-gnu/9.4.0/collect2] ==> ignore
    arg [-plugin] ==> ignore
    arg [/usr/local/gcc-9.4.0/libexec/gcc/x86_64-pc-linux-gnu/9.4.0/liblto_plugin.so] ==> ignore
    arg [-plugin-opt=/usr/local/gcc-9.4.0/libexec/gcc/x86_64-pc-linux-gnu/9.4.0/lto-wrapper] ==> ignore
    arg [-plugin-opt=-fresolution=/tmp/ccN3RvwL.res] ==> ignore
    arg [-plugin-opt=-pass-through=-lgcc_s] ==> ignore
    arg [-plugin-opt=-pass-through=-lgcc] ==> ignore
    arg [-plugin-opt=-pass-through=-lc] ==> ignore
    arg [-plugin-opt=-pass-through=-lgcc_s] ==> ignore
    arg [-plugin-opt=-pass-through=-lgcc] ==> ignore
    arg [--eh-frame-hdr] ==> ignore
    arg [-m] ==> ignore
    arg [elf_x86_64] ==> ignore
    arg [-export-dynamic] ==> ignore
    arg [-dynamic-linker] ==> ignore
    arg [/lib64/ld-linux-x86-64.so.2] ==> ignore
    arg [-o] ==> ignore
    arg [cmTC_60dcb] ==> ignore
    arg [/lib/../lib64/crt1.o] ==> ignore
    arg [/lib/../lib64/crti.o] ==> ignore
    arg [/usr/local/gcc-9.4.0/lib/gcc/x86_64-pc-linux-gnu/9.4.0/crtbegin.o] ==> ignore
    arg [-L/usr/local/gcc-9.4.0/lib/gcc/x86_64-pc-linux-gnu/9.4.0] ==> dir [/usr/local/gcc-9.4.0/lib/gcc/x86_64-pc-linux-gnu/9.4.0]
    arg [-L/usr/local/gcc-9.4.0/lib/gcc/x86_64-pc-linux-gnu/9.4.0/../../../../lib64] ==> dir [/usr/local/gcc-9.4.0/lib/gcc/x86_64-pc-linux-gnu/9.4.0/../../../../lib64]
    arg [-L/lib/../lib64] ==> dir [/lib/../lib64]
    arg [-L/usr/lib/../lib64] ==> dir [/usr/lib/../lib64]
    arg [-L/usr/local/gcc-9.4.0/lib/gcc/x86_64-pc-linux-gnu/9.4.0/../../..] ==> dir [/usr/local/gcc-9.4.0/lib/gcc/x86_64-pc-linux-gnu/9.4.0/../../..]
    arg [CMakeFiles/cmTC_60dcb.dir/CMakeCXXCompilerABI.cpp.o] ==> ignore
    arg [-lstdc++] ==> lib [stdc++]
    arg [-lm] ==> lib [m]
    arg [-lgcc_s] ==> lib [gcc_s]
    arg [-lgcc] ==> lib [gcc]
    arg [-lc] ==> lib [c]
    arg [-lgcc_s] ==> lib [gcc_s]
    arg [-lgcc] ==> lib [gcc]
    arg [/usr/local/gcc-9.4.0/lib/gcc/x86_64-pc-linux-gnu/9.4.0/crtend.o] ==> ignore
    arg [/lib/../lib64/crtn.o] ==> ignore
  collapse library dir [/usr/local/gcc-9.4.0/lib/gcc/x86_64-pc-linux-gnu/9.4.0] ==> [/usr/local/gcc-9.4.0/lib/gcc/x86_64-pc-linux-gnu/9.4.0]
  collapse library dir [/usr/local/gcc-9.4.0/lib/gcc/x86_64-pc-linux-gnu/9.4.0/../../../../lib64] ==> [/usr/local/gcc-9.4.0/lib64]
  collapse library dir [/lib/../lib64] ==> [/lib64]
  collapse library dir [/usr/lib/../lib64] ==> [/usr/lib64]
  collapse library dir [/usr/local/gcc-9.4.0/lib/gcc/x86_64-pc-linux-gnu/9.4.0/../../..] ==> [/usr/local/gcc-9.4.0/lib]
  implicit libs: [stdc++;m;gcc_s;gcc;c;gcc_s;gcc]
  implicit dirs: [/usr/local/gcc-9.4.0/lib/gcc/x86_64-pc-linux-gnu/9.4.0;/usr/local/gcc-9.4.0/lib64;/lib64;/usr/lib64;/usr/local/gcc-9.4.0/lib]
  implicit fwks: []


Determining if the include file pthread.h exists passed with the following output:
Change Dir: /home/zhuxiaoke/project/graph_computing/MiniGraph/cmake-build-debug-sics-research/CMakeFiles/CMakeTmp

Run Build Command(s):/usr/bin/gmake cmTC_3eb90/fast && /usr/bin/gmake -f CMakeFiles/cmTC_3eb90.dir/build.make CMakeFiles/cmTC_3eb90.dir/build
gmake[1]: Entering directory `/home/zhuxiaoke/project/graph_computing/MiniGraph/cmake-build-debug-sics-research/CMakeFiles/CMakeTmp'
Building C object CMakeFiles/cmTC_3eb90.dir/CheckIncludeFile.c.o
/usr/local/bin/cc   -O0    -o CMakeFiles/cmTC_3eb90.dir/CheckIncludeFile.c.o   -c /home/zhuxiaoke/project/graph_computing/MiniGraph/cmake-build-debug-sics-research/CMakeFiles/CMakeTmp/CheckIncludeFile.c
Linking C executable cmTC_3eb90
/usr/local/bin/cmake -E cmake_link_script CMakeFiles/cmTC_3eb90.dir/link.txt --verbose=1
/usr/local/bin/cc  -O0     -rdynamic CMakeFiles/cmTC_3eb90.dir/CheckIncludeFile.c.o  -o cmTC_3eb90 
gmake[1]: Leaving directory `/home/zhuxiaoke/project/graph_computing/MiniGraph/cmake-build-debug-sics-research/CMakeFiles/CMakeTmp'



Determining if the function pthread_create exists in the pthread passed with the following output:
Change Dir: /home/zhuxiaoke/project/graph_computing/MiniGraph/cmake-build-debug-sics-research/CMakeFiles/CMakeTmp

Run Build Command(s):/usr/bin/gmake cmTC_1bce5/fast && /usr/bin/gmake -f CMakeFiles/cmTC_1bce5.dir/build.make CMakeFiles/cmTC_1bce5.dir/build
gmake[1]: Entering directory `/home/zhuxiaoke/project/graph_computing/MiniGraph/cmake-build-debug-sics-research/CMakeFiles/CMakeTmp'
Building C object CMakeFiles/cmTC_1bce5.dir/CheckFunctionExists.c.o
/usr/local/bin/cc   -O0 -DCHECK_FUNCTION_EXISTS=pthread_create   -o CMakeFiles/cmTC_1bce5.dir/CheckFunctionExists.c.o   -c /usr/local/share/cmake-3.16/Modules/CheckFunctionExists.c
Linking C executable cmTC_1bce5
/usr/local/bin/cmake -E cmake_link_script CMakeFiles/cmTC_1bce5.dir/link.txt --verbose=1
/usr/local/bin/cc  -O0 -DCHECK_FUNCTION_EXISTS=pthread_create    -rdynamic CMakeFiles/cmTC_1bce5.dir/CheckFunctionExists.c.o  -o cmTC_1bce5  -lpthread 
gmake[1]: Leaving directory `/home/zhuxiaoke/project/graph_computing/MiniGraph/cmake-build-debug-sics-research/CMakeFiles/CMakeTmp'



