      00:33 125863  550  3.0 16288096
      00:34 125863  546  3.0 16309020
      00:35 125863  542  3.0 16329704
      00:36 125863  538  3.1 16366752
      00:37 125863  535  3.1 16374724
      00:38 125863  532  3.1 16379324
      00:39 125863  529  3.1 16383612
      00:40 125863  526  3.1 16389104
      00:41 125863  523  3.1 16394792
      00:43 125863  508  3.1 16399992
      00:44 125863  506  3.1 16404940
      00:45 125863  504  3.1 16412796
      00:46 125863  502  3.1 16416436
      00:47 125863  500  3.1 16419352
      00:48 125863  498  3.1 16420920
      00:49 125863  496  3.1 16521216
      00:50 125863  495  3.1 16794368
      00:51 125863  493  3.2 17050344
      00:52 125863  491  3.2 17185064
      00:53 125863  490  3.2 17385272
      00:54 125863  488  3.3 17655184
      00:55 125863  487  3.3 17611288
      00:56 125863  486  3.3 17643516
      00:57 125863  504  3.3 17798288
      00:58 125863  529  3.3 17931456
      00:59 125863  553  3.4 18011412
      01:00 125863  577  3.4 18077684
      01:01 125863  599  3.4 18118656
      01:02 125863  620  3.4 18159624
      01:03 125863  641  3.4 18188784
      01:04 125863  661  3.4 18221092
      01:05 125863  681  3.4 18247648
      01:06 125863  700  3.4 18278348
      01:07 125863  719  3.4 18301784
      01:08 125863  737  3.4 18324316
      01:09 125863  755  3.4 18344432
      01:11 125863  760  3.4 18365976
      01:12 125863  776  3.4 18387224
      01:13 125863  792  3.4 18406904
      01:14 125863  808  3.4 18421880
      01:15 125863  823  3.4 18438064
      01:16 125863  838  3.4 18453384
      01:17 125863  853  3.4 18472384
      01:18 125863  867  3.5 18486664
      01:19 125863  881  3.5 18500008
      01:20 125863  893  3.5 18513612
      01:21 125863  906  3.5 18528972
      01:22 125863  919  3.5 18538176
      01:23 125863  932  3.5 18548460
      01:24 125863  944  3.5 18556932
      01:25 125863  955  3.5 18565612
      01:26 125863  967  3.5 18572896
      01:27 125863  978  3.5 18579648
      01:28 125863  989  3.5 18587068
      01:29 125863 1000  3.5 18596624
      01:30 125863 1010  3.5 18602512
      01:31 125863 1021  3.5 18608504
      01:32 125863 1031  3.5 18613684
      01:33 125863 1038  3.5 18618344
      01:34 125863 1042  3.5 18621912
      01:35 125863 1045  3.5 18626256
      01:36 125863 1047  3.5 18628356
      01:37 125863 1048  3.5 18630668
      01:39 125863 1038  3.5 18633008
      01:40 125863 1039  3.5 18634460
      01:41 125863 1037  3.5 18635924
      01:42 125863 1035  3.5 18637340
      01:43 125863 1032  3.5 18638124
      01:44 125863 1029  3.5 18638820
      01:45 125863 1025  3.5 18639628
      01:46 125863 1021  3.5 18640124
      01:47 125863 1018  3.5 18640612
      01:48 125863 1014  3.5 18641164
      01:49 125863 1009  3.5 18641432
      01:50 125863 1005  3.5 18641712
      01:51 125863 1000  3.5 18642148
      01:52 125863  996  3.5 18645572
      01:53 125863  992  3.5 18645852
      01:54 125863  988  3.5 18646044
      01:55 125863  984  3.5 18646300
      01:56 125863  980  3.5 18646676
      01:57 125863  976  3.5 18646936
      01:58 125863  972  3.5 18647260
      01:59 125863  968  3.5 18647536
      02:00 125863  964  3.5 18647956
      02:01 125863  960  3.5 18648460
      02:02 125863  957  3.5 18648708
      02:03 125863  953  3.5 18648984
      02:04 125863  948  3.5 18649096
      02:05 125863  944  3.5 18649192
      02:06 125863  940  3.5 18649276
      02:08 125863  928  3.5 18649520
      02:09 125863  924  3.5 18649676
      02:10 125863  920  3.5 18649968
      02:11 125863  917  3.5 18650068
      02:12 125863  913  3.5 18650164
      02:13 125863  909  3.5 18650312
      02:14 125863  905  3.5 18650424
      02:15 125863  902  3.5 18650504
      02:16 125863  898  3.5 18650652
      02:17 125863  895  3.5 18650832
      02:18 125863  891  3.5 18650880
      02:19 125863  888  3.5 18650976
      02:20 125863  884  3.5 18651108
      02:21 125863  881  3.5 18651236
      02:22 125863  878  3.5 18651612
      02:23 125863  874  3.5 18651740
      02:24 125863  871  3.5 18651872
      02:25 125863  868  3.5 18652116
      02:26 125863  865  3.5 18652784
      02:27 125863  862  3.5 18652964
      02:28 125863  859  3.5 18653060
      02:29 125863  856  3.5 18653168
      02:30 125863  853  3.5 18653264
      02:31 125863  850  3.5 18653540
      02:32 125863  847  3.5 18653668
      02:33 125863  844  3.5 18653864
      02:34 125863  841  3.5 18654060
      02:35 125863  839  3.5 18654208
      02:37 125863  831  3.5 18654468
      02:38 125863  828  3.5 18654792
      02:39 125863  825  3.5 18654920
      02:40 125863  823  3.5 18655052
      02:41 125863  820  3.5 18655312
      02:42 125863  818  3.5 18655432
      02:43 125863  815  3.5 18655580
      02:44 125863  813  3.5 18655724
      02:45 125863  810  3.5 18655888
      02:46 125863  808  3.5 18656000
      02:47 125863  806  3.5 18656212
      02:48 125863  803  3.5 18656520
      02:49 125863  801  3.5 18656748
      02:50 125863  799  3.5 18657024
      02:51 125863  796  3.5 18657172
      02:52 125863  794  3.5 18657448
      02:53 125863  792  3.5 18657628
      02:54 125863  790  3.5 18657756
      02:55 125863  788  3.5 18657832
      02:56 125863  785  3.4 18177228
      02:57 125863  783  3.4 18229300
      02:58 125863  781  3.4 18281460
      02:59 125863  779  3.4 18333096
      03:00 125863  777  3.4 18384824
      03:01 125863  775  3.4 18437064
      03:02 125863  773  3.5 18489228
      03:03 125863  771  3.5 18541296
      03:04 125863  769  3.5 18593028
      03:06 125863  764  3.3 17537824
      03:07 125863  770  3.3 17558964
      03:08 125863  777  3.3 17578940
      03:09 125863  783  3.3 17599908
      03:10 125863  789  3.3 17617716
      03:11 125863  795  3.3 17636120
      03:12 125863  801  3.3 17652252
      03:13 125863  807  3.3 17666408
      03:14 125863  813  3.3 17679776
      03:15 125863  817  3.3 17688184
      03:16 125863  818  3.3 17692216
      03:17 125863  817  3.3 17693084
      03:18 125863  815  3.2 17166880
      03:19 125863  812  3.2 17214032
      03:20 125863  816  3.2 17173224
      03:21 125863  814  3.2 17000348
      03:22 125863  812  3.2 17000348
      03:23 125863  810  3.2 17000348
      03:24 125863  808  3.2 17000348
      03:25 125863  806  3.2 16959700
      03:26 125863  803  3.2 16959688
      03:27 125863  801  3.2 16959664
      03:28 125863  799  3.2 16959676
      03:29 125863  796  3.2 16959720
      03:30 125863  794  3.2 16959720
      03:31 125863  792  3.2 16959720
      03:32 125863  790  3.2 16959708
      03:34 125863  784  3.2 16959708
      03:35 125863  781  3.2 16959708
      03:36 125863  779  3.2 16959708
      03:37 125863  777  3.2 16959708
      03:38 125863  775  3.2 16959708
      03:39 125863  773  3.2 16959708
      03:40 125863  771  3.2 16959708
      03:41 125863  769  0.7 3979984
      03:42 125863  766  0.0 397980
      03:43 125863  763  0.2 1434708
      03:44 125863  760  0.4 2487012
      03:45 125863  757  0.6 3563076
      03:46 125863  754  0.9 5204888
      03:47 125863  752  1.2 6861752
      03:48 125863  749  1.6 8519136
      03:49 125863  746  1.9 10166484
      03:50 125863  743  2.2 11830740
      03:51 125863  740  2.5 13531428
      03:52 125863  738  2.6 14100572
      03:53 125863  735  2.6 14240756
      03:54 125863  732  2.7 14380128
      03:55 125863  729  2.7 14519304
      03:56 125863  727  2.7 14658836
      03:57 125863  724  2.8 14798136
      03:58 125863  722  2.8 14936576
      03:59 125863  719  2.8 15073776
      04:00 125863  716  2.8 15208880
      04:01 125863  714  0.0     0
