etime pid cpu mem rss
00:19 137974 287 2.9 15597280
00:20 137974 293 3.0 15926380
00:21 137974 299 3.0 16256644
00:22 137974 304 3.1 16585588
00:23 137974 309 3.2 16915588
00:24 137974 313 3.2 17245060
00:25 137974 317 3.3 17575588
00:26 137974 321 3.3 17906644
00:27 137974 324 3.4 18238228
00:28 137974 327 3.5 18570868
00:29 137974 352 3.5 18954652
00:30 137974 405 3.6 19420084
00:31 137974 456 3.7 19883932
00:32 137974 503 3.8 20350948
00:33 137974 547 3.9 20815852
00:34 137974 587 4.0 21276532
00:35 137974 589 4.0 21411700
00:36 137974 584 3.8 20123896
00:37 137974 580 3.8 20176140
00:38 137974 575 3.8 20228916
00:39 137974 571 3.8 20281424
00:40 137974 567 3.8 20335288
00:41 137974 563 3.8 20388656
00:42 137974 560 3.8 20441180
00:43 137974 556 3.8 20493956
00:44 137974 553 3.8 20546728
00:45 137974 550 3.9 20599240
00:47 137974 535 3.9 20652012
00:48 137974 533 3.9 20852096
00:49 137974 530 4.0 21127152
00:50 137974 528 4.0 21401680
00:51 137974 526 4.1 21679380
00:52 137974 524 4.1 21957340
00:53 137974 521 4.2 22235776
00:54 137974 519 4.2 22514004
00:55 137974 518 4.3 22791964
00:56 137974 516 4.3 23070188
00:57 137974 514 4.4 23347884
00:58 137974 512 4.4 23627168
00:59 137974 510 4.3 22866272
01:00 137974 521 4.2 22488668
01:01 137974 545 4.2 22687196
01:02 137974 568 4.3 22841372
01:03 137974 590 4.3 22972052
01:04 137974 612 4.3 23099032
01:05 137974 632 4.4 23230504
01:06 137974 652 4.4 23339532
01:07 137974 672 4.4 23507172
01:08 137974 691 4.4 23652368
01:09 137974 709 4.5 23839808
01:10 137974 727 4.5 23976552
01:11 137974 745 4.5 24096672
01:12 137974 761 4.5 24223392
01:13 137974 778 4.6 24295196
01:15 137974 783 4.6 24379672
01:16 137974 799 4.6 24453856
01:17 137974 814 4.6 24518800
01:18 137974 829 4.6 24578200
01:19 137974 843 4.6 24673504
01:20 137974 857 4.7 24910576
01:21 137974 871 4.7 25125736
01:22 137974 884 4.7 25332184
01:23 137974 897 4.8 25508800
01:24 137974 910 4.8 25613080
01:25 137974 922 4.8 25689904
01:26 137974 934 4.8 25751416
01:27 137974 946 4.8 25815304
01:28 137974 957 4.9 25871008
01:29 137974 969 4.9 25918000
01:30 137974 980 4.9 25958128
01:31 137974 991 4.9 25999576
01:32 137974 1001 4.9 26033896
01:33 137974 1012 4.9 26070856
01:34 137974 1022 4.9 26107024
01:35 137974 1032 4.9 26137648
01:36 137974 1041 4.9 26165632
01:37 137974 1051 4.9 26204968
01:38 137974 1060 4.9 26237968
01:39 137974 1069 4.9 26265688
01:40 137974 1078 4.9 26294464
01:41 137974 1087 4.9 26324296
01:42 137974 1096 4.9 26348056
01:44 137974 1093 4.9 26371288
01:45 137974 1102 5.0 26391880
01:46 137974 1110 5.0 26414320
01:47 137974 1118 5.0 26432536
01:48 137974 1126 5.0 26450224
01:49 137974 1133 5.0 26470816
01:50 137974 1141 5.0 26490088
01:51 137974 1148 5.0 26508040
01:52 137974 1156 5.0 26526520
01:53 137974 1163 5.0 26543944
01:54 137974 1170 5.0 26560312
01:55 137974 1177 5.0 26576944
01:56 137974 1183 5.0 26592784
01:57 137974 1190 5.0 26609680
01:58 137974 1197 5.0 26625256
01:59 137974 1203 5.0 26642152
02:00 137974 1209 5.0 26656144
02:01 137974 1216 5.0 26671456
02:02 137974 1222 5.0 26685184
02:03 137974 1228 5.0 26698120
02:04 137974 1234 5.0 26710792
02:05 137974 1240 5.0 26722672
02:06 137974 1245 5.0 26734552
02:07 137974 1251 5.0 26745904
02:08 137974 1256 5.0 26756200
02:09 137974 1262 5.0 26767024
02:10 137974 1267 5.0 26778376
02:11 137974 1273 5.0 26789728
02:13 137974 1268 5.0 26801080
02:14 137974 1273 5.0 26813224
02:15 137974 1278 5.0 26824312
02:16 137974 1283 5.0 26835400
02:17 137974 1285 5.0 26841736
02:18 137974 1279 5.0 26842528
02:19 137974 1273 5.0 26842528
02:20 137974 1266 4.8 25541000
02:21 137974 1260 4.8 25578200
02:22 137974 1254 4.8 25630932
02:23 137974 1248 4.8 25684200
02:24 137974 1243 4.8 25737564
02:25 137974 1237 4.8 25790076
02:26 137974 1231 4.8 25842848
02:27 137974 1226 4.9 25895356
02:28 137974 1220 4.9 25948132
02:29 137974 1215 4.9 26000904
02:30 137974 1209 4.9 26053944
02:31 137974 1204 4.9 26106980
02:32 137974 1199 4.9 26159488
02:33 137974 1194 4.9 26212264
02:34 137974 1189 4.9 26264772
02:35 137974 1184 4.9 26317548
02:36 137974 1179 4.9 26370584
02:37 137974 1174 5.0 26423356
02:38 137974 1169 5.0 26476132
02:39 137974 1164 5.0 26528640
02:40 137974 1160 5.0 26579040
02:41 137974 1155 5.0 26624424
02:43 137974 1143 5.0 26670076
02:44 137974 1139 5.0 26715724
02:45 137974 1135 5.0 26761372
02:46 137974 1130 5.0 26807020
02:47 137974 1126 5.0 26894116
02:48 137974 1122 5.1 27173400
02:49 137974 1117 5.2 27451360
02:50 137974 1113 5.2 27728264
02:51 137974 1109 5.3 28002004
02:52 137974 1105 5.3 28269140
02:53 137974 1101 5.4 28547368
02:54 137974 1097 5.4 28825592
02:55 137974 1093 5.5 29103288
02:56 137974 1089 5.5 29382040
02:57 137974 1086 5.6 29662116
02:58 137974 1082 5.6 29941132
02:59 137974 1078 5.7 30219884
03:00 137974 1074 5.7 30498220
03:01 137974 1071 5.8 30777768
03:02 137974 1067 5.8 31055992
03:03 137974 1063 5.9 31335272
03:04 137974 1060 5.9 31614552
03:05 137974 1056 6.0 31894892
03:06 137974 1053 6.0 32173380
03:07 137974 1050 6.1 32452396
03:08 137974 1046 6.2 32731676
03:09 137974 1043 6.2 33011752
03:10 137974 1046 6.2 33083024
03:11 137974 1050 6.2 33083024
03:13 137974 1050 6.2 33083024
03:14 137974 1054 6.2 33083024
03:15 137974 1059 6.2 33083024
03:16 137974 1064 6.2 33083024
03:17 137974 1068 6.2 33083024
03:18 137974 1073 6.2 33083024
03:19 137974 1077 6.2 33083024
03:20 137974 1082 6.2 33083024
03:21 137974 1086 6.2 33083032
03:22 137974 1090 6.2 33083032
03:23 137974 1095 6.2 33083032
03:24 137974 1099 6.2 33083032
03:25 137974 1103 6.2 33083032
03:26 137974 1107 6.2 33083032
03:27 137974 1111 6.2 33083032
03:28 137974 1116 6.2 33083032
03:29 137974 1120 6.2 33083032
03:30 137974 1124 6.2 33083032
03:31 137974 1128 6.2 33083032
03:32 137974 1132 6.2 33083032
03:33 137974 1135 6.2 33083032
03:34 137974 1139 6.2 33083032
03:35 137974 1143 6.2 33083032
03:36 137974 1147 6.2 33083032
03:37 137974 1151 6.2 33083032
03:38 137974 1154 6.2 33083032
03:39 137974 1158 6.2 33083032
03:40 137974 1162 6.2 33083032
03:42 137974 1160 6.2 33083032
03:43 137974 1164 6.2 33083032
03:44 137974 1167 6.2 33083032
03:45 137974 1171 6.2 33083032
03:46 137974 1174 6.2 33083032
03:47 137974 1178 6.2 33083032
03:48 137974 1181 6.2 33083032
03:49 137974 1185 6.2 33083032
03:50 137974 1188 6.2 33083032
03:51 137974 1192 6.2 33083032
03:52 137974 1195 6.2 33083032
03:53 137974 1198 6.2 33083032
03:54 137974 1201 6.2 33083032
03:55 137974 1205 6.2 33083032
03:56 137974 1208 6.2 33083032
03:57 137974 1211 6.2 33083032
03:58 137974 1214 6.2 33083032
03:59 137974 1217 6.2 33083032
04:00 137974 1221 6.2 33083032
04:01 137974 1224 6.2 33083032
04:02 137974 1227 6.2 33083032
04:03 137974 1230 6.2 33083032
04:04 137974 1233 6.2 33083032
04:05 137974 1236 6.2 33083032
04:06 137974 1239 6.2 33083032
04:07 137974 1242 6.2 33083032
04:08 137974 1244 6.2 33083032
04:10 137974 1242 6.2 33083032
04:11 137974 1245 6.2 33083032
04:12 137974 1248 6.2 33083032
04:13 137974 1251 6.2 33083032
04:14 137974 1254 6.2 33083040
04:15 137974 1256 6.2 33083040
04:16 137974 1259 6.2 33083040
04:17 137974 1262 6.2 33083040
04:18 137974 1265 6.2 33083040
04:19 137974 1267 6.2 33083040
04:20 137974 1270 6.2 33083040
04:21 137974 1273 6.2 33083040
04:22 137974 1275 6.2 33083040
04:23 137974 1278 6.2 33083040
04:24 137974 1281 6.2 33083040
04:25 137974 1283 6.2 33083040
04:26 137974 1286 6.2 33083040
04:27 137974 1288 6.2 33083040
04:28 137974 1291 6.2 33083040
04:29 137974 1293 6.2 33083040
04:30 137974 1296 6.2 33083040
04:31 137974 1298 6.2 33083040
04:32 137974 1301 6.2 33083040
04:33 137974 1303 6.2 33083040
04:34 137974 1305 6.2 33083040
04:35 137974 1308 6.2 33083040
04:36 137974 1310 6.2 33083040
04:37 137974 1313 6.2 33083040
04:39 137974 1310 6.2 33083040
04:40 137974 1313 6.2 33083040
04:41 137974 1315 6.2 33083040
04:42 137974 1317 6.2 33083040
04:43 137974 1320 6.2 33083040
04:44 137974 1322 6.2 33083040
04:45 137974 1324 6.2 33083040
04:46 137974 1326 6.2 33083040
04:47 137974 1328 6.2 33083040
04:48 137974 1331 6.2 33083040
04:49 137974 1333 6.2 33083040
04:50 137974 1335 6.2 33083040
04:51 137974 1337 6.2 33083040
04:52 137974 1339 6.2 33083040
04:53 137974 1341 6.2 33083040
04:54 137974 1344 6.2 33083040
04:55 137974 1346 6.2 33083040
04:56 137974 1348 6.2 33083040
04:57 137974 1350 6.2 33083040
04:58 137974 1352 6.2 33083040
04:59 137974 1354 6.2 33083040
05:00 137974 1356 6.2 33083040
05:01 137974 1358 6.2 33083040
05:02 137974 1360 6.2 33083040
05:03 137974 1362 6.2 33083040
05:04 137974 1364 6.2 33083040
05:05 137974 1366 6.2 33083040
05:06 137974 1368 6.2 33083040
05:07 137974 1370 6.2 33083040
05:09 137974 1367 6.2 33083040
05:10 137974 1369 6.2 33083040
05:11 137974 1371 6.2 33083040
05:12 137974 1373 6.2 33083040
05:13 137974 1375 6.2 33083040
05:14 137974 1377 6.2 33083040
05:15 137974 1379 6.2 33083040
05:16 137974 1380 6.2 33083040
05:17 137974 1382 6.2 33083040
05:18 137974 1384 6.2 33083040
05:19 137974 1386 6.2 33083040
05:20 137974 1388 6.2 33083040
05:21 137974 1389 6.2 33083040
05:22 137974 1391 6.2 33083040
05:23 137974 1393 6.2 33083040
05:24 137974 1395 6.2 33083040
05:25 137974 1397 6.2 33083040
05:26 137974 1398 6.2 33083040
05:27 137974 1400 6.2 33083040
05:28 137974 1402 6.2 33083040
05:29 137974 1403 6.2 33083040
05:30 137974 1405 6.2 33083040
05:31 137974 1407 6.2 33083040
05:32 137974 1408 6.2 33083040
05:33 137974 1410 6.2 33083040
05:34 137974 1412 6.2 33083040
05:35 137974 1413 6.2 33083040
05:36 137974 1415 6.2 33083040
05:38 137974 1412 6.2 33083040
05:39 137974 1414 6.2 33083040
05:40 137974 1416 6.2 33083040
05:41 137974 1417 6.2 33083040
05:42 137974 1419 6.2 33083040
05:43 137974 1420 6.2 33083040
05:44 137974 1422 6.2 33083040
05:45 137974 1424 6.2 33083040
05:46 137974 1425 6.2 33083040
05:47 137974 1427 6.2 33083040
05:48 137974 1428 6.2 33083040
05:49 137974 1430 6.2 33083040
05:50 137974 1431 6.2 33083040
05:51 137974 1433 6.2 33083040
05:52 137974 1434 6.2 33083040
05:53 137974 1436 6.2 33083040
05:54 137974 1437 6.2 33083040
05:55 137974 1439 6.2 33083040
05:56 137974 1440 6.2 33083040
05:57 137974 1442 6.2 33083040
05:58 137974 1443 6.2 33083040
05:59 137974 1445 6.2 33083040
06:00 137974 1446 6.2 33083040
06:01 137974 1448 6.2 33083040
06:02 137974 1449 6.2 33083040
06:03 137974 1450 6.2 33083040
06:04 137974 1452 6.2 33083040
06:06 137974 1449 6.2 33083040
06:07 137974 1451 6.2 33083040
06:08 137974 1452 6.2 33083040
06:09 137974 1453 6.2 33083040
06:10 137974 1455 6.2 33083040
06:11 137974 1456 6.2 33083040
06:12 137974 1458 6.2 33083040
06:13 137974 1459 6.2 33083040
06:14 137974 1460 6.2 33083040
06:15 137974 1461 6.2 33083040
06:16 137974 1463 6.2 33083040
06:17 137974 1463 6.2 33083040
06:18 137974 1464 6.2 33083040
06:19 137974 1465 6.2 33083040
06:20 137974 1465 6.2 33083040
06:21 137974 1466 6.2 33083040
06:22 137974 1466 6.2 33083040
06:23 137974 1466 6.2 33083040
06:24 137974 1466 6.2 33083040
06:25 137974 1466 6.2 33083040
06:26 137974 1466 6.2 33083040
06:27 137974 1466 6.2 33083040
06:28 137974 1466 6.2 33083040
06:29 137974 1465 6.2 33083040
06:30 137974 1465 6.2 33083040
06:31 137974 1465 6.2 33083040
06:32 137974 1465 6.2 33083040
06:33 137974 1465 6.2 33083040
06:35 137974 1462 6.2 33083040
06:36 137974 1461 6.2 33083040
06:37 137974 1461 6.2 33083040
06:38 137974 1461 6.2 33083040
06:39 137974 1461 6.2 33083040
06:40 137974 1461 6.2 33083040
06:41 137974 1461 6.2 33083040
06:42 137974 1461 6.2 33083040
06:43 137974 1461 6.2 33083040
06:44 137974 1461 6.2 33083040
06:45 137974 1461 6.2 33083040
06:46 137974 1461 6.2 33083040
06:47 137974 1461 6.2 33083040
06:48 137974 1461 6.2 33083040
06:49 137974 1461 6.2 33083040
06:50 137974 1461 6.2 33083040
06:51 137974 1461 6.2 33083040
06:52 137974 1461 6.2 33083040
06:53 137974 1461 6.2 33083040
06:54 137974 1461 6.2 33083040
06:55 137974 1461 6.2 33083040
06:56 137974 1461 6.2 33083040
06:57 137974 1461 6.2 33083040
06:58 137974 1461 6.2 33083040
06:59 137974 1461 6.2 33083040
07:00 137974 1460 6.2 33083040
07:01 137974 1460 6.2 33083040
07:03 137974 1456 6.2 33083040
07:04 137974 1456 6.2 33083040
07:05 137974 1456 6.2 33083040
07:06 137974 1455 6.2 33083040
07:07 137974 1455 6.2 33083040
07:08 137974 1454 6.2 33083040
07:09 137974 1454 6.2 33083040
07:10 137974 1453 6.2 33083040
07:11 137974 1453 6.2 33083040
07:12 137974 1452 6.2 33083040
07:13 137974 1452 6.2 33083040
07:14 137974 1451 6.2 33083040
07:15 137974 1451 6.2 33083040
07:16 137974 1450 6.2 33083040
07:17 137974 1450 6.2 33083040
07:18 137974 1449 6.2 33083040
07:19 137974 1449 6.2 33083040
07:20 137974 1448 6.2 33083040
07:21 137974 1448 6.2 33083040
07:22 137974 1447 6.2 33083040
07:23 137974 1447 6.2 33083040
07:24 137974 1446 6.2 33083040
07:25 137974 1446 6.2 33083040
07:26 137974 1445 6.2 33083040
07:27 137974 1445 6.2 33083040
07:28 137974 1444 6.2 33083040
07:29 137974 1444 6.2 33083040
07:30 137974 1443 6.2 33083040
07:31 137974 1443 6.2 33083040
07:33 137974 1439 6.2 33083040
07:34 137974 1438 6.2 33083040
07:35 137974 1437 6.2 33083040
07:36 137974 1436 6.2 33083040
07:37 137974 1435 6.2 33083040
07:38 137974 1435 6.2 33083040
07:39 137974 1434 6.2 33083040
07:40 137974 1433 6.2 33083040
07:41 137974 1432 6.2 33083040
07:42 137974 1431 6.2 33083040
07:43 137974 1430 6.2 33083040
07:44 137974 1429 6.2 33083040
07:45 137974 1428 6.2 33083040
07:46 137974 1428 6.2 33083040
07:47 137974 1427 6.2 33083040
07:48 137974 1426 6.2 33083040
07:49 137974 1425 6.2 33083040
07:50 137974 1424 6.2 33083040
07:51 137974 1423 6.2 33083040
07:52 137974 1423 6.2 33083040
07:53 137974 1422 6.2 33083040
07:54 137974 1421 6.2 33083040
07:55 137974 1420 6.2 33083040
07:56 137974 1419 6.2 33083040
07:57 137974 1419 6.2 33083040
07:58 137974 1418 6.2 33083040
07:59 137974 1417 6.2 33083040
08:00 137974 1416 6.2 33083040
08:02 137974 1412 6.2 33083040
08:03 137974 1412 6.2 33083040
08:04 137974 1411 6.2 33083040
08:05 137974 1410 6.2 33083040
08:06 137974 1409 6.2 33083040
08:07 137974 1408 6.2 33083040
08:08 137974 1407 6.2 33083040
08:09 137974 1406 6.2 33083040
08:10 137974 1405 6.2 33083040
08:11 137974 1404 6.2 33083040
08:12 137974 1404 6.2 33083040
08:13 137974 1403 6.2 33083040
08:14 137974 1402 6.2 33083040
08:15 137974 1401 6.2 33083040
08:16 137974 1400 6.2 33083040
08:17 137974 1399 6.2 33083040
08:18 137974 1398 6.2 33083040
08:19 137974 1397 6.2 33083040
08:20 137974 1396 6.2 33083040
08:21 137974 1395 6.2 33083040
08:22 137974 1394 6.2 33083040
08:23 137974 1393 6.2 33083040
08:24 137974 1392 6.2 33083040
08:25 137974 1391 6.2 33083040
08:26 137974 1390 6.2 33083040
08:27 137974 1388 6.2 33083040
08:28 137974 1387 6.2 33083040
08:29 137974 1386 6.2 33083040
08:31 137974 1382 6.2 33083040
08:32 137974 1381 6.2 33083040
08:33 137974 1380 6.2 33083040
08:34 137974 1379 6.2 33083040
08:35 137974 1378 6.2 33083040
08:36 137974 1377 6.2 33083040
08:37 137974 1376 6.2 33083040
08:38 137974 1375 6.2 33083040
08:39 137974 1374 6.2 33083040
08:40 137974 1373 6.2 33083040
08:41 137974 1372 6.2 33083040
08:42 137974 1371 6.2 33083040
08:43 137974 1370 6.2 33083040
08:44 137974 1369 6.2 33083040
08:45 137974 1368 6.2 33083040
08:46 137974 1367 6.2 33083040
08:47 137974 1366 6.2 33083040
08:48 137974 1365 6.2 33083040
08:49 137974 1363 6.2 33083040
08:50 137974 1362 6.2 33083040
08:51 137974 1361 6.2 33083040
08:52 137974 1360 6.2 33083040
08:53 137974 1359 6.2 33083040
08:54 137974 1358 6.2 33083040
08:55 137974 1356 6.2 33083040
08:56 137974 1355 6.2 33083040
08:57 137974 1354 6.2 33083040
08:58 137974 1353 6.2 33083040
09:00 137974 1349 6.2 33083040
09:01 137974 1348 6.2 33083040
09:02 137974 1347 6.2 33083040
09:03 137974 1346 6.2 33083040
09:04 137974 1345 6.2 33083040
09:05 137974 1343 6.2 33083040
09:06 137974 1342 6.2 33083040
09:07 137974 1341 6.2 33083040
09:08 137974 1340 6.2 33083040
09:09 137974 1339 6.2 33083040
09:10 137974 1338 6.2 33083040
09:11 137974 1337 6.2 33083040
09:12 137974 1335 6.2 33083040
09:13 137974 1334 6.2 33083040
09:14 137974 1333 6.2 33083040
09:15 137974 1332 6.2 33083040
09:16 137974 1331 6.2 33083040
09:17 137974 1330 6.2 33083040
09:18 137974 1329 6.2 33083040
09:19 137974 1328 6.2 33083040
09:20 137974 1327 6.2 33083040
09:21 137974 1325 6.2 33083040
09:22 137974 1324 6.2 33083040
09:23 137974 1323 6.2 33083040
09:24 137974 1322 6.2 33083040
09:25 137974 1320 6.2 33083040
09:26 137974 1319 6.2 33083040
09:27 137974 1318 6.2 33083040
09:29 137974 1314 6.2 33083040
09:30 137974 1313 6.2 33083040
09:31 137974 1311 6.2 33083040
09:32 137974 1310 6.2 33083040
09:33 137974 1309 6.2 33083040
09:34 137974 1307 6.2 33083040
09:35 137974 1306 6.2 33083040
09:36 137974 1305 6.2 33083040
09:37 137974 1303 6.2 33083040
09:38 137974 1302 6.2 33083040
09:39 137974 1300 6.2 33083040
09:40 137974 1299 6.2 33083040
09:41 137974 1298 6.2 33083040
09:42 137974 1296 6.2 33083040
09:43 137974 1295 6.2 33083040
09:44 137974 1294 6.2 33083040
09:45 137974 1292 6.2 33083040
09:46 137974 1291 6.2 33083040
09:47 137974 1290 6.2 33083040
09:48 137974 1288 6.2 33083040
09:49 137974 1287 6.2 33083040
09:50 137974 1286 6.2 33083040
09:51 137974 1285 6.2 33083040
09:52 137974 1283 6.2 33083040
09:53 137974 1282 6.2 33083040
09:54 137974 1281 6.2 33083040
09:55 137974 1279 6.2 33083040
09:56 137974 1278 6.2 33083040
09:57 137974 1277 6.2 33083040
09:59 137974 1273 6.2 33083040
10:00 137974 1272 6.2 33083040
10:01 137974 1271 6.2 33083040
10:02 137974 1270 6.2 33083040
10:03 137974 1268 6.2 33083040
10:04 137974 1267 6.2 33083040
10:05 137974 1266 6.2 33083040
10:06 137974 1265 6.2 33083040
10:07 137974 1263 6.2 33083040
10:08 137974 1262 6.2 33083040
10:09 137974 1261 6.2 33083040
10:10 137974 1260 6.2 33083040
10:11 137974 1259 6.2 33083040
10:12 137974 1257 6.2 33083040
10:13 137974 1256 6.2 33083040
10:14 137974 1255 6.2 33083040
10:15 137974 1254 6.2 33083040
10:16 137974 1253 6.2 33083040
10:17 137974 1251 6.2 33083040
10:18 137974 1250 6.2 33083040
10:19 137974 1249 6.2 33083040
10:20 137974 1248 6.2 33083040
10:21 137974 1247 6.2 33083040
10:22 137974 1245 6.2 33083040
10:23 137974 1244 6.2 33083040
10:24 137974 1243 6.2 33083040
10:25 137974 1242 6.2 33083040
10:26 137974 1241 6.2 33083040
10:28 137974 1238 6.2 33083040
10:29 137974 1236 6.2 33083040
10:30 137974 1235 6.2 33083040
10:31 137974 1234 6.2 33083040
10:32 137974 1233 6.2 33083040
10:33 137974 1232 6.2 33083040
10:34 137974 1231 6.2 33083040
10:35 137974 1230 6.2 33083040
10:36 137974 1229 6.2 33083040
10:37 137974 1227 6.2 33083040
10:38 137974 1226 6.2 33083040
10:39 137974 1225 6.2 33083040
10:40 137974 1224 6.2 33083040
10:41 137974 1223 6.2 33083040
10:42 137974 1222 6.2 33083040
10:43 137974 1221 6.2 33083040
10:44 137974 1220 6.2 33083040
10:45 137974 1219 6.2 33083040
10:46 137974 1218 6.2 33083040
10:47 137974 1216 6.2 33083040
10:48 137974 1215 6.2 33083040
10:49 137974 1214 6.2 33083040
10:50 137974 1213 6.2 33083040
10:51 137974 1212 6.2 33083040
10:52 137974 1211 6.2 33083040
10:53 137974 1210 6.2 33083040
10:54 137974 1209 6.2 33083040
10:55 137974 1208 6.2 33083040
10:56 137974 1207 6.2 33083040
10:58 137974 1204 6.2 33083040
10:59 137974 1203 6.2 33083040
11:00 137974 1202 6.2 33083040
11:01 137974 1201 6.2 33083040
11:02 137974 1200 6.2 33083040
11:03 137974 1199 6.2 33083040
11:04 137974 1198 6.2 33083040
11:05 137974 1197 6.2 33083040
11:06 137974 1196 6.2 33083040
11:07 137974 1195 6.2 33083040
11:08 137974 1194 6.2 33083040
11:09 137974 1193 6.2 33083040
11:10 137974 1192 6.2 33083040
11:11 137974 1191 6.2 33083040
11:12 137974 1190 6.2 33083040
11:13 137974 1189 6.2 33083040
11:14 137974 1188 6.2 33083040
11:15 137974 1187 6.2 33083040
11:16 137974 1186 6.2 33083040
11:17 137974 1185 6.2 33083040
11:18 137974 1184 6.2 33083040
11:19 137974 1183 6.2 33083040
11:20 137974 1182 6.2 33083040
11:21 137974 1181 6.2 33083040
11:22 137974 1180 6.2 33083040
11:23 137974 1179 6.2 33083040
11:24 137974 1178 6.2 33083040
11:25 137974 1177 6.2 33083040
11:27 137974 1174 6.2 33083040
11:28 137974 1173 6.2 33083040
11:29 137974 1172 6.2 33083040
11:30 137974 1171 6.2 33083040
11:31 137974 1170 6.2 33083040
11:32 137974 1169 6.2 33083040
11:33 137974 1168 6.2 33083040
11:34 137974 1167 6.2 33083040
11:35 137974 1167 6.2 33083040
11:36 137974 1166 6.2 33083040
11:37 137974 1165 6.2 33083040
11:38 137974 1164 6.2 33083040
11:39 137974 1163 6.2 33083040
11:40 137974 1162 6.2 33083040
11:41 137974 1161 6.2 33083040
11:42 137974 1160 6.2 33083040
11:43 137974 1159 6.2 33083040
11:44 137974 1158 6.2 33083040
11:45 137974 1157 6.2 33083040
11:46 137974 1156 6.2 33083040
11:47 137974 1155 6.2 33083040
11:48 137974 1154 6.2 33083040
11:49 137974 1153 6.2 33083040
11:50 137974 1152 6.2 33083040
11:51 137974 1151 6.2 33083040
11:52 137974 1150 6.2 33083040
11:53 137974 1149 6.2 33083040
11:54 137974 1148 6.2 33083040
11:55 137974 1147 6.2 33083040
11:57 137974 1145 6.2 33083040
11:58 137974 1144 6.2 33083040
11:59 137974 1142 6.2 33083040
12:00 137974 1141 6.2 33083040
12:01 137974 1140 6.2 33083040
12:02 137974 1139 6.2 33083040
12:03 137974 1138 6.2 33083040
12:04 137974 1137 6.2 33083040
12:05 137974 1136 6.2 33083040
12:06 137974 1135 6.2 33083040
12:07 137974 1134 6.2 33083040
12:08 137974 1133 6.2 33083040
12:09 137974 1132 6.2 33083040
12:10 137974 1131 6.2 33083040
12:11 137974 1131 6.2 33083040
12:12 137974 1130 6.2 33083040
12:13 137974 1129 6.2 33083040
12:14 137974 1128 6.2 33083040
12:15 137974 1127 6.2 33083040
12:16 137974 1126 6.2 33083040
12:17 137974 1125 6.2 33083040
12:18 137974 1124 6.2 33083040
12:19 137974 1123 6.2 33083040
12:20 137974 1122 6.2 33083040
12:21 137974 1121 6.2 33083040
12:22 137974 1120 6.2 33083040
12:23 137974 1119 6.2 33083040
12:24 137974 1118 6.2 33083040
12:26 137974 1116 6.2 33083040
12:27 137974 1115 6.2 33083040
12:28 137974 1114 6.2 33083040
12:29 137974 1113 6.2 33083040
12:30 137974 1112 6.2 33083040
12:31 137974 1111 6.2 33083040
12:32 137974 1110 6.2 33083040
12:33 137974 1109 6.2 33083040
12:34 137974 1108 6.2 33083040
12:35 137974 1107 6.2 33083040
12:36 137974 1106 6.2 33083040
12:37 137974 1105 6.2 33083040
12:38 137974 1104 6.2 33083040
12:39 137974 1103 6.2 33083040
12:40 137974 1103 6.2 33083040
12:41 137974 1102 6.2 33083040
12:42 137974 1101 6.2 33083040
12:43 137974 1100 6.2 33083040
12:44 137974 1099 6.2 33083040
12:45 137974 1098 6.2 33083040
12:46 137974 1097 6.2 33083040
12:47 137974 1096 6.2 33083040
12:48 137974 1095 6.2 33083040
12:49 137974 1095 6.2 33083040
12:50 137974 1094 6.2 33083040
12:51 137974 1093 6.2 33083040
12:52 137974 1092 6.2 33083040
12:53 137974 1091 6.2 33083040
12:55 137974 1089 6.2 33083040
12:56 137974 1088 6.2 33083040
12:57 137974 1087 6.2 33083040
12:58 137974 1086 6.2 33083040
12:59 137974 1085 6.2 33083040
13:00 137974 1084 6.2 33083040
13:01 137974 1084 6.2 33083040
13:02 137974 1083 6.2 33083040
13:03 137974 1082 6.2 33083040
13:04 137974 1081 6.2 33083040
13:05 137974 1080 6.2 33083040
13:06 137974 1079 6.2 33083040
13:07 137974 1078 6.2 33083040
13:08 137974 1078 6.2 33083040
13:09 137974 1077 6.2 33083040
13:10 137974 1076 6.2 33083040
13:11 137974 1075 6.2 33083040
13:12 137974 1074 6.2 33083040
13:13 137974 1073 6.2 33083040
13:14 137974 1073 6.2 33083040
13:15 137974 1072 6.2 33083040
13:16 137974 1071 6.2 33083040
13:17 137974 1070 6.2 33083040
13:18 137974 1069 6.2 33083040
13:19 137974 1068 6.2 33083040
13:20 137974 1068 6.2 33083040
13:21 137974 1067 6.2 33083040
13:22 137974 1066 6.2 33083040
13:24 137974 1064 6.2 33083040
13:25 137974 1063 6.2 33083040
13:26 137974 1062 6.2 33083040
13:27 137974 1061 6.2 33083040
13:28 137974 1061 6.2 33083040
13:29 137974 1060 6.2 33083040
13:30 137974 1059 6.2 33083040
13:31 137974 1058 6.2 33083040
13:32 137974 1057 6.2 33083040
13:33 137974 1057 6.2 33083040
13:34 137974 1056 6.2 33083040
13:35 137974 1055 6.2 33083040
13:36 137974 1054 6.2 33083040
13:37 137974 1053 6.2 33083040
13:38 137974 1053 6.2 33083040
13:39 137974 1052 6.2 33083040
13:40 137974 1051 6.2 33083040
13:41 137974 1050 6.2 33083040
13:42 137974 1050 6.2 33083040
13:43 137974 1049 6.2 33083040
13:44 137974 1048 6.2 33083040
13:45 137974 1047 6.2 33083040
13:46 137974 1046 6.2 33083040
13:47 137974 1046 6.2 33083040
13:48 137974 1045 6.2 33083040
13:49 137974 1044 6.2 33083040
13:50 137974 1043 6.2 33083040
13:51 137974 1043 6.2 33083040
13:52 137974 1042 6.2 33083040
13:54 137974 1040 6.2 33083040
13:55 137974 1039 6.2 33083040
13:56 137974 1038 6.2 33083040
13:57 137974 1038 6.2 33083040
13:58 137974 1037 6.2 33083040
13:59 137974 1036 6.2 33083040
14:00 137974 1035 6.2 33083040
14:01 137974 1035 6.2 33083040
14:02 137974 1034 6.2 33083040
14:03 137974 1033 6.2 33083040
14:04 137974 1032 6.2 33083040
14:05 137974 1032 6.2 33083040
14:06 137974 1031 6.2 33083040
14:07 137974 1030 6.2 33083040
14:08 137974 1030 6.2 33083040
14:09 137974 1029 6.2 33083040
14:10 137974 1028 6.2 33083040
14:11 137974 1027 6.2 33083040
14:12 137974 1027 6.2 33083040
14:13 137974 1026 6.2 33083040
14:14 137974 1025 6.2 33083040
14:15 137974 1024 6.2 33083040
14:16 137974 1024 6.2 33083040
14:17 137974 1023 6.2 33083040
14:18 137974 1022 6.2 33083040
14:19 137974 1022 6.2 33083040
14:20 137974 1021 6.2 33083040
14:21 137974 1020 6.2 33083040
14:23 137974 1018 6.2 33083040
14:24 137974 1018 6.2 33083040
14:25 137974 1017 6.2 33083040
14:26 137974 1016 6.2 33083040
14:27 137974 1016 6.2 33083040
14:28 137974 1015 6.2 33083040
14:29 137974 1014 6.2 33083040
14:30 137974 1013 6.2 33083040
14:31 137974 1013 6.2 33083040
14:32 137974 1012 6.2 33083040
14:33 137974 1011 6.2 33083040
14:34 137974 1011 6.2 33083040
14:35 137974 1010 6.2 33083040
14:36 137974 1009 6.2 33083040
14:37 137974 1009 6.2 33083040
14:38 137974 1008 6.2 33083040
14:39 137974 1007 6.2 33083040
14:40 137974 1007 6.2 33083040
14:41 137974 1006 6.2 33083040
14:42 137974 1005 6.2 33083040
14:43 137974 1005 6.2 33083040
14:44 137974 1004 6.2 33083040
14:45 137974 1003 6.2 33083040
14:46 137974 1003 6.2 33083040
14:47 137974 1002 6.2 33083040
14:48 137974 1001 6.2 33083040
14:49 137974 1001 6.2 33083040
14:50 137974 1000 6.2 33083040
14:52 137974 998 6.2 33083040
14:53 137974 998 6.2 33083040
14:54 137974 997 6.2 33083040
14:55 137974 996 6.2 33083040
14:56 137974 996 6.2 33083040
14:57 137974 995 6.2 32799504
14:58 137974 994 6.2 32799504
14:59 137974 994 6.2 32799504
15:00 137974 993 5.7 30111508
15:01 137974 992 5.7 30111508
15:02 137974 992 5.6 29749604
15:03 137974 991 5.5 29217160
15:04 137974 992 5.5 29226668
15:05 137974 991 5.5 29144356
15:06 137974 991 5.5 29144356
15:07 137974 990 5.5 29144356
15:08 137974 989 5.5 29144356
15:09 137974 989 5.5 29103676
15:10 137974 988 5.5 29103732
15:11 137974 987 5.5 29103752
15:12 137974 986 5.5 29103956
15:13 137974 986 5.5 29103956
15:14 137974 985 5.5 29103956
15:15 137974 984 5.5 29103956
15:16 137974 983 5.5 29103948
15:17 137974 983 5.5 29103948
15:18 137974 982 5.5 29103948
15:19 137974 981 5.5 29103948
15:20 137974 980 5.5 29103948
15:22 137974 979 5.5 29103948
15:23 137974 978 5.5 29103948
15:24 137974 977 2.8 15010820
15:25 137974 977 0.3 1699248
15:26 137974 976 0.1 987944
15:27 137974 975 0.5 2651936
15:28 137974 974 0.8 4423904
15:29 137974 973 1.1 6190856
15:30 137974 972 1.5 7983416
15:31 137974 971 1.8 9790236
15:32 137974 970 2.1 11598108
15:33 137974 969 2.5 13394116
15:34 137974 968 2.7 14325772
15:35 137974 967 2.7 14472028
15:36 137974 966 2.7 14618548
15:37 137974 965 2.7 14765068
15:38 137974 965 2.8 14911588
15:39 137974 964 2.8 15057316
15:40 137974 963 2.8 15202780
15:41 137974 962 2.9 15345340
15:42 137974 961 2.9 15483940
15:43 137974 960 0.0 0
