etime pid cpu mem rss
00:21 193852 198 2.0 10939288
00:22 193852 203 2.1 11268964
00:23 193852 207 2.1 11596588
00:24 193852 211 2.2 11926060
00:25 193852 215 2.3 12256852
00:26 193852 226 2.3 12599460
00:27 193852 286 2.4 13075976
00:28 193852 342 2.5 13555400
00:29 193852 373 2.6 13869032
00:30 193852 371 2.5 13247560
00:31 193852 369 2.5 13299540
00:32 193852 367 2.5 13352052
00:33 193852 365 2.5 13404296
00:34 193852 364 2.5 13457472
00:35 193852 362 2.5 13561032
00:36 193852 361 2.6 13833876
00:37 193852 359 2.6 14108144
00:38 193852 358 2.7 14335176
00:39 193852 357 2.7 14610500
00:40 193852 355 2.8 14885028
00:41 193852 356 2.6 14155056
00:42 193852 392 2.7 14363352
00:43 193852 426 2.7 14479512
00:44 193852 459 2.7 14594352
00:45 193852 490 2.7 14674344
00:46 193852 520 2.7 14734800
00:47 193852 548 2.8 14793408
00:48 193852 575 2.8 14970016
00:49 193852 602 2.8 15090660
00:51 193852 614 2.9 15308724
00:52 193852 638 2.9 15497744
00:53 193852 662 2.9 15606776
00:54 193852 684 2.9 15666704
00:55 193852 705 2.9 15720560
00:56 193852 726 2.9 15762008
00:57 193852 746 2.9 15796064
00:58 193852 765 2.9 15828008
00:59 193852 783 3.0 15867344
01:00 193852 801 3.0 15895592
01:01 193852 819 3.0 15923576
01:02 193852 836 3.0 15952088
01:03 193852 852 3.0 15974528
01:04 193852 868 3.0 15996440
01:05 193852 883 3.0 16014656
01:06 193852 898 3.0 16031552
01:07 193852 912 3.0 16050032
01:08 193852 926 3.0 16077224
01:09 193852 940 3.0 16094384
01:10 193852 953 3.0 16109960
01:11 193852 965 3.0 16126328
01:12 193852 978 3.0 16140584
01:13 193852 990 3.0 16154048
01:14 193852 1002 3.0 16166720
01:15 193852 1013 3.0 16178864
01:16 193852 1024 3.0 16190216
01:17 193852 1035 3.0 16201040
01:18 193852 1046 3.0 16211864
01:20 193852 1043 3.0 16222952
01:21 193852 1053 3.0 16231136
01:22 193852 1063 3.0 16239848
01:23 193852 1072 3.0 16248560
01:24 193852 1082 3.0 16257536
01:25 193852 1091 3.0 16265720
01:26 193852 1100 3.0 16274960
01:27 193852 1109 3.0 16283408
01:28 193852 1117 3.0 16291336
01:29 193852 1126 3.0 16298200
01:30 193852 1134 3.0 16303744
01:31 193852 1136 3.0 16307176
01:32 193852 1129 3.0 16307704
01:33 193852 1120 2.9 15675452
01:34 193852 1111 2.9 15727964
01:35 193852 1103 2.9 15780736
01:36 193852 1095 2.9 15833652
01:37 193852 1087 3.0 15887424
01:38 193852 1079 3.0 15940812
01:39 193852 1071 3.0 15993676
01:40 193852 1063 3.0 16046184
01:41 193852 1056 3.0 16098960
01:42 193852 1048 3.0 16151732
01:43 193852 1041 3.0 16204504
01:44 193852 1034 3.0 16257280
01:45 193852 1027 3.0 16311372
01:46 193852 1021 3.1 16586956
01:48 193852 1005 3.1 16862280
01:49 193852 998 3.2 17139712
01:50 193852 992 3.2 17403420
01:51 193852 986 3.3 17680852
01:52 193852 980 3.4 17958020
01:53 193852 974 3.4 18233988
01:54 193852 968 3.5 18509572
01:55 193852 962 3.5 18785156
01:56 193852 968 3.5 18816044
01:57 193852 976 3.5 18816044
01:58 193852 984 3.5 18816044
01:59 193852 991 3.5 18816044
02:00 193852 998 3.5 18816044
02:01 193852 1005 3.5 18816044
02:02 193852 1012 3.5 18816044
02:03 193852 1019 3.5 18816044
02:04 193852 1026 3.5 18816044
02:05 193852 1033 3.5 18816044
02:06 193852 1039 3.5 18816044
02:07 193852 1046 3.5 18816044
02:08 193852 1052 3.5 18816044
02:09 193852 1058 3.5 18816044
02:10 193852 1064 3.5 18816044
02:11 193852 1071 3.5 18816044
02:12 193852 1077 3.5 18816044
02:13 193852 1082 3.5 18816044
02:14 193852 1088 3.5 18816044
02:15 193852 1094 3.5 18816044
02:16 193852 1100 3.5 18816044
02:18 193852 1097 3.5 18816044
02:19 193852 1103 3.5 18816044
02:20 193852 1108 3.5 18816044
02:21 193852 1113 3.5 18816044
02:22 193852 1119 3.5 18816044
02:23 193852 1124 3.5 18816044
02:24 193852 1129 3.5 18816044
02:25 193852 1134 3.5 18816044
02:26 193852 1139 3.5 18816044
02:27 193852 1144 3.5 18816044
02:28 193852 1149 3.5 18816044
02:29 193852 1153 3.5 18816044
02:30 193852 1158 3.5 18816044
02:31 193852 1163 3.5 18816044
02:32 193852 1167 3.5 18816044
02:33 193852 1172 3.5 18816044
02:34 193852 1176 3.5 18816044
02:35 193852 1181 3.5 18816044
02:36 193852 1185 3.5 18816044
02:37 193852 1189 3.5 18816044
02:38 193852 1194 3.5 18816044
02:39 193852 1198 3.5 18816044
02:40 193852 1202 3.5 18816044
02:41 193852 1206 3.5 18816044
02:42 193852 1210 3.5 18816044
02:43 193852 1214 3.5 18816044
02:44 193852 1218 3.5 18816044
02:46 193852 1215 3.5 18816044
02:47 193852 1218 3.5 18816044
02:48 193852 1222 3.5 18816044
02:49 193852 1226 3.5 18816044
02:50 193852 1230 3.5 18816044
02:51 193852 1233 3.5 18816044
02:52 193852 1237 3.5 18816044
02:53 193852 1241 3.5 18816044
02:54 193852 1244 3.5 18816044
02:55 193852 1248 3.5 18816044
02:56 193852 1251 3.5 18816044
02:57 193852 1255 3.5 18816044
02:58 193852 1258 3.5 18816044
02:59 193852 1262 3.5 18816044
03:00 193852 1265 3.5 18816044
03:01 193852 1268 3.5 18816044
03:02 193852 1271 3.5 18816044
03:03 193852 1275 3.5 18816044
03:04 193852 1278 3.5 18816044
03:05 193852 1281 3.5 18816044
03:06 193852 1284 3.5 18816044
03:07 193852 1287 3.5 18816044
03:08 193852 1290 3.5 18816044
03:09 193852 1293 3.5 18816044
03:10 193852 1296 3.5 18816044
03:11 193852 1299 3.5 18816044
03:12 193852 1302 3.5 18816044
03:14 193852 1298 3.5 18816044
03:15 193852 1301 3.5 18816044
03:16 193852 1304 3.5 18816044
03:17 193852 1307 3.5 18816044
03:18 193852 1310 3.5 18816044
03:19 193852 1312 3.5 18816044
03:20 193852 1315 3.5 18816044
03:21 193852 1318 3.5 18816044
03:22 193852 1321 3.5 18816044
03:23 193852 1323 3.5 18816044
03:24 193852 1326 3.5 18816044
03:25 193852 1328 3.5 18816044
03:26 193852 1331 3.5 18816044
03:27 193852 1334 3.5 18816044
03:28 193852 1336 3.5 18816044
03:29 193852 1339 3.5 18816044
03:30 193852 1341 3.5 18816044
03:31 193852 1343 3.5 18816044
03:32 193852 1346 3.5 18816044
03:33 193852 1348 3.5 18816044
03:34 193852 1351 3.5 18816044
03:35 193852 1353 3.5 18816044
03:36 193852 1355 3.5 18816044
03:37 193852 1358 3.5 18816044
03:38 193852 1360 3.5 18816044
03:39 193852 1362 3.5 18816044
03:40 193852 1365 3.5 18816044
03:41 193852 1367 3.5 18816044
03:43 193852 1363 3.5 18816044
03:44 193852 1365 3.5 18816044
03:45 193852 1367 3.5 18816044
03:46 193852 1370 3.5 18816044
03:47 193852 1372 3.5 18816044
03:48 193852 1374 3.5 18816044
03:49 193852 1376 3.5 18816044
03:50 193852 1378 3.5 18816044
03:51 193852 1380 3.5 18816044
03:52 193852 1382 3.5 18816044
03:53 193852 1384 3.5 18816044
03:54 193852 1386 3.5 18816044
03:55 193852 1388 3.5 18816044
03:56 193852 1390 3.5 18816044
03:57 193852 1392 3.5 18816044
03:58 193852 1393 3.5 18816044
03:59 193852 1394 3.5 18816044
04:00 193852 1395 3.5 18816044
04:01 193852 1396 3.5 18816044
04:02 193852 1398 3.5 18816044
04:03 193852 1399 3.5 18816044
04:04 193852 1400 3.5 18816044
04:05 193852 1401 3.5 18816044
04:06 193852 1402 3.5 18816044
04:07 193852 1403 3.5 18816044
04:08 193852 1404 3.5 18816044
04:09 193852 1405 3.5 18816044
04:11 193852 1400 3.5 18816044
04:12 193852 1401 3.5 18816044
04:13 193852 1402 3.5 18816044
04:14 193852 1403 3.5 18816044
04:15 193852 1404 3.5 18816044
04:16 193852 1405 3.5 18816044
04:17 193852 1406 3.5 18816044
04:18 193852 1407 3.5 18816044
04:19 193852 1408 3.5 18816044
04:20 193852 1409 3.5 18816044
04:21 193852 1410 3.5 18816044
04:22 193852 1410 3.5 18816044
04:23 193852 1411 3.5 18816044
04:24 193852 1411 3.5 18816044
04:25 193852 1412 3.5 18816044
04:26 193852 1412 3.5 18816044
04:27 193852 1413 3.5 18816044
04:28 193852 1413 3.5 18816044
04:29 193852 1413 3.5 18816044
04:30 193852 1413 3.5 18816044
04:31 193852 1413 3.5 18816044
04:32 193852 1413 3.5 18816044
04:33 193852 1412 3.5 18816044
04:34 193852 1412 3.5 18816044
04:35 193852 1412 3.5 18816044
04:36 193852 1411 3.5 18816044
04:37 193852 1411 3.5 18816044
04:39 193852 1405 3.5 18816044
04:40 193852 1405 3.5 18816044
04:41 193852 1404 3.5 18816044
04:42 193852 1403 3.5 18816044
04:43 193852 1403 3.5 18816044
04:44 193852 1402 3.5 18816044
04:45 193852 1401 3.5 18816044
04:46 193852 1400 3.5 18816044
04:47 193852 1399 3.5 18816044
04:48 193852 1398 3.5 18816044
04:49 193852 1397 3.5 18816044
04:50 193852 1396 3.5 18816044
04:51 193852 1395 3.5 18816044
04:52 193852 1395 3.5 18816044
04:53 193852 1394 3.5 18816044
04:54 193852 1393 3.5 18816044
04:55 193852 1392 3.5 18816044
04:56 193852 1391 3.5 18816044
04:57 193852 1390 3.5 18816044
04:58 193852 1389 3.5 18816044
04:59 193852 1388 3.5 18816044
05:00 193852 1388 3.5 18816044
05:01 193852 1387 3.5 18816044
05:02 193852 1386 3.5 18816044
05:03 193852 1385 3.5 18816044
05:04 193852 1383 3.5 18816044
05:06 193852 1377 3.5 18816044
05:07 193852 1376 3.5 18816044
05:08 193852 1374 3.5 18816044
05:09 193852 1372 3.5 18816044
05:10 193852 1370 3.5 18816044
05:11 193852 1368 3.5 18816044
05:12 193852 1367 3.5 18816044
05:13 193852 1365 3.5 18816044
05:14 193852 1363 3.5 18816044
05:15 193852 1362 3.5 18816044
05:16 193852 1360 3.5 18816044
05:17 193852 1358 3.5 18816044
05:18 193852 1356 3.5 18816044
05:19 193852 1354 3.5 18816044
05:20 193852 1352 3.5 18816044
05:21 193852 1350 3.5 18816044
05:22 193852 1348 3.5 18816044
05:23 193852 1346 3.5 18816044
05:24 193852 1344 3.5 18816044
05:25 193852 1341 3.5 18816044
05:26 193852 1339 3.5 18816044
05:27 193852 1336 3.5 18816044
05:28 193852 1334 3.5 18816044
05:29 193852 1331 3.5 18816044
05:30 193852 1329 3.5 18816044
05:31 193852 1326 3.5 18816044
05:32 193852 1324 3.5 18816044
05:34 193852 1317 3.5 18816044
05:35 193852 1315 3.5 18816044
05:36 193852 1313 3.5 18816044
05:37 193852 1310 3.5 18816044
05:38 193852 1308 3.5 18816044
05:39 193852 1306 3.5 18816044
05:40 193852 1303 3.5 18816044
05:41 193852 1301 3.5 18816044
05:42 193852 1299 3.5 18816044
05:43 193852 1296 3.5 18816044
05:44 193852 1294 3.5 18816044
05:45 193852 1292 3.5 18816044
05:46 193852 1290 3.5 18816044
05:47 193852 1287 3.5 18816044
05:48 193852 1285 3.5 18816044
05:49 193852 1283 3.5 18816044
05:50 193852 1281 3.5 18816044
05:51 193852 1279 3.5 18816044
05:52 193852 1276 3.5 18816044
05:53 193852 1274 3.5 18816044
05:54 193852 1272 3.5 18816044
05:55 193852 1270 3.5 18816044
05:56 193852 1268 3.5 18816044
05:57 193852 1266 3.5 18816044
05:58 193852 1264 3.5 18816044
05:59 193852 1262 3.5 18816044
06:00 193852 1260 3.5 18816044
06:02 193852 1254 3.5 18816044
06:03 193852 1252 3.5 18816044
06:04 193852 1250 3.5 18816044
06:05 193852 1248 3.5 18816044
06:06 193852 1246 3.5 18816044
06:07 193852 1244 3.5 18816044
06:08 193852 1242 3.5 18816044
06:09 193852 1240 3.5 18816044
06:10 193852 1238 3.5 18816044
06:11 193852 1236 3.5 18816044
06:12 193852 1234 3.5 18816044
06:13 193852 1231 3.5 18816044
06:14 193852 1229 3.5 18816044
06:15 193852 1227 3.5 18816044
06:16 193852 1225 3.5 18816044
06:17 193852 1223 3.5 18816044
06:18 193852 1221 3.5 18816044
06:19 193852 1219 3.5 18816044
06:20 193852 1216 3.5 18816044
06:21 193852 1214 3.5 18816044
06:22 193852 1212 3.5 18816044
06:23 193852 1210 3.5 18816044
06:24 193852 1208 3.5 18816044
06:25 193852 1206 3.5 18816044
06:26 193852 1204 3.5 18816044
06:27 193852 1202 3.5 18816044
06:28 193852 1200 3.5 18816044
06:29 193852 1198 3.5 18816044
06:31 193852 1193 3.5 18816044
06:32 193852 1191 3.5 18816044
06:33 193852 1189 3.5 18816044
06:34 193852 1187 3.5 18816044
06:35 193852 1185 3.5 18816044
06:36 193852 1183 3.5 18816044
06:37 193852 1181 3.5 18816044
06:38 193852 1179 3.5 18816044
06:39 193852 1177 3.5 18816044
06:40 193852 1175 3.5 18816044
06:41 193852 1173 3.5 18816044
06:42 193852 1171 3.5 18816044
06:43 193852 1170 3.5 18816044
06:44 193852 1168 3.5 18816044
06:45 193852 1166 3.5 18816044
06:46 193852 1164 3.5 18816044
06:47 193852 1162 3.5 18816044
06:48 193852 1160 3.5 18816044
06:49 193852 1158 3.5 18816044
06:50 193852 1157 3.5 18816044
06:51 193852 1155 3.5 18816044
06:52 193852 1153 3.5 18816044
06:53 193852 1151 3.5 18816044
06:54 193852 1149 3.5 18816044
06:55 193852 1148 3.5 18816044
06:56 193852 1146 3.5 18816044
06:57 193852 1144 3.5 18816044
06:58 193852 1142 3.5 18816044
07:00 193852 1138 3.5 18816044
07:01 193852 1136 3.5 18816044
07:02 193852 1134 3.5 18816044
07:03 193852 1133 3.5 18816044
07:04 193852 1131 3.5 18816044
07:05 193852 1129 3.5 18816044
07:06 193852 1128 3.5 18816044
07:07 193852 1126 3.5 18816044
07:08 193852 1124 3.5 18816044
07:09 193852 1123 3.5 18816044
07:10 193852 1121 3.5 18816044
07:11 193852 1119 3.5 18816044
07:12 193852 1118 3.5 18816044
07:13 193852 1116 3.5 18816044
07:14 193852 1115 3.5 18816044
07:15 193852 1113 3.5 18816044
07:16 193852 1111 3.5 18816044
07:17 193852 1110 3.5 18816044
07:18 193852 1108 3.5 18816044
07:19 193852 1107 3.5 18816044
07:20 193852 1105 3.5 18816044
07:21 193852 1103 3.5 18816044
07:22 193852 1102 3.5 18816044
07:23 193852 1100 3.5 18816044
07:24 193852 1099 3.5 18816044
07:25 193852 1097 3.5 18816044
07:26 193852 1096 3.5 18816044
07:27 193852 1094 3.5 18816044
07:28 193852 1093 3.5 18816044
07:30 193852 1089 3.5 18816044
07:31 193852 1087 3.5 18816044
07:32 193852 1086 3.5 18816044
07:33 193852 1084 3.5 18816044
07:34 193852 1083 3.5 18816044
07:35 193852 1081 3.5 18816044
07:36 193852 1080 3.5 18816044
07:37 193852 1078 3.5 18816044
07:38 193852 1076 3.5 18816044
07:39 193852 1075 3.5 18816044
07:40 193852 1073 3.5 18816044
07:41 193852 1071 3.5 18816044
07:42 193852 1070 3.5 18816044
07:43 193852 1068 3.5 18816044
07:44 193852 1067 3.5 18816044
07:45 193852 1065 3.5 18816044
07:46 193852 1063 3.5 18816044
07:47 193852 1062 3.5 18816044
07:48 193852 1060 3.5 18816044
07:49 193852 1058 3.5 18816044
07:50 193852 1057 3.5 18816044
07:51 193852 1055 3.5 18816044
07:52 193852 1054 3.5 18816044
07:53 193852 1052 3.5 18816044
07:54 193852 1051 3.5 18816044
07:55 193852 1049 3.5 18816044
07:56 193852 1047 3.5 18816044
07:57 193852 1046 3.5 18816044
07:59 193852 1042 3.5 18816044
08:00 193852 1041 3.5 18816044
08:01 193852 1039 3.5 18816044
08:02 193852 1038 3.5 18816044
08:03 193852 1036 3.5 18816044
08:04 193852 1035 3.5 18816044
08:05 193852 1033 3.5 18816044
08:06 193852 1032 3.5 18816044
08:07 193852 1030 3.5 18816044
08:08 193852 1029 3.5 18816044
08:09 193852 1027 3.5 18816044
08:10 193852 1026 3.5 18816044
08:11 193852 1024 3.5 18816044
08:12 193852 1023 3.5 18816044
08:13 193852 1021 3.5 18816044
08:14 193852 1020 3.5 18816044
08:15 193852 1018 3.5 18816044
08:16 193852 1017 3.5 18816044
08:17 193852 1016 3.5 18816044
08:18 193852 1014 3.5 18816044
08:19 193852 1013 3.5 18816044
08:20 193852 1011 3.5 18816044
08:21 193852 1010 3.5 18816044
08:22 193852 1009 3.5 18816044
08:23 193852 1007 3.5 18816044
08:24 193852 1006 3.5 18816044
08:25 193852 1004 3.5 18816044
08:26 193852 1003 3.5 18816044
08:28 193852 1000 3.5 18816044
08:29 193852 998 3.5 18816044
08:30 193852 997 3.5 18816044
08:31 193852 996 3.5 18816044
08:32 193852 994 3.5 18816044
08:33 193852 993 3.5 18816044
08:34 193852 992 3.5 18816044
08:35 193852 990 3.5 18816044
08:36 193852 989 3.5 18816044
08:37 193852 988 3.5 18816044
08:38 193852 986 3.5 18816044
08:39 193852 985 3.5 18816044
08:40 193852 984 3.5 18816044
08:41 193852 982 3.5 18816044
08:42 193852 981 3.5 18816044
08:43 193852 980 3.5 18816044
08:44 193852 979 3.5 18816044
08:45 193852 977 3.5 18816044
08:46 193852 976 3.5 18816044
08:47 193852 975 3.5 18816044
08:48 193852 974 3.5 18816044
08:49 193852 972 3.5 18816044
08:50 193852 971 3.5 18816044
08:51 193852 970 3.5 18816044
08:52 193852 969 3.5 18816044
08:53 193852 967 3.5 18816044
08:54 193852 966 3.5 18816044
08:55 193852 965 3.5 18816044
08:57 193852 962 3.5 18816044
08:58 193852 961 3.5 18816044
08:59 193852 959 3.5 18816044
09:00 193852 958 3.5 18816044
09:01 193852 957 3.5 18816044
09:02 193852 956 3.5 18816044
09:03 193852 955 3.5 18816044
09:04 193852 953 3.5 18816044
09:05 193852 952 3.5 18816044
09:06 193852 951 3.5 18816044
09:07 193852 950 3.5 18816044
09:08 193852 949 3.5 18816044
09:09 193852 948 3.5 18816044
09:10 193852 946 3.5 18816044
09:11 193852 945 3.5 18816044
09:12 193852 944 3.5 18816044
09:13 193852 943 3.5 18816044
09:14 193852 942 3.5 18816044
09:15 193852 941 3.5 18816044
09:16 193852 940 3.5 18816044
09:17 193852 938 3.5 18816044
09:18 193852 937 3.5 18816044
09:19 193852 936 3.5 18816044
09:20 193852 935 3.5 18816044
09:21 193852 934 3.5 18816044
09:22 193852 933 3.5 18816044
09:23 193852 932 3.5 18816044
09:24 193852 931 3.5 18816044
09:26 193852 928 3.5 18816044
09:27 193852 927 3.5 18816044
09:28 193852 926 3.5 18816044
09:29 193852 925 3.5 18816044
09:30 193852 924 3.5 18816044
09:31 193852 922 3.5 18816044
09:32 193852 921 3.5 18816044
09:33 193852 920 3.5 18816044
09:34 193852 919 3.5 18816044
09:35 193852 918 3.5 18816044
09:36 193852 917 3.5 18816044
09:37 193852 916 3.5 18816044
09:38 193852 915 3.5 18816044
09:39 193852 914 3.5 18816044
09:40 193852 913 3.5 18816044
09:41 193852 912 3.5 18816044
09:42 193852 911 3.5 18816044
09:43 193852 910 3.5 18816044
09:44 193852 909 3.5 18816044
09:45 193852 908 3.5 18816044
09:46 193852 907 3.5 18816044
09:47 193852 906 3.5 18816044
09:48 193852 905 3.5 18816044
09:49 193852 904 3.5 18816044
09:50 193852 903 3.5 18816044
09:51 193852 902 3.5 18816044
09:52 193852 901 3.5 18816044
09:53 193852 900 3.5 18816044
09:54 193852 899 3.5 18816044
09:56 193852 896 3.5 18816044
09:57 193852 895 3.5 18816044
09:58 193852 894 3.5 18816044
09:59 193852 893 3.5 18816044
10:00 193852 892 3.5 18816044
10:01 193852 891 3.5 18816044
10:02 193852 890 3.5 18816044
10:03 193852 889 3.5 18816044
10:04 193852 888 3.5 18816044
10:05 193852 888 3.5 18816044
10:06 193852 887 3.5 18816044
10:07 193852 886 3.5 18816044
10:08 193852 885 3.5 18816044
10:09 193852 884 3.5 18816044
10:10 193852 883 3.5 18816044
10:11 193852 882 3.5 18816044
10:12 193852 881 3.5 18816044
10:13 193852 880 3.5 18816044
10:14 193852 879 3.5 18816044
10:15 193852 878 3.5 18816044
10:16 193852 877 3.5 18816044
10:17 193852 876 3.5 18816044
10:18 193852 875 3.5 18816044
10:19 193852 874 3.5 18816044
10:20 193852 874 3.5 18816044
10:21 193852 873 3.5 18816044
10:22 193852 872 3.5 18816044
10:23 193852 871 3.5 18816044
10:25 193852 869 3.5 18816044
10:26 193852 868 3.5 18816044
10:27 193852 867 3.5 18816044
10:28 193852 866 3.5 18816044
10:29 193852 865 3.5 18816044
10:30 193852 864 3.5 18816044
10:31 193852 863 3.5 18816044
10:32 193852 862 3.5 18816044
10:33 193852 861 3.5 18816044
10:34 193852 861 3.5 18816044
10:35 193852 860 3.3 17608560
10:36 193852 859 3.2 16953652
10:37 193852 859 3.2 16929176
10:38 193852 858 3.2 16929176
10:39 193852 857 3.2 16929176
10:40 193852 856 3.2 16929176
10:41 193852 855 3.2 16929176
10:42 193852 855 3.2 16929176
10:43 193852 854 3.2 16998200
10:44 193852 853 3.2 16998244
10:45 193852 852 3.2 16998244
10:46 193852 851 3.2 16998244
10:47 193852 850 3.2 16998244
10:48 193852 849 3.2 16998244
10:49 193852 849 3.2 17069612
10:50 193852 848 3.2 17069612
10:51 193852 847 3.2 17069612
10:52 193852 846 3.2 17069612
10:54 193852 844 3.2 17069612
10:55 193852 843 3.2 17069612
10:56 193852 842 3.2 17069612
10:57 193852 842 3.2 17049272
10:58 193852 841 3.2 17049272
10:59 193852 840 3.2 17049272
11:00 193852 839 3.2 17049272
11:01 193852 838 3.2 17049272
11:02 193852 837 3.2 17049272
11:03 193852 836 3.2 17049272
11:04 193852 835 3.2 17049264
11:05 193852 834 2.6 14082772
11:06 193852 833 0.6 3320468
11:07 193852 832 0.6 3664716
11:08 193852 831 1.0 5456220
11:09 193852 831 1.3 7135524
11:10 193852 830 1.3 7279668
11:11 193852 829 1.4 7422756
11:12 193852 828 1.4 7565844
11:15 193852 826 1.5 8179436
11:16 193852 826 1.6 8507852
11:17 193852 825 1.6 8834156
11:18 193852 824 1.7 9165212
11:19 193852 825 1.8 9549004
11:20 193852 826 1.9 10029220
11:21 193852 828 1.9 10512792
11:22 193852 828 1.8 10025016
11:24 193852 826 1.9 10209052
11:25 193852 826 1.9 10489124
11:26 193852 825 2.0 10762860
11:27 193852 824 2.0 11045048
11:28 193852 824 2.1 11321676
11:29 193852 823 2.1 11602320
11:30 193852 823 2.2 11880724
11:31 193852 822 2.3 12161064
11:32 193852 821 2.3 12443776
11:33 193852 821 2.4 12720416
11:34 193852 821 2.4 12733544
11:35 193852 823 2.4 12827260
11:36 193852 824 2.4 12896688
11:37 193852 826 2.4 12965592
11:38 193852 828 2.4 13011792
11:39 193852 829 2.4 13064856
11:40 193852 831 2.4 13107360
11:41 193852 832 2.4 13142396
11:42 193852 834 2.4 13165364
11:43 193852 836 2.4 13189384
11:44 193852 837 2.5 13211556
11:45 193852 839 2.5 13230300
11:46 193852 839 2.5 13233468
11:47 193852 838 2.3 12600168
11:48 193852 837 2.3 12650288
11:49 193852 837 2.4 12927196
11:50 193852 836 2.5 13209116
11:51 193852 836 2.5 13273180
11:53 193852 834 2.5 13322916
11:54 193852 833 2.5 13375496
11:55 193852 833 2.5 13428004
11:56 193852 832 2.5 13480780
11:57 193852 831 2.5 13530384
11:58 193852 831 2.5 13576564
11:59 193852 830 2.5 13628016
12:00 193852 830 2.5 13435656
12:01 193852 831 2.5 13452532
12:02 193852 833 2.5 13461772
12:03 193852 834 2.5 13467580
12:04 193852 836 2.5 13471540
12:05 193852 838 2.5 13474972
12:06 193852 839 2.5 13478668
12:07 193852 841 2.5 13481308
12:08 193852 842 2.5 13482892
12:09 193852 844 2.5 13484740
12:10 193852 845 2.5 13486060
12:11 193852 847 2.5 13487116
12:12 193852 848 2.5 13488172
12:13 193852 850 2.5 13488964
12:14 193852 851 2.5 13489492
12:15 193852 853 2.5 13490020
12:16 193852 854 2.5 13490284
12:17 193852 856 2.5 13490812
12:18 193852 857 2.5 13491340
12:19 193852 859 2.5 13491604
12:21 193852 859 2.5 13492132
12:22 193852 861 2.5 13492924
12:23 193852 862 2.5 13492924
12:24 193852 864 2.5 13493188
12:25 193852 865 2.5 13493188
12:26 193852 867 2.5 13493716
12:27 193852 868 2.5 13493716
12:28 193852 870 2.5 13493716
12:29 193852 871 2.5 13494244
12:30 193852 872 2.5 13494244
12:31 193852 874 2.5 13494244
12:32 193852 875 2.5 13494244
12:33 193852 877 2.5 13494244
12:34 193852 878 2.5 13494508
12:35 193852 880 2.5 13494508
12:36 193852 881 2.5 13494772
12:37 193852 881 2.5 13494772
12:38 193852 882 2.5 13494772
12:39 193852 882 2.5 13494772
12:40 193852 882 2.5 13494772
12:41 193852 882 2.5 13494772
12:42 193852 883 2.5 13495012
12:43 193852 883 2.5 13495192
12:44 193852 883 2.5 13495324
12:45 193852 883 2.5 13495324
12:46 193852 883 2.5 13495324
12:47 193852 883 2.5 13495324
12:48 193852 883 2.5 13495324
12:50 193852 881 2.5 13495588
12:51 193852 881 2.5 13495588
12:52 193852 880 2.5 13495588
12:53 193852 880 2.5 13495588
12:54 193852 879 2.5 13495588
12:55 193852 879 2.5 13495588
12:56 193852 878 2.5 13495588
12:57 193852 877 2.5 13381232
12:58 193852 877 2.4 12836912
12:59 193852 876 2.4 12882560
13:00 193852 876 2.4 12928208
13:01 193852 877 2.4 12934276
13:02 193852 878 2.4 12934276
13:03 193852 878 2.4 12816168
13:04 193852 877 2.4 12816168
13:05 193852 877 2.4 12816168
13:06 193852 876 2.4 12816168
13:07 193852 876 2.4 12816168
13:08 193852 875 2.4 13101204
13:09 193852 874 2.4 13101240
13:10 193852 874 2.4 12961016
13:11 193852 873 2.4 12961016
13:12 193852 873 2.4 12961016
13:13 193852 872 2.4 12961016
13:14 193852 871 2.4 12961016
13:15 193852 871 2.4 12961016
13:16 193852 870 2.4 12961016
13:17 193852 869 2.4 12961016
13:19 193852 868 2.4 12961016
13:20 193852 867 1.2 6635820
13:21 193852 866 0.6 3298920
13:22 193852 865 0.9 4797372
13:23 193852 865 1.2 6365004
13:24 193852 864 1.4 7612404
13:25 193852 863 1.4 7753908
13:26 193852 863 1.4 7895412
13:27 193852 862 1.5 8037708
13:32 193852 859 1.7 9280616
13:33 193852 858 1.8 9536688
13:34 193852 857 1.8 9674468
13:36 193852 856 1.8 9811196
13:37 193852 855 1.8 9939736
13:38 193852 854 1.9 10075140
13:39 193852 854 1.9 10212920
13:40 193852 853 1.9 10350964
13:41 193852 852 1.9 10483732
13:42 193852 852 2.0 10614384
13:43 193852 851 2.0 10751900
13:44 193852 850 2.0 10889680
13:45 193852 850 2.0 11026936
13:46 193852 849 2.1 11142464
13:47 193852 851 2.1 11214268
13:48 193852 852 2.1 11269444
13:49 193852 853 2.1 11328316
13:50 193852 854 2.1 11388768
13:51 193852 856 2.1 11450016
13:52 193852 857 2.1 11516016
13:53 193852 858 2.1 11576736
13:54 193852 859 2.2 11637984
13:55 193852 860 2.2 11701872
13:56 193852 862 2.2 11774208
13:57 193852 863 2.2 11866344
13:58 193852 864 2.2 11960064
13:59 193852 865 2.2 12043496
14:00 193852 865 2.2 12076760
14:01 193852 864 2.1 11426784
14:02 193852 864 2.1 11448164
14:03 193852 863 2.2 11682332
14:05 193852 861 2.2 11969564
14:06 193852 861 2.3 12258328
14:07 193852 860 2.3 12527628
14:08 193852 860 2.4 12699304
14:09 193852 859 2.4 12751812
14:10 193852 858 2.4 12804588
14:11 193852 858 2.4 12857360
14:12 193852 857 2.4 12909872
14:13 193852 856 2.4 12962644
14:14 193852 856 2.4 13015152
14:15 193852 855 2.4 13067664
14:16 193852 854 2.4 12924868
14:17 193852 854 2.4 12978172
14:18 193852 853 2.4 13031736
14:19 193852 852 2.4 13085300
14:20 193852 852 2.4 13138868
14:21 193852 851 2.4 13192432
14:22 193852 851 2.5 13277148
14:23 193852 850 2.5 13425208
14:24 193852 849 2.5 13570644
14:25 193852 849 2.5 13711324
14:26 193852 848 2.6 13852008
14:27 193852 847 2.6 13992692
14:28 193852 847 2.6 14109356
14:29 193852 848 2.6 14112252
14:30 193852 850 2.6 14114364
14:31 193852 851 2.6 14116476
14:32 193852 852 2.6 14118588
14:34 193852 852 2.6 14120960
14:35 193852 853 2.6 14123600
14:36 193852 854 2.6 14125184
14:37 193852 856 2.6 14127296
14:38 193852 857 2.6 14129672
14:39 193852 858 2.6 14130992
14:40 193852 859 2.6 14131256
14:41 193852 860 2.6 14131256
14:42 193852 861 2.6 14131256
14:43 193852 862 2.6 14131256
14:44 193852 863 2.6 14131256
14:45 193852 865 2.6 14131256
14:46 193852 866 2.6 14131256
14:47 193852 867 2.6 14131256
14:48 193852 868 2.6 14131256
14:49 193852 867 2.6 14131256
14:50 193852 867 2.4 12987112
14:51 193852 866 2.4 13010328
14:52 193852 866 2.4 13037504
14:53 193852 866 2.3 12555484
14:54 193852 865 2.3 12555484
14:55 193852 864 2.3 12555484
14:56 193852 864 2.3 12555484
14:57 193852 863 2.3 12555484
14:58 193852 862 2.3 12555840
14:59 193852 862 2.3 12556052
15:00 193852 861 2.3 12556084
15:01 193852 861 2.3 12556084
15:03 193852 859 2.3 12556084
15:04 193852 858 2.3 12556084
15:05 193852 858 2.3 12556084
15:06 193852 857 2.3 12556084
15:07 193852 856 2.3 12556084
15:08 193852 856 2.3 12269332
15:09 193852 855 0.5 2732720
15:10 193852 854 0.7 4216652
15:11 193852 854 1.1 5945852
15:12 193852 853 1.4 7703036
15:13 193852 852 1.7 9464972
15:19 193852 849 2.2 12072500
15:20 193852 848 2.3 12318280
15:21 193852 848 2.3 12598120
15:22 193852 847 2.4 12880864
15:23 193852 847 2.4 13161232
15:24 193852 846 2.5 13427076
15:25 193852 846 2.5 13564592
15:26 193852 846 2.5 13702108
15:27 193852 845 2.6 13836724
15:28 193852 845 2.6 13966584
15:29 193852 844 2.6 14102780
15:30 193852 844 2.6 14240032
15:31 193852 843 2.7 14375440
15:32 193852 843 2.7 14502396
15:33 193852 842 2.7 14639648
15:34 193852 842 2.7 14777164
15:35 193852 841 2.8 14908084
15:36 193852 841 2.8 15038472
15:37 193852 842 2.8 15038472
15:38 193852 843 2.8 15038472
15:40 193852 844 2.8 15038472
15:41 193852 845 2.8 15038992
15:42 193852 846 2.8 15038992
15:43 193852 847 2.8 15038992
15:44 193852 848 2.8 15038992
15:45 193852 850 2.8 15039772
15:46 193852 851 2.8 15040548
15:47 193852 852 2.8 15040808
15:48 193852 853 2.8 15040808
15:49 193852 854 2.8 15041132
15:50 193852 855 2.8 15041392
15:51 193852 857 2.8 15041652
15:52 193852 858 2.8 15041652
15:53 193852 859 2.8 15041916
15:54 193852 860 2.8 15041916
15:55 193852 860 2.8 15041916
15:56 193852 860 2.8 15041916
15:57 193852 860 2.8 15042176
15:58 193852 860 2.8 15042176
15:59 193852 859 2.8 15042192
16:00 193852 859 2.8 15042472
16:01 193852 858 2.7 14392080
16:02 193852 858 2.7 14395204
16:03 193852 857 2.7 14559684
16:04 193852 857 2.8 14844540
16:05 193852 856 2.8 15130716
16:06 193852 856 2.9 15377300
16:07 193852 856 2.9 15519040
16:08 193852 855 2.9 15642564
16:10 193852 854 2.9 15696392
16:11 193852 853 2.9 15749692
16:12 193852 853 2.9 15803788
16:13 193852 852 3.0 15857616
16:14 193852 852 3.0 15911180
16:15 193852 851 3.0 15965012
16:16 193852 851 3.0 16019104
16:17 193852 851 3.0 16072140
16:18 193852 850 3.0 16125440
16:19 193852 850 3.0 16163440
16:20 193852 851 3.0 16163440
16:21 193852 852 3.0 16163440
16:22 193852 854 3.0 16163440
16:23 193852 855 3.0 16163440
16:24 193852 856 3.0 16163440
16:25 193852 857 3.0 16163440
16:26 193852 858 3.0 16163440
16:27 193852 859 3.0 16163440
16:28 193852 860 3.0 16163440
16:29 193852 861 3.0 16163440
16:30 193852 862 3.0 16163440
16:31 193852 864 3.0 16163440
16:32 193852 865 3.0 16163440
16:33 193852 866 3.0 16163440
16:34 193852 867 3.0 16163440
16:35 193852 868 3.0 16163440
16:36 193852 869 3.0 16163440
16:37 193852 870 3.0 16163440
16:39 193852 870 3.0 16163440
16:40 193852 872 3.0 16163440
16:41 193852 873 3.0 16163440
16:42 193852 874 3.0 16163440
16:43 193852 875 3.0 16163440
16:44 193852 876 3.0 16163440
16:45 193852 877 3.0 16163440
16:46 193852 878 3.0 16163440
16:47 193852 879 3.0 16163440
16:48 193852 880 3.0 16163440
16:49 193852 881 3.0 16163440
16:50 193852 882 3.0 16163440
16:51 193852 883 3.0 16163440
16:52 193852 884 3.0 16163440
16:53 193852 886 3.0 16163440
16:54 193852 887 3.0 16163440
16:55 193852 888 3.0 16163440
16:56 193852 889 3.0 16163440
16:57 193852 890 3.0 16163440
16:58 193852 891 3.0 16163440
16:59 193852 892 3.0 16163440
17:00 193852 892 3.0 16163440
17:01 193852 893 3.0 16163440
17:02 193852 893 3.0 16163440
17:03 193852 893 3.0 16163440
17:04 193852 894 3.0 16163440
17:05 193852 894 3.0 16163440
17:06 193852 894 3.0 16163440
17:08 193852 893 3.0 16163440
17:09 193852 893 3.0 16163440
17:10 193852 893 3.0 16163440
17:11 193852 893 3.0 16163440
17:12 193852 892 3.0 16163440
17:13 193852 892 3.0 16163440
17:14 193852 892 3.0 16163440
17:15 193852 891 3.0 16163440
17:16 193852 891 3.0 16163440
17:17 193852 890 3.0 16163440
17:18 193852 890 3.0 16163440
17:19 193852 889 3.0 16163440
17:20 193852 889 3.0 16163440
17:21 193852 888 3.0 16163440
17:22 193852 888 3.0 16163440
17:23 193852 888 3.0 16163440
17:24 193852 887 3.0 16163440
17:25 193852 887 3.0 16163440
17:26 193852 886 3.0 16163440
17:27 193852 886 2.9 15509080
17:28 193852 885 2.9 15509080
17:29 193852 885 2.9 15509080
17:30 193852 884 2.9 15509080
17:31 193852 884 2.9 15509080
17:32 193852 883 2.9 15509080
17:33 193852 883 2.9 15509080
17:34 193852 882 2.9 15509068
17:35 193852 881 2.9 15509068
17:37 193852 880 1.2 6629372
17:38 193852 880 0.6 3423808
17:39 193852 879 0.9 5066416
17:40 193852 878 1.2 6786376
17:41 193852 878 1.4 7729648
17:42 193852 877 1.4 7871680
17:43 193852 877 1.5 8014240
17:44 193852 876 1.5 8154688
17:45 193852 876 1.5 8244712
17:46 193852 875 1.6 8484948
17:47 193852 875 1.6 8766372
17:48 193852 874 1.7 9048588
17:49 193852 874 1.7 9331332
17:50 193852 873 1.8 9600080
17:51 193852 873 1.8 9724664
17:52 193852 872 1.8 9857692
17:53 193852 872 1.8 9995736
17:54 193852 871 1.9 10134044
17:55 193852 871 1.9 10272352
17:56 193852 870 1.9 10408288
17:57 193852 869 1.9 10540524
17:58 193852 869 2.0 10674344
17:59 193852 868 2.0 10812652
18:00 193852 868 2.0 10950696
18:01 193852 867 2.1 11088740
18:02 193852 867 2.1 11210684
18:03 193852 868 2.1 11210684
18:04 193852 869 2.1 11210684
18:06 193852 869 2.1 11210684
18:07 193852 870 2.1 11210684
18:08 193852 871 2.1 11210684
18:09 193852 872 2.1 11210684
18:10 193852 873 2.1 11210684
18:11 193852 873 2.1 11210684
18:12 193852 874 2.1 11210684
18:13 193852 875 2.1 11210684
18:14 193852 876 2.1 11210684
18:15 193852 877 2.1 11210700
18:16 193852 878 2.1 11210700
18:17 193852 878 2.1 11210700
18:18 193852 877 2.0 10559912
18:19 193852 877 2.0 10559912
18:20 193852 876 2.0 10559912
18:21 193852 876 2.0 10829188
18:22 193852 875 2.1 11116104
18:23 193852 875 2.1 11313668
18:24 193852 874 2.1 11443392
18:25 193852 873 2.1 11591204
18:26 193852 873 2.2 11732940
18:27 193852 872 2.2 11874152
18:28 193852 872 2.2 11989492
18:29 193852 871 2.2 12043320
18:30 193852 871 2.2 12096888
18:31 193852 870 2.3 12150188
18:32 193852 870 2.3 12203752
18:33 193852 869 2.3 12257320
18:34 193852 869 2.3 12310884
18:36 193852 869 2.3 12325132
18:37 193852 870 2.3 12325132
18:38 193852 870 2.3 12325132
18:39 193852 871 2.3 12325132
18:40 193852 872 2.3 12325132
18:41 193852 873 2.3 12325132
18:42 193852 874 2.3 12325132
18:43 193852 875 2.3 12325132
18:44 193852 876 2.3 12325132
18:45 193852 876 2.3 12325132
18:46 193852 876 2.3 12325132
18:47 193852 875 2.2 11674192
18:48 193852 875 2.2 11674192
18:49 193852 874 2.2 11674192
18:50 193852 873 2.2 11674192
18:51 193852 873 2.2 11674192
18:52 193852 872 1.2 6628856
18:53 193852 872 0.6 3460980
18:54 193852 871 0.9 5022276
19:00 193852 868 2.2 11741076
19:01 193852 868 2.2 11883900
19:02 193852 867 2.2 12025404
19:03 193852 867 2.2 12121760
19:04 193852 866 2.3 12400016
19:05 193852 866 2.4 12678008
19:06 193852 866 2.4 12957056
19:07 193852 865 2.5 13239800
19:08 193852 865 2.5 13462340
19:09 193852 864 2.5 13581644
19:10 193852 864 2.5 13708868
19:11 193852 864 2.6 13842424
19:13 193852 862 2.6 13980204
19:14 193852 862 2.6 14117724
19:15 193852 862 2.6 14247584
19:16 193852 861 2.7 14380612
19:17 193852 861 2.7 14518392
19:18 193852 860 2.7 14656172
19:19 193852 860 2.8 14789732
19:20 193852 860 2.8 14919328
19:21 193852 860 2.8 15036784
19:22 193852 860 2.8 15036784
19:23 193852 861 2.8 15036784
19:24 193852 862 2.8 15036784
19:25 193852 863 2.8 15036784
19:26 193852 864 2.8 15036784
19:27 193852 865 2.8 15036784
19:28 193852 866 2.8 15036784
19:29 193852 867 2.8 15036784
19:30 193852 868 2.8 15036784
19:31 193852 869 2.8 15036784
19:32 193852 870 2.8 15036784
19:33 193852 871 2.8 15036784
19:34 193852 872 2.8 15036784
19:35 193852 873 2.8 15036784
19:36 193852 874 2.8 15036784
19:37 193852 874 2.8 15036784
19:38 193852 875 2.8 15036784
19:39 193852 875 2.8 15036784
19:40 193852 875 2.8 15036784
19:42 193852 874 2.8 15036784
19:43 193852 874 2.8 15036784
19:44 193852 874 2.8 15036784
19:45 193852 873 2.8 15036784
19:46 193852 873 2.7 14386024
19:47 193852 872 2.7 14386024
19:48 193852 872 2.7 14386024
19:49 193852 872 2.7 14570292
19:50 193852 871 2.8 14859636
19:51 193852 871 2.8 15057108
19:52 193852 870 2.8 15194360
19:53 193852 870 2.9 15335308
19:54 193852 870 2.9 15478368
19:55 193852 869 2.9 15627500
19:56 193852 869 2.9 15771084
19:57 193852 869 3.0 15868208
19:58 193852 868 3.0 15916760
19:59 193852 868 3.0 15962148
20:00 193852 867 3.0 16007268
20:01 193852 867 3.0 16053972
20:02 193852 867 3.0 16107276
20:03 193852 867 3.0 16150284
20:04 193852 867 3.0 16150284
20:05 193852 868 3.0 16150284
20:06 193852 869 3.0 16150284
20:07 193852 870 3.0 16150284
20:08 193852 871 3.0 16150284
20:09 193852 872 3.0 16150284
20:10 193852 873 3.0 16150284
20:12 193852 873 3.0 16150284
20:13 193852 874 3.0 16150284
20:14 193852 875 3.0 16150284
20:15 193852 876 3.0 16150284
20:16 193852 877 3.0 16150284
20:17 193852 878 3.0 16150284
20:18 193852 878 3.0 16150284
20:19 193852 879 3.0 16150284
20:20 193852 880 3.0 16150284
20:21 193852 881 3.0 16150284
20:22 193852 882 3.0 16150284
20:23 193852 883 3.0 16150284
20:24 193852 884 3.0 16150284
20:25 193852 885 3.0 16150284
20:26 193852 886 3.0 16150284
20:27 193852 886 3.0 16150284
20:28 193852 887 3.0 16150284
20:29 193852 888 3.0 16150284
20:30 193852 889 3.0 16150284
20:31 193852 890 3.0 16150284
20:32 193852 891 3.0 16150284
20:33 193852 892 3.0 16150284
20:34 193852 893 3.0 16150284
20:35 193852 893 3.0 16150284
20:36 193852 894 3.0 16150284
20:37 193852 895 3.0 16150284
20:38 193852 896 3.0 16150284
20:40 193852 896 3.0 16150284
20:41 193852 897 3.0 16150284
20:42 193852 898 3.0 16150284
20:43 193852 899 3.0 16150284
20:44 193852 899 3.0 16150284
20:45 193852 899 3.0 16150284
20:46 193852 900 3.0 16150284
20:47 193852 900 3.0 16150284
20:48 193852 900 3.0 16150284
20:49 193852 900 3.0 16150300
20:50 193852 900 3.0 16150300
20:51 193852 900 3.0 16150300
20:52 193852 900 3.0 16150300
20:53 193852 900 3.0 16150300
20:54 193852 900 3.0 16150300
20:55 193852 900 3.0 16150300
20:56 193852 899 3.0 16150300
20:57 193852 899 3.0 16150300
20:58 193852 899 3.0 16150300
20:59 193852 898 3.0 16150300
21:00 193852 898 3.0 16150300
21:01 193852 898 3.0 16150300
21:02 193852 897 3.0 16150300
21:03 193852 897 3.0 16150300
21:04 193852 897 3.0 16150300
21:05 193852 896 3.0 16150300
21:06 193852 896 3.0 16150300
21:07 193852 895 3.0 16150300
21:09 193852 894 3.0 16150300
21:10 193852 894 3.0 16150300
21:11 193852 894 3.0 16150300
21:12 193852 893 3.0 16150300
21:13 193852 893 3.0 16150300
21:14 193852 892 3.0 16150300
21:15 193852 892 3.0 16150300
21:16 193852 892 3.0 16150300
21:17 193852 891 3.0 16150300
21:18 193852 891 3.0 16150300
21:19 193852 891 3.0 16150300
21:20 193852 890 3.0 16150300
21:21 193852 890 3.0 16150300
21:22 193852 889 3.0 16150300
21:23 193852 889 3.0 16150300
21:24 193852 889 3.0 16150300
21:25 193852 888 3.0 16150300
21:26 193852 888 2.9 15499660
21:27 193852 888 2.9 15499660
21:28 193852 887 2.9 15499660
21:29 193852 887 2.9 15499660
21:30 193852 886 2.9 15499660
21:31 193852 886 2.9 15499660
21:32 193852 885 2.9 15499660
21:33 193852 885 2.9 15499648
21:34 193852 884 2.8 14941352
21:35 193852 884 1.0 5286360
21:36 193852 884 0.7 3925856
21:38 193852 882 1.0 5707856
21:39 193852 882 1.3 7343132
21:40 193852 882 1.4 7773452
21:41 193852 881 1.4 7914692
21:42 193852 881 1.5 8056460
21:43 193852 880 1.5 8197964
21:49 193852 878 1.8 9580000
21:50 193852 877 1.8 9717780
21:51 193852 877 1.8 9855560
21:52 193852 876 1.8 9993076
21:53 193852 876 1.9 10125580
21:54 193852 875 1.9 10255968
21:55 193852 875 1.9 10393748
21:56 193852 875 1.9 10531528
21:57 193852 874 2.0 10667200
21:58 193852 874 2.0 10798116
21:59 193852 873 2.0 10932464
22:00 193852 873 2.0 11070508
22:01 193852 872 2.1 11208288
22:02 193852 873 2.1 11210112
22:03 193852 874 2.1 11210112
22:04 193852 875 2.1 11210112
22:05 193852 875 2.1 11210112
22:06 193852 876 2.1 11210112
22:07 193852 877 2.1 11210112
22:08 193852 878 2.1 11210112
22:09 193852 878 2.1 11210112
22:10 193852 879 2.1 11210112
22:11 193852 880 2.1 11210112
22:12 193852 880 2.1 11210112
22:13 193852 881 2.1 11210112
22:14 193852 882 2.1 11210112
22:15 193852 882 2.1 11210112
22:16 193852 881 2.0 10559544
22:18 193852 880 2.0 10559544
22:19 193852 880 2.0 10559544
22:20 193852 879 2.0 10611284
22:21 193852 879 2.0 10899604
22:22 193852 878 2.1 11132184
22:23 193852 878 2.1 11263104
22:24 193852 878 2.1 11392176
22:25 193852 877 2.1 11521772
22:26 193852 877 2.2 11647148
22:27 193852 876 2.2 11779912
22:28 193852 876 2.2 11902648
22:29 193852 875 2.2 12038316
22:30 193852 875 2.2 12100596
22:31 193852 875 2.3 12150996
22:32 193852 874 2.3 12201132
22:33 193852 874 2.3 12251000
22:34 193852 873 2.3 12301400
22:35 193852 874 2.3 12324092
22:36 193852 874 2.3 12324092
22:37 193852 875 2.3 12324092
22:38 193852 876 2.3 12324092
22:39 193852 876 2.3 12324092
22:40 193852 877 2.3 12324092
22:41 193852 878 2.3 12324092
22:42 193852 879 2.3 12324092
22:43 193852 879 2.3 12324092
22:44 193852 880 2.3 12324092
22:45 193852 879 2.3 12324092
22:46 193852 879 2.2 11673388
22:48 193852 878 2.2 11673388
22:49 193852 877 2.2 11673388
22:50 193852 877 2.2 11673392
22:51 193852 876 2.2 11673392
22:52 193852 876 0.9 5074820
22:53 193852 876 0.6 3637836
22:54 193852 875 0.9 5090100
22:55 193852 875 1.2 6663012
22:56 193852 874 1.5 8225364
22:57 193852 874 1.8 9772140
22:58 193852 873 2.1 11377524
22:59 193852 873 2.2 11622780
23:00 193852 873 2.2 11766660
23:01 193852 872 2.2 11908956
23:02 193852 872 2.2 12050724
23:03 193852 871 2.3 12168728
23:04 193852 871 2.3 12441704
23:05 193852 871 2.4 12713888
23:06 193852 870 2.4 12987656
23:07 193852 870 2.5 13263008
23:08 193852 870 2.5 13476632
23:09 193852 869 2.5 13606228
23:10 193852 869 2.6 13742424
23:11 193852 869 2.6 13879940
23:12 193852 868 2.6 14016404
23:13 193852 868 2.6 14145736
23:14 193852 868 2.7 14280348
23:15 193852 868 2.7 14417864
23:16 193852 867 2.7 14554064
23:18 193852 866 2.7 14682076
23:19 193852 866 2.8 14817744
23:20 193852 866 2.8 14954996
23:21 193852 866 2.8 15036556
23:22 193852 866 2.8 15036556
23:23 193852 867 2.8 15036556
23:24 193852 868 2.8 15036556
23:25 193852 869 2.8 15036556
23:26 193852 870 2.8 15036556
23:27 193852 870 2.8 15036556
23:28 193852 871 2.8 15036556
23:29 193852 872 2.8 15036556
23:30 193852 873 2.8 15036556
23:31 193852 873 2.8 15036556
23:32 193852 874 2.8 15036556
23:33 193852 875 2.8 15036556
23:34 193852 876 2.8 15036556
23:35 193852 877 2.8 15036556
23:36 193852 877 2.8 15036556
23:37 193852 878 2.8 15036556
23:38 193852 878 2.8 15036556
23:39 193852 878 2.8 15036556
23:40 193852 878 2.8 15036556
23:41 193852 878 2.8 15036556
23:42 193852 878 2.8 15036556
23:43 193852 877 2.8 15036556
23:44 193852 877 2.8 15036560
23:45 193852 877 2.7 14385920
23:47 193852 876 2.7 14385920
23:48 193852 876 2.7 14385920
23:49 193852 875 2.7 14473036
23:50 193852 875 2.7 14755252
23:51 193852 875 2.8 14916328
23:52 193852 874 2.8 15056480
23:53 193852 874 2.8 15197692
23:54 193852 874 2.9 15338640
23:55 193852 873 2.9 15485132
23:56 193852 873 2.9 15633472
23:57 193852 873 2.9 15774680
23:58 193852 872 3.0 15915628
23:59 193852 872 3.0 16006680
24:00 193852 872 3.0 16060508
24:01 193852 871 3.0 16114340
24:02 193852 871 3.0 16150224
24:03 193852 872 3.0 16150224
24:04 193852 873 3.0 16150224
24:05 193852 874 3.0 16150224
24:06 193852 874 3.0 16150224
24:07 193852 875 3.0 16150224
24:08 193852 876 3.0 16150224
24:09 193852 877 3.0 16150224
24:10 193852 877 3.0 16150224
24:11 193852 878 3.0 16150224
24:12 193852 879 3.0 16150224
24:13 193852 880 3.0 16150224
24:15 193852 880 3.0 16150224
24:16 193852 881 3.0 16150224
24:17 193852 881 3.0 16150224
24:18 193852 882 3.0 16150224
24:19 193852 883 3.0 16150224
24:20 193852 884 3.0 16150224
24:21 193852 884 3.0 16150224
24:22 193852 885 3.0 16150224
24:23 193852 886 3.0 16150224
24:24 193852 887 3.0 16150224
24:25 193852 887 3.0 16150224
24:26 193852 888 3.0 16150224
24:27 193852 889 3.0 16150224
24:28 193852 889 3.0 16150224
24:29 193852 890 3.0 16150224
24:30 193852 891 3.0 16150224
24:31 193852 892 3.0 16150224
24:32 193852 892 3.0 16150224
24:33 193852 893 3.0 16150224
24:34 193852 894 3.0 16150224
24:35 193852 895 3.0 16150224
24:36 193852 895 3.0 16150224
24:37 193852 896 3.0 16150224
24:38 193852 897 3.0 16150224
24:39 193852 897 3.0 16150224
24:40 193852 898 3.0 16150224
24:41 193852 899 3.0 16150224
24:42 193852 899 3.0 16150224
24:44 193852 899 3.0 16150224
24:45 193852 899 3.0 16150224
24:46 193852 899 3.0 16150224
24:47 193852 900 3.0 16150224
24:48 193852 900 3.0 16150224
24:49 193852 900 3.0 16150224
24:50 193852 900 3.0 16150224
24:51 193852 900 3.0 16150224
24:52 193852 900 3.0 16150224
24:53 193852 900 3.0 16150224
24:54 193852 899 3.0 16150224
24:55 193852 899 3.0 16150224
24:56 193852 899 3.0 16150224
24:57 193852 899 3.0 16150224
24:58 193852 898 3.0 16150224
24:59 193852 898 3.0 16150224
25:00 193852 898 3.0 16150224
25:01 193852 898 3.0 16150224
25:02 193852 897 3.0 16150224
25:03 193852 897 3.0 16150224
25:04 193852 897 3.0 16150224
25:05 193852 897 3.0 16150224
25:06 193852 896 3.0 16150224
25:07 193852 896 3.0 16150224
25:08 193852 896 3.0 16150224
25:09 193852 895 3.0 16150224
25:10 193852 895 3.0 16150224
25:11 193852 895 3.0 16150224
25:13 193852 894 3.0 16150224
25:14 193852 893 3.0 16150224
25:15 193852 893 3.0 16150224
25:16 193852 893 3.0 16150224
25:17 193852 892 3.0 16150224
25:18 193852 892 3.0 16150224
25:19 193852 892 3.0 16150224
25:20 193852 891 3.0 16150224
25:21 193852 891 3.0 16150224
25:22 193852 891 3.0 16150224
25:23 193852 891 3.0 16150224
25:24 193852 890 3.0 16150224
25:25 193852 890 3.0 16150224
25:26 193852 890 3.0 16150224
25:27 193852 889 3.0 16150224
25:28 193852 889 3.0 16150224
25:29 193852 889 2.9 15499604
25:30 193852 888 2.9 15499604
25:31 193852 888 1.2 6628828
25:32 193852 887 0.6 3503300
25:33 193852 887 0.9 5020772
25:34 193852 887 1.2 6557516
25:35 193852 886 1.5 8121440
25:36 193852 886 1.8 9712304
25:37 193852 886 2.1 11335904
25:38 193852 885 2.2 11620496
25:39 193852 885 2.2 11763584
25:40 193852 884 2.2 11905088
25:42 193852 884 2.2 12046856
25:43 193852 883 2.3 12154828
25:44 193852 883 2.3 12436780
25:45 193852 882 2.4 12720844
25:46 193852 882 2.4 13005436
25:47 193852 882 2.5 13290028
25:48 193852 881 2.5 13482204
25:49 193852 881 2.5 13602300
25:50 193852 881 2.6 13734012
25:51 193852 880 2.6 13863344
25:52 193852 880 2.6 14000860
25:53 193852 879 2.6 14138376
25:54 193852 879 2.7 14271672
25:55 193852 879 2.7 14401004
25:56 193852 878 2.7 14538520
25:57 193852 878 2.7 14676300
25:58 193852 878 2.8 14809068
25:59 193852 877 2.8 14938928
26:00 193852 877 2.8 15036620
26:01 193852 878 2.8 15036620
26:02 193852 878 2.8 15036620
26:03 193852 879 2.8 15036620
26:04 193852 880 2.8 15036620
26:05 193852 880 2.8 15036620
26:06 193852 881 2.8 15036620
26:07 193852 882 2.8 15036620
26:08 193852 882 2.8 15036620
26:09 193852 883 2.8 15036620
26:10 193852 883 2.8 15036620
26:12 193852 883 2.8 15036620
26:13 193852 884 2.8 15036620
26:14 193852 885 2.8 15036620
26:15 193852 885 2.8 15036620
26:16 193852 886 2.8 15036620
26:17 193852 887 2.8 15036620
26:18 193852 887 2.8 15036620
26:19 193852 887 2.8 15036620
26:20 193852 887 2.8 15036620
26:21 193852 887 2.8 15036620
26:22 193852 886 2.8 15036620
26:23 193852 886 2.8 15036624
26:24 193852 886 2.8 15036636
26:25 193852 885 2.7 14385924
26:26 193852 885 2.7 14385928
26:27 193852 885 2.7 14365140
26:28 193852 884 2.7 14365140
26:29 193852 884 2.7 14645768
26:30 193852 883 2.7 14768236
26:31 193852 883 2.8 14905224
26:32 193852 883 2.8 15046172
26:33 193852 882 2.8 15187912
26:34 193852 882 2.9 15336252
26:35 193852 882 2.9 15482212
26:36 193852 881 2.9 15623424
26:37 193852 881 2.9 15764900
26:38 193852 881 3.0 15912448
26:40 193852 880 3.0 16046532
26:41 193852 879 3.0 16100096
26:42 193852 879 3.0 16129384
26:43 193852 880 3.0 16129384
26:44 193852 881 3.0 16129384
26:45 193852 881 3.0 16129384
26:46 193852 882 3.0 16129384
26:47 193852 882 3.0 16129384
26:48 193852 883 3.0 16129384
26:49 193852 884 3.0 16129384
26:50 193852 884 3.0 16129384
26:51 193852 885 3.0 16129384
26:52 193852 885 3.0 16129384
26:53 193852 886 3.0 16129384
26:54 193852 887 3.0 16129384
26:55 193852 887 3.0 16129384
26:56 193852 888 3.0 16129384
26:57 193852 889 3.0 16129384
26:58 193852 889 3.0 16129384
26:59 193852 890 3.0 16129384
27:00 193852 890 3.0 16129384
27:01 193852 891 3.0 16129384
27:02 193852 891 3.0 16129384
27:03 193852 892 3.0 16129384
27:04 193852 893 3.0 16129384
27:05 193852 893 3.0 16129384
27:06 193852 894 3.0 16129384
27:08 193852 894 3.0 16129384
27:09 193852 895 3.0 16129384
27:10 193852 895 3.0 16129388
27:11 193852 896 3.0 16129388
27:12 193852 896 3.0 16129388
27:13 193852 897 3.0 16129388
27:14 193852 897 3.0 16129388
27:15 193852 898 3.0 16129388
27:16 193852 899 3.0 16129388
27:17 193852 899 3.0 16129388
27:18 193852 900 3.0 16129388
27:19 193852 900 3.0 16129388
27:20 193852 901 3.0 16129388
27:21 193852 901 3.0 16129388
27:22 193852 902 3.0 16129388
27:23 193852 902 3.0 16129388
27:24 193852 902 3.0 16129388
27:25 193852 902 3.0 16129388
27:26 193852 902 3.0 16129388
27:27 193852 902 3.0 16129388
27:28 193852 902 3.0 16129388
27:29 193852 902 3.0 16129388
27:30 193852 902 3.0 16129388
27:31 193852 902 3.0 16129388
27:32 193852 901 3.0 16129388
27:33 193852 901 3.0 16129388
27:34 193852 901 3.0 16129388
27:35 193852 901 3.0 16129388
27:37 193852 900 3.0 16129388
27:38 193852 899 3.0 16129388
27:39 193852 899 3.0 16129388
27:40 193852 899 3.0 16129388
27:41 193852 899 3.0 16129388
27:42 193852 898 3.0 16129388
27:43 193852 898 3.0 16129388
27:44 193852 897 3.0 16129388
27:45 193852 897 3.0 16129388
27:46 193852 897 3.0 16129388
27:47 193852 896 3.0 16129388
27:48 193852 896 3.0 16129388
27:49 193852 896 3.0 16129388
27:50 193852 895 3.0 16129388
27:51 193852 895 3.0 16129388
27:52 193852 895 3.0 16129388
27:53 193852 894 3.0 16129388
27:54 193852 894 3.0 16129388
27:55 193852 894 3.0 16129388
27:56 193852 893 3.0 16129388
27:57 193852 893 3.0 16129388
27:58 193852 893 2.9 15478788
27:59 193852 892 2.8 15230828
28:00 193852 892 1.2 6476956
28:01 193852 891 0.7 3713784
28:02 193852 891 1.0 5465424
28:03 193852 891 1.3 7252440
28:04 193852 890 1.4 7757208
28:06 193852 889 1.4 7901868
28:07 193852 889 1.5 8046276
28:08 193852 889 1.5 8189628
28:09 193852 888 1.5 8297600
28:10 193852 888 1.6 8583248
28:11 193852 888 1.6 8871272
28:12 193852 888 1.7 9158240
28:13 193852 887 1.7 9443360
28:14 193852 887 1.8 9638176
28:15 193852 887 1.8 9761500
28:16 193852 886 1.8 9895848
28:17 193852 886 1.9 10033892
28:18 193852 886 1.9 10171936
28:19 193852 886 1.9 10306288
28:20 193852 885 1.9 10436148
28:21 193852 885 2.0 10572872
28:22 193852 885 2.0 10710652
28:23 193852 884 2.0 10848436
28:24 193852 884 2.0 10978560
28:25 193852 884 2.1 11111588
28:26 193852 884 2.1 11189640
28:27 193852 885 2.1 11189640
28:28 193852 885 2.1 11189640
28:29 193852 886 2.1 11189640
28:30 193852 887 2.1 11189640
28:31 193852 887 2.1 11189640
28:32 193852 888 2.1 11189640
28:33 193852 888 2.1 11189640
28:35 193852 889 2.1 11189640
28:36 193852 889 2.1 11189640
28:37 193852 890 2.1 11189640
28:38 193852 890 2.1 11189640
28:39 193852 891 2.1 11189640
28:40 193852 892 2.1 11189640
28:41 193852 891 2.1 11189640
28:42 193852 891 1.9 10539000
28:43 193852 891 1.9 10539000
28:44 193852 891 1.9 10539000
28:45 193852 890 1.9 10539008
28:46 193852 890 2.0 10668100
28:47 193852 890 2.0 10811164
28:48 193852 889 2.0 10956080
28:49 193852 889 2.1 11104948
28:50 193852 889 2.1 11246948
28:51 193852 889 2.1 11388160
28:52 193852 888 2.1 11529900
28:53 193852 888 2.2 11678240
28:54 193852 888 2.2 11823936
28:55 193852 887 2.2 11965412
28:56 193852 887 2.2 12106360
28:57 193852 887 2.3 12251532
28:58 193852 887 2.3 12303264
28:59 193852 888 2.3 12303264
29:00 193852 888 2.3 12303264
29:01 193852 889 2.3 12303264
29:02 193852 890 2.3 12303264
29:04 193852 890 2.3 12303264
29:05 193852 890 2.3 12303264
29:06 193852 891 2.3 12303264
29:07 193852 892 2.3 12303264
29:08 193852 892 2.3 12303264
29:09 193852 892 2.3 12303264
29:10 193852 891 2.2 11652560
29:11 193852 891 2.4 12893628
29:12 193852 891 2.7 14462052
29:13 193852 890 3.0 16092252
29:14 193852 890 3.3 17725884
29:15 193852 889 3.6 19365588
29:16 193852 889 3.8 20567052
29:17 193852 888 3.9 20711704
29:18 193852 888 3.9 20855972
29:19 193852 887 3.9 20998532
29:20 193852 887 4.0 21136604
29:21 193852 887 4.2 22485380
29:22 193852 886 4.6 24313580
29:23 193852 886 4.9 26212796
29:24 193852 885 4.9 26359844
29:25 193852 885 5.0 26504780
29:26 193852 884 5.0 26640476
29:27 193852 884 5.0 26783564
29:28 193852 883 0.0 0
29:29 193852 883 0.0 0
