      00:36 111575  584  3.8 20109664
      00:37 111575  580  3.8 20151872
      00:38 111575  575  3.8 20204912
      00:39 111575  571  3.8 20257420
      00:40 111575  567  3.8 20311188
      00:41 111575  563  3.8 20364892
      00:42 111575  560  3.8 20418228
      00:43 111575  556  3.8 20471532
      00:44 111575  553  3.8 20524304
      00:45 111575  550  3.8 20577076
      00:46 111575  547  3.9 20629852
      00:48 111575  533  3.9 20737536
      00:49 111575  530  3.9 21011536
      00:50 111575  528  4.0 21286068
      00:51 111575  526  4.0 21561124
      00:52 111575  524  4.1 21837236
      00:53 111575  522  4.1 22113352
      00:54 111575  520  4.2 22389992
      00:55 111575  518  4.2 22667424
      00:56 111575  516  4.3 22946444
      00:57 111575  514  4.3 23219124
      00:58 111575  512  4.4 23494972
      00:59 111575  511  4.3 23061356
      01:00 111575  509  4.2 22296888
      01:01 111575  531  4.2 22313784
      01:02 111575  554  4.2 22313784
      01:03 111575  577  4.2 22313784
      01:04 111575  599  4.2 22313784
      01:05 111575  620  4.2 22314044
      01:06 111575  640  4.2 22315084
      01:07 111575  660  4.2 22315864
      01:08 111575  679  4.2 22316384
      01:09 111575  698  4.2 22316912
      01:10 111575  716  4.2 22317176
      01:11 111575  734  4.2 22318232
      01:12 111575  751  4.2 22319024
      01:13 111575  768  4.2 22319816
      01:14 111575  784  4.2 22320080
      01:16 111575  789  4.2 22320608
      01:17 111575  804  4.2 22321928
      01:18 111575  819  4.2 22322456
      01:19 111575  834  4.2 22322720
      01:20 111575  848  4.2 22323512
      01:21 111575  862  4.2 22324564
      01:22 111575  875  4.2 22325356
      01:23 111575  888  4.2 22326148
      01:24 111575  901  4.2 22326940
      01:25 111575  914  4.2 22327468
      01:26 111575  926  4.2 22328788
      01:27 111575  938  4.2 22329580
      01:28 111575  950  4.2 22330372
      01:29 111575  961  4.2 22331428
      01:30 111575  972  4.2 22331692
      01:31 111575  983  4.2 22333012
      01:32 111575  994  4.2 22333804
      01:33 111575 1004  4.2 22334860
      01:34 111575 1014  4.2 22335124
      01:35 111575 1025  4.2 22335916
      01:36 111575 1034  4.2 22336708
      01:37 111575 1044  4.2 22337236
      01:38 111575 1053  4.2 22338292
      01:39 111575 1063  4.2 22338556
      01:40 111575 1072  4.2 22339084
      01:41 111575 1081  4.2 22339876
      01:43 111575 1079  4.2 22340140
      01:44 111575 1087  4.2 22340404
      01:45 111575 1096  4.2 22341724
      01:46 111575 1104  4.2 22341988
      01:47 111575 1112  4.2 22342516
      01:48 111575 1120  4.2 22342516
      01:49 111575 1128  4.2 22343572
      01:50 111575 1136  4.2 22343572
      01:51 111575 1143  4.2 22344100
      01:52 111575 1150  4.2 22344364
      01:53 111575 1158  4.2 22344628
      01:54 111575 1165  4.2 22344892
      01:55 111575 1172  4.2 22344892
      01:56 111575 1179  4.2 22345156
      01:57 111575 1185  4.2 22345684
      01:58 111575 1192  4.2 22345684
      01:59 111575 1198  4.2 22346212
      02:00 111575 1203  4.2 22346476
      02:01 111575 1206  4.2 22346476
      02:02 111575 1208  4.2 22346476
      02:03 111575 1208  4.2 22346740
      02:04 111575 1204  4.2 22346740
      02:05 111575 1198  4.2 22346924
      02:06 111575 1192  4.2 22347048
      02:07 111575 1186  3.9 21045720
      02:08 111575 1181  3.9 20846604
      02:10 111575 1166  3.9 20805924
      02:11 111575 1159  3.9 20805924
      02:12 111575 1153  3.9 20805924
      02:13 111575 1146  3.9 20805924
      02:14 111575 1140  3.9 20806112
      02:15 111575 1134  3.9 20806384
      02:16 111575 1128  3.9 20806884
      02:17 111575 1122  3.9 20806884
      02:18 111575 1116  3.9 20806884
      02:19 111575 1110  3.9 20806884
      02:20 111575 1104  3.9 20806884
      02:21 111575 1099  3.9 20806884
      02:22 111575 1093  3.9 20806884
      02:23 111575 1088  2.8 15072540
      02:24 111575 1082  1.1 6117924
      02:25 111575 1077  0.0 350816
      02:26 111575 1070  0.3 1630688
      02:27 111575 1064  0.5 2977352
      02:28 111575 1057  0.8 4427768
      02:29 111575 1051  1.1 5924384
      02:30 111575 1044  1.4 7439216
      02:31 111575 1038  1.6 8926604
      02:32 111575 1032  1.9 10462284
      02:33 111575 1026  2.2 11990064
      02:34 111575 1020  2.5 13515720
      02:35 111575 1014  2.7 14322504
      02:36 111575 1008  2.7 14466384
      02:38 111575  996  2.7 14610528
      02:39 111575  991  2.7 14754936
      02:40 111575  985  2.8 14898552
      02:41 111575  980  2.8 15042168
      02:42 111575  974  2.8 15185520
      02:43 111575  969  2.9 15327552
      02:44 111575  963  2.9 15466152
      02:45 111575  958  2.9 15539016
      02:46 111575  953  2.9 15539016
      02:47 111575  948  2.9 15539016
      02:48 111575  943  0.0     0
