      00:29 109987  337  3.4 18281608
      00:30 109987  339  3.4 18426516
      00:31 109987  342  3.5 18568520
      00:32 109987  344  3.5 18713956
      00:33 109987  346  3.5 18855164
      00:34 109987  348  3.5 18995848
      00:35 109987  350  3.6 19136268
      00:36 109987  352  3.6 19276952
      00:37 109987  353  3.6 19419748
      00:38 109987  355  3.7 19566240
      00:40 109987  347  3.7 19711408
      00:41 109987  349  3.7 19852356
      00:42 109987  351  3.7 19993040
      00:43 109987  352  3.8 20133988
      00:44 109987  353  3.8 20279952
      00:45 109987  355  3.8 20426972
      00:46 109987  356  3.8 20568708
      00:47 109987  357  3.9 20709392
      00:48 109987  359  3.9 20850340
      00:49 109987  360  3.9 20992872
      00:50 109987  361  4.0 21125900
      00:51 109987  362  4.0 21248108
      00:52 109987  363  4.0 21376652
      00:53 109987  389  4.0 21497232
      00:54 109987  418  4.0 21625008
      00:55 109987  446  4.1 21794496
      00:56 109987  473  4.1 21958440
      00:57 109987  499  4.1 22138224
      00:58 109987  525  4.2 22312464
      00:59 109987  549  4.2 22495152
      01:00 109987  573  4.2 22656456
      01:01 109987  596  4.3 22821192
      01:02 109987  618  4.3 23035824
      01:03 109987  640  4.4 23236464
      01:04 109987  660  4.4 23409648
      01:06 109987  670  4.4 23592600
      01:07 109987  690  4.5 23788488
      01:08 109987  709  4.5 24000480
      01:09 109987  727  4.5 24233328
      01:10 109987  745  4.6 24457728
      01:11 109987  762  4.6 24683184
      01:12 109987  779  4.7 24903360
      01:13 109987  795  4.7 25127232
      01:14 109987  811  4.8 25358760
      01:15 109987  826  4.8 25625928
      01:16 109987  841  4.9 25894680
      01:17 109987  856  4.9 26135712
      01:18 109987  870  4.9 26363544
      01:19 109987  884  5.0 26633616
      01:20 109987  898  5.1 26922432
      01:21 109987  911  5.1 27184848
      01:22 109987  924  5.2 27459144
      01:23 109987  936  5.2 27732912
      01:24 109987  949  5.3 28011432
      01:25 109987  961  5.3 28296816
      01:26 109987  972  5.4 28588536
      01:27 109987  984  5.4 28877616
      01:28 109987  995  5.5 29159568
      01:29 109987 1006  5.5 29450760
      01:30 109987 1017  5.6 29746976
      01:31 109987 1027  5.6 30005696
      01:33 109987 1026  5.7 30278936
      01:34 109987 1036  5.7 30552440
      01:35 109987 1046  5.8 30872936
      01:36 109987 1056  5.9 31173368
      01:37 109987 1065  5.9 31432088
      01:38 109987 1074  6.0 31693184
      01:39 109987 1083  6.0 31995728
      01:40 109987 1092  6.1 32309624
      01:41 109987 1101  6.1 32599496
      01:42 109987 1109  6.2 32915240
      01:43 109987 1118  6.2 33025592
      01:44 109987 1126  6.2 33025592
      01:45 109987 1134  6.2 33025592
      01:46 109987 1142  6.2 33025592
      01:47 109987 1149  6.2 33025592
      01:48 109987 1157  6.2 33025592
      01:49 109987 1164  6.2 33025592
      01:50 109987 1172  6.2 33025592
      01:51 109987 1179  6.2 33025592
      01:52 109987 1186  6.2 33025592
      01:53 109987 1193  6.2 33025592
      01:54 109987 1200  6.2 33025592
      01:55 109987 1206  6.2 33025592
      01:56 109987 1213  6.2 33025592
      01:57 109987 1219  6.2 33025592
      01:58 109987 1226  6.2 33025592
      02:00 109987 1222  6.2 33025592
      02:01 109987 1228  6.2 33025592
      02:02 109987 1234  6.2 33025592
      02:03 109987 1240  6.2 33025592
      02:04 109987 1246  6.2 33025592
      02:05 109987 1251  6.2 33025592
      02:06 109987 1257  6.2 33025592
      02:07 109987 1263  6.2 33025592
      02:08 109987 1268  6.2 33025592
      02:09 109987 1274  6.2 33025592
      02:10 109987 1279  6.2 33025592
      02:11 109987 1284  6.2 33025592
      02:12 109987 1289  6.2 33025592
      02:13 109987 1294  6.2 33025592
      02:14 109987 1299  6.2 33025592
      02:15 109987 1304  6.2 33025592
      02:16 109987 1309  6.2 33025592
      02:17 109987 1314  6.2 33025592
      02:18 109987 1319  6.2 33025592
      02:19 109987 1323  6.2 33025592
      02:20 109987 1328  6.2 33025592
      02:21 109987 1333  6.2 33025592
      02:22 109987 1337  6.2 33025592
      02:23 109987 1341  6.2 33025600
      02:24 109987 1346  6.2 33025600
      02:25 109987 1350  6.2 33025600
      02:26 109987 1354  6.2 33025600
      02:28 109987 1349  6.2 33025600
      02:29 109987 1353  6.2 33025600
      02:30 109987 1358  6.2 33025600
      02:31 109987 1362  6.2 33025600
      02:32 109987 1366  6.2 33025600
      02:33 109987 1370  6.2 33025600
      02:34 109987 1373  6.2 33025600
      02:35 109987 1377  6.2 33025600
      02:36 109987 1381  6.2 33025600
      02:37 109987 1385  6.2 33025600
      02:38 109987 1388  6.2 33025600
      02:39 109987 1392  6.2 33025600
      02:40 109987 1395  6.2 33025600
      02:41 109987 1399  6.2 33025600
      02:42 109987 1403  6.2 33025600
      02:43 109987 1406  6.2 33025600
      02:44 109987 1409  6.2 33025600
      02:45 109987 1413  6.2 33025600
      02:46 109987 1416  6.2 33025600
      02:47 109987 1419  6.2 33025600
      02:48 109987 1423  6.2 33025600
      02:49 109987 1426  6.2 33025600
      02:50 109987 1429  6.2 33025600
      02:51 109987 1432  6.2 33025600
      02:52 109987 1435  6.2 33025600
      02:53 109987 1438  6.2 33025600
      02:55 109987 1433  6.2 33025600
      02:56 109987 1436  6.2 33025600
      02:57 109987 1439  6.2 33025600
      02:58 109987 1442  6.2 33025600
      02:59 109987 1445  6.2 33025600
      03:00 109987 1448  6.2 33025600
      03:01 109987 1451  6.2 33025600
      03:02 109987 1454  6.2 33025600
      03:03 109987 1457  6.2 33025600
      03:04 109987 1459  6.2 33025600
      03:05 109987 1462  6.2 33025600
      03:06 109987 1465  6.2 33025600
      03:07 109987 1467  6.2 33025600
      03:08 109987 1470  6.2 33025600
      03:09 109987 1473  6.2 33025600
      03:10 109987 1475  6.2 33025600
      03:11 109987 1478  6.2 33025600
      03:12 109987 1480  6.2 33025600
      03:13 109987 1483  6.2 33025600
      03:14 109987 1485  6.2 33025600
      03:15 109987 1488  6.2 33025600
      03:16 109987 1490  6.2 33025600
      03:17 109987 1493  6.2 33025600
      03:18 109987 1495  6.2 33025600
      03:19 109987 1497  6.2 33025600
      03:20 109987 1500  6.2 33025600
      03:21 109987 1502  6.2 33025600
      03:23 109987 1497  6.2 33025600
      03:24 109987 1499  6.2 33025600
      03:25 109987 1501  6.2 33025600
      03:26 109987 1504  6.2 33025600
      03:27 109987 1506  6.2 33025600
      03:28 109987 1508  6.2 33025600
      03:29 109987 1510  6.2 33025600
      03:30 109987 1512  6.2 33025600
      03:31 109987 1515  6.2 33025600
      03:32 109987 1517  6.2 33025600
      03:33 109987 1519  6.2 33025600
      03:34 109987 1521  6.2 33025600
      03:35 109987 1523  6.2 33025600
      03:36 109987 1525  6.2 33025600
      03:37 109987 1527  6.2 33025600
      03:38 109987 1529  6.2 33025600
      03:39 109987 1531  6.2 33025600
      03:40 109987 1533  6.2 33025600
      03:41 109987 1535  6.2 33025600
      03:42 109987 1537  6.2 33025600
      03:43 109987 1539  6.2 33025600
      03:44 109987 1541  6.2 33025600
      03:45 109987 1543  6.2 33025600
      03:46 109987 1544  6.2 33025600
      03:47 109987 1546  6.2 33025600
      03:48 109987 1548  6.2 33025600
      03:49 109987 1550  6.2 33025600
      03:51 109987 1545  6.2 33025600
      03:52 109987 1547  6.2 33025600
      03:53 109987 1549  6.2 33025600
      03:54 109987 1550  6.2 33025600
      03:55 109987 1552  6.2 33025600
      03:56 109987 1554  6.2 33025600
      03:57 109987 1556  6.2 33025600
      03:58 109987 1557  6.2 33025600
      03:59 109987 1559  6.2 33025600
      04:00 109987 1561  6.2 33025600
      04:01 109987 1563  6.2 33025600
      04:02 109987 1564  6.2 33025600
      04:03 109987 1566  6.2 33025600
      04:04 109987 1567  6.2 33025600
      04:05 109987 1569  6.2 33025600
      04:06 109987 1571  6.2 33025600
      04:07 109987 1565  0.0     0
      04:08 109987 1559  0.0     0
