Performing C SOURCE FILE Test CMAKE_HAVE_LIBC_PTHREAD failed with the following output:
Change Dir: /home/zhuxiaoke/project/graph_computing/SICS/MiniGraph/build/CMakeFiles/CMakeTmp

Run Build Command(s):/usr/bin/gmake cmTC_3fc26/fast && /usr/bin/gmake -f CMakeFiles/cmTC_3fc26.dir/build.make CMakeFiles/cmTC_3fc26.dir/build
gmake[1]: Entering directory `/home/zhuxiaoke/project/graph_computing/SICS/MiniGraph/build/CMakeFiles/CMakeTmp'
Building C object CMakeFiles/cmTC_3fc26.dir/src.c.o
/usr/local/bin/cc   -DCMAKE_HAVE_LIBC_PTHREAD   -o CMakeFiles/cmTC_3fc26.dir/src.c.o   -c /home/zhuxiaoke/project/graph_computing/SICS/MiniGraph/build/CMakeFiles/CMakeTmp/src.c
Linking C executable cmTC_3fc26
/usr/local/bin/cmake -E cmake_link_script CMakeFiles/cmTC_3fc26.dir/link.txt --verbose=1
/usr/local/bin/cc  -DCMAKE_HAVE_LIBC_PTHREAD    -rdynamic CMakeFiles/cmTC_3fc26.dir/src.c.o  -o cmTC_3fc26 
CMakeFiles/cmTC_3fc26.dir/src.c.o: In function `main':
src.c:(.text+0x2d): undefined reference to `pthread_create'
src.c:(.text+0x39): undefined reference to `pthread_detach'
src.c:(.text+0x4a): undefined reference to `pthread_join'
src.c:(.text+0x5e): undefined reference to `pthread_atfork'
collect2: error: ld returned 1 exit status
gmake[1]: *** [cmTC_3fc26] Error 1
gmake[1]: Leaving directory `/home/zhuxiaoke/project/graph_computing/SICS/MiniGraph/build/CMakeFiles/CMakeTmp'
gmake: *** [cmTC_3fc26/fast] Error 2


Source file was:
#include <pthread.h>

void* test_func(void* data)
{
  return data;
}

int main(void)
{
  pthread_t thread;
  pthread_create(&thread, NULL, test_func, NULL);
  pthread_detach(thread);
  pthread_join(thread, NULL);
  pthread_atfork(NULL, NULL, NULL);
  pthread_exit(NULL);

  return 0;
}

Determining if the function pthread_create exists in the pthreads failed with the following output:
Change Dir: /home/zhuxiaoke/project/graph_computing/SICS/MiniGraph/build/CMakeFiles/CMakeTmp

Run Build Command(s):/usr/bin/gmake cmTC_eb048/fast && /usr/bin/gmake -f CMakeFiles/cmTC_eb048.dir/build.make CMakeFiles/cmTC_eb048.dir/build
gmake[1]: Entering directory `/home/zhuxiaoke/project/graph_computing/SICS/MiniGraph/build/CMakeFiles/CMakeTmp'
Building C object CMakeFiles/cmTC_eb048.dir/CheckFunctionExists.c.o
/usr/local/bin/cc   -DCHECK_FUNCTION_EXISTS=pthread_create   -o CMakeFiles/cmTC_eb048.dir/CheckFunctionExists.c.o   -c /usr/local/share/cmake-3.16/Modules/CheckFunctionExists.c
Linking C executable cmTC_eb048
/usr/local/bin/cmake -E cmake_link_script CMakeFiles/cmTC_eb048.dir/link.txt --verbose=1
/usr/local/bin/cc  -DCHECK_FUNCTION_EXISTS=pthread_create    -rdynamic CMakeFiles/cmTC_eb048.dir/CheckFunctionExists.c.o  -o cmTC_eb048  -lpthreads 
/usr/bin/ld: cannot find -lpthreads
collect2: error: ld returned 1 exit status
gmake[1]: *** [cmTC_eb048] Error 1
gmake[1]: Leaving directory `/home/zhuxiaoke/project/graph_computing/SICS/MiniGraph/build/CMakeFiles/CMakeTmp'
gmake: *** [cmTC_eb048/fast] Error 2



