The C compiler identification could not be found in "/home/zhuxiaoke/project/graph_computing/MiniGraph/cmake-build-debug-sics-research-/CMakeFiles/3.16.1/CompilerIdC/CMakeCCompilerId.gcno"

The CXX compiler identification could not be found in "/home/zhuxiaoke/project/graph_computing/MiniGraph/cmake-build-debug-sics-research-/CMakeFiles/3.16.1/CompilerIdCXX/CMakeCXXCompilerId.gcno"

Performing C SOURCE FILE Test CMAKE_HAVE_LIBC_PTHREAD failed with the following output:
Change Dir: /home/zhuxiaoke/project/graph_computing/MiniGraph/cmake-build-debug-sics-research-/CMakeFiles/CMakeTmp

Run Build Command(s):/usr/bin/gmake cmTC_2d0c5/fast && /usr/bin/gmake -f CMakeFiles/cmTC_2d0c5.dir/build.make CMakeFiles/cmTC_2d0c5.dir/build
gmake[1]: Entering directory `/home/zhuxiaoke/project/graph_computing/MiniGraph/cmake-build-debug-sics-research-/CMakeFiles/CMakeTmp'
Building C object CMakeFiles/cmTC_2d0c5.dir/src.c.o
/usr/local/bin/cc   --coverage -O0 -DCMAKE_HAVE_LIBC_PTHREAD   -o CMakeFiles/cmTC_2d0c5.dir/src.c.o   -c /home/zhuxiaoke/project/graph_computing/MiniGraph/cmake-build-debug-sics-research-/CMakeFiles/CMakeTmp/src.c
Linking C executable cmTC_2d0c5
/usr/local/bin/cmake -E cmake_link_script CMakeFiles/cmTC_2d0c5.dir/link.txt --verbose=1
/usr/local/bin/cc --coverage -O0 -DCMAKE_HAVE_LIBC_PTHREAD    -rdynamic CMakeFiles/cmTC_2d0c5.dir/src.c.o  -o cmTC_2d0c5 
CMakeFiles/cmTC_2d0c5.dir/src.c.o: In function `main':
src.c:(.text+0x51): undefined reference to `pthread_create'
src.c:(.text+0x6f): undefined reference to `pthread_detach'
src.c:(.text+0x92): undefined reference to `pthread_join'
src.c:(.text+0xb8): undefined reference to `pthread_atfork'
collect2: error: ld returned 1 exit status
gmake[1]: *** [cmTC_2d0c5] Error 1
gmake[1]: Leaving directory `/home/zhuxiaoke/project/graph_computing/MiniGraph/cmake-build-debug-sics-research-/CMakeFiles/CMakeTmp'
gmake: *** [cmTC_2d0c5/fast] Error 2


Source file was:
#include <pthread.h>

void* test_func(void* data)
{
  return data;
}

int main(void)
{
  pthread_t thread;
  pthread_create(&thread, NULL, test_func, NULL);
  pthread_detach(thread);
  pthread_join(thread, NULL);
  pthread_atfork(NULL, NULL, NULL);
  pthread_exit(NULL);

  return 0;
}

Determining if the function pthread_create exists in the pthreads failed with the following output:
Change Dir: /home/zhuxiaoke/project/graph_computing/MiniGraph/cmake-build-debug-sics-research-/CMakeFiles/CMakeTmp

Run Build Command(s):/usr/bin/gmake cmTC_204c2/fast && /usr/bin/gmake -f CMakeFiles/cmTC_204c2.dir/build.make CMakeFiles/cmTC_204c2.dir/build
gmake[1]: Entering directory `/home/zhuxiaoke/project/graph_computing/MiniGraph/cmake-build-debug-sics-research-/CMakeFiles/CMakeTmp'
Building C object CMakeFiles/cmTC_204c2.dir/CheckFunctionExists.c.o
/usr/local/bin/cc   --coverage -O0 -DCHECK_FUNCTION_EXISTS=pthread_create   -o CMakeFiles/cmTC_204c2.dir/CheckFunctionExists.c.o   -c /usr/local/share/cmake-3.16/Modules/CheckFunctionExists.c
Linking C executable cmTC_204c2
/usr/local/bin/cmake -E cmake_link_script CMakeFiles/cmTC_204c2.dir/link.txt --verbose=1
/usr/local/bin/cc --coverage -O0 -DCHECK_FUNCTION_EXISTS=pthread_create    -rdynamic CMakeFiles/cmTC_204c2.dir/CheckFunctionExists.c.o  -o cmTC_204c2  -lpthreads 
/usr/bin/ld: cannot find -lpthreads
collect2: error: ld returned 1 exit status
gmake[1]: *** [cmTC_204c2] Error 1
gmake[1]: Leaving directory `/home/zhuxiaoke/project/graph_computing/MiniGraph/cmake-build-debug-sics-research-/CMakeFiles/CMakeTmp'
gmake: *** [cmTC_204c2/fast] Error 2



